/home/qyd/codes/anaconda3/envs/tdtest/bin/torsiondrive-launch run.in dihedrals.txt -g 15 -e terachem --native_opt --wq_port 50124 -v
Master process started!
1 initial tasks pushed to opt_queue
Scan Status at 0 s
 - - - [0;33m+[0m - - - - - - - - - - - - - - - - - - - -

Launching new job at opt_tmp/gid_-120/1
Find finished jobs: {'opt_tmp/gid_-120/1'}
First energy for grid_id (-120,) = -151.53455525949488
Scan Status at 3 s
 - - [0;33m+[0m [0;36mo[0m [0;33m+[0m - - - - - - - - - - - - - - - - - - -

Launching new job at opt_tmp/gid_-135/1
Launching new job at opt_tmp/gid_-105/1
Find finished jobs: {'opt_tmp/gid_-135/1'}
Find finished jobs: {'opt_tmp/gid_-105/1'}
First energy for grid_id (-105,) = -151.53432561762844
First energy for grid_id (-135,) = -151.53433870010295
Scan Status at 7 s
 - [0;33m+[0m [0;36mo[0m [0;33m+[0m [0;36mo[0m [0;33m+[0m - - - - - - - - - - - - - - - - - -

Launching new job at opt_tmp/gid_-120/2
Launching new job at opt_tmp/gid_-090/1
Launching new job at opt_tmp/gid_-150/1
Launching new job at opt_tmp/gid_-120/3
Find finished jobs: {'opt_tmp/gid_-090/1', 'opt_tmp/gid_-120/2'}
Find finished jobs: {'opt_tmp/gid_-150/1'}
Find finished jobs: {'opt_tmp/gid_-120/3'}
First energy for grid_id (-90,) = -151.53338702826238
First energy for grid_id (-150,) = -151.53392208456472
Scan Status at 16 s
 [0;33m+[0m [0;36mo[0m [0;33m+[0m [0;36mo[0m [0;33m+[0m [0;36mo[0m [0;33m+[0m - - - - - - - - - - - - - - - - -

Launching new job at opt_tmp/gid_-105/2
Launching new job at opt_tmp/gid_-075/1
Launching new job at opt_tmp/gid_-165/1
Launching new job at opt_tmp/gid_-135/2
Find finished jobs: {'opt_tmp/gid_-105/2', 'opt_tmp/gid_-075/1'}
Find finished jobs: {'opt_tmp/gid_-165/1'}
Find finished jobs: {'opt_tmp/gid_-135/2'}
First energy for grid_id (-75,) = -151.5315846834947
First energy for grid_id (-165,) = -151.5335571524341
Scan Status at 25 s
 [0;36mo[0m [0;33m+[0m [0;36mo[0m [0;36mo[0m [0;36mo[0m [0;33m+[0m [0;36mo[0m [0;33m+[0m - - - - - - - - - - - - - - - [0;33m+[0m

Launching new job at opt_tmp/gid_-090/2
Launching new job at opt_tmp/gid_-060/1
Launching new job at opt_tmp/gid_+180/1
Launching new job at opt_tmp/gid_-150/2
Find finished jobs: {'opt_tmp/gid_-090/2', 'opt_tmp/gid_-060/1'}
Find finished jobs: {'opt_tmp/gid_-150/2', 'opt_tmp/gid_+180/1'}
First energy for grid_id (180,) = -151.53341214376658
First energy for grid_id (-60,) = -151.52900987113
Scan Status at 34 s
 [0;33m+[0m [0;36mo[0m [0;36mo[0m [0;36mo[0m [0;36mo[0m [0;36mo[0m [0;33m+[0m [0;36mo[0m [0;33m+[0m - - - - - - - - - - - - - [0;33m+[0m [0;36mo[0m

Launching new job at opt_tmp/gid_+165/1
Launching new job at opt_tmp/gid_-165/2
Launching new job at opt_tmp/gid_-075/2
Launching new job at opt_tmp/gid_-045/1
Find finished jobs: {'opt_tmp/gid_-165/2', 'opt_tmp/gid_+165/1'}
Find finished jobs: {'opt_tmp/gid_-075/2', 'opt_tmp/gid_-045/1'}
First energy for grid_id (165,) = -151.53355695719762
First energy for grid_id (-45,) = -151.52602336716117
Scan Status at 42 s
 [0;36mo[0m [0;36mo[0m [0;36mo[0m [0;36mo[0m [0;36mo[0m [0;36mo[0m [0;36mo[0m [0;33m+[0m [0;36mo[0m [0;33m+[0m - - - - - - - - - - - [0;33m+[0m [0;36mo[0m [0;33m+[0m

Launching new job at opt_tmp/gid_+150/1
Launching new job at opt_tmp/gid_+180/2
Launching new job at opt_tmp/gid_-060/2
Launching new job at opt_tmp/gid_-030/1
Find finished jobs: {'opt_tmp/gid_+180/2'}
Find finished jobs: {'opt_tmp/gid_+150/1'}
Find finished jobs: {'opt_tmp/gid_-060/2'}
Find finished jobs: {'opt_tmp/gid_-030/1'}
First energy for grid_id (150,) = -151.53392221534756
First energy for grid_id (-30,) = -151.52320612314233
Scan Status at 50 s
 [0;36mo[0m [0;36mo[0m [0;36mo[0m [0;36mo[0m [0;36mo[0m [0;36mo[0m [0;36mo[0m [0;36mo[0m [0;33m+[0m [0;36mo[0m [0;33m+[0m - - - - - - - - - [0;33m+[0m [0;36mo[0m [0;33m+[0m [0;36mo[0m

Launching new job at opt_tmp/gid_+135/1
Launching new job at opt_tmp/gid_+165/2
Launching new job at opt_tmp/gid_-045/2
Launching new job at opt_tmp/gid_-015/1
Find finished jobs: {'opt_tmp/gid_+165/2', 'opt_tmp/gid_+135/1'}
Find finished jobs: {'opt_tmp/gid_-015/1'}
Find finished jobs: {'opt_tmp/gid_-045/2'}
First energy for grid_id (135,) = -151.53433989297056
First energy for grid_id (-15,) = -151.52118092435
Scan Status at 60 s
 [0;36mo[0m [0;36mo[0m [0;36mo[0m [0;36mo[0m [0;36mo[0m [0;36mo[0m [0;36mo[0m [0;36mo[0m [0;36mo[0m [0;33m+[0m [0;36mo[0m [0;33m+[0m - - - - - - - [0;33m+[0m [0;36mo[0m [0;33m+[0m [0;36mo[0m [0;36mo[0m

Launching new job at opt_tmp/gid_+120/1
Launching new job at opt_tmp/gid_+150/2
Launching new job at opt_tmp/gid_-030/2
Launching new job at opt_tmp/gid_+000/1
Find finished jobs: {'opt_tmp/gid_+150/2'}
Find finished jobs: {'opt_tmp/gid_+120/1'}
Find finished jobs: {'opt_tmp/gid_+000/1'}
Find finished jobs: {'opt_tmp/gid_-030/2'}
First energy for grid_id (0,) = -151.52043260486542
First energy for grid_id (120,) = -151.53455606488777
Scan Status at 69 s
 [0;36mo[0m [0;36mo[0m [0;36mo[0m [0;36mo[0m [0;36mo[0m [0;36mo[0m [0;36mo[0m [0;36mo[0m [0;36mo[0m [0;36mo[0m [0;33m+[0m [0;36mo[0m [0;33m+[0m - - - - - [0;33m+[0m [0;36mo[0m [0;33m+[0m [0;36mo[0m [0;36mo[0m [0;36mo[0m

Launching new job at opt_tmp/gid_-015/2
Launching new job at opt_tmp/gid_+015/1
Launching new job at opt_tmp/gid_+105/1
Launching new job at opt_tmp/gid_+135/2
Find finished jobs: {'opt_tmp/gid_-015/2'}
Find finished jobs: {'opt_tmp/gid_+015/1'}
Find finished jobs: {'opt_tmp/gid_+105/1'}
Find finished jobs: {'opt_tmp/gid_+135/2'}
First energy for grid_id (15,) = -151.5211605850667
First energy for grid_id (105,) = -151.53432563134578
Scan Status at 78 s
 [0;36mo[0m [0;36mo[0m [0;36mo[0m [0;36mo[0m [0;36mo[0m [0;36mo[0m [0;36mo[0m [0;36mo[0m [0;36mo[0m [0;36mo[0m [0;36mo[0m [0;33m+[0m [0;36mo[0m [0;33m+[0m - - - [0;33m+[0m [0;36mo[0m [0;33m+[0m [0;36mo[0m [0;36mo[0m [0;36mo[0m [0;36mo[0m

Launching new job at opt_tmp/gid_+000/2
Launching new job at opt_tmp/gid_+030/1
Launching new job at opt_tmp/gid_+090/1
Launching new job at opt_tmp/gid_+120/2
Find finished jobs: {'opt_tmp/gid_+000/2'}
Find finished jobs: {'opt_tmp/gid_+030/1'}
Find finished jobs: {'opt_tmp/gid_+090/1'}
Find finished jobs: {'opt_tmp/gid_+120/2'}
First energy for grid_id (30,) = -151.52318823127715
First energy for grid_id (90,) = -151.53338865211214
Scan Status at 87 s
 [0;36mo[0m [0;36mo[0m [0;36mo[0m [0;36mo[0m [0;36mo[0m [0;36mo[0m [0;36mo[0m [0;36mo[0m [0;36mo[0m [0;36mo[0m [0;36mo[0m [0;36mo[0m [0;33m+[0m [0;36mo[0m [0;33m+[0m - [0;33m+[0m [0;36mo[0m [0;33m+[0m [0;36mo[0m [0;36mo[0m [0;36mo[0m [0;36mo[0m [0;36mo[0m

Launching new job at opt_tmp/gid_+015/2
Launching new job at opt_tmp/gid_+045/1
Launching new job at opt_tmp/gid_+075/1
Launching new job at opt_tmp/gid_+105/2
Find finished jobs: {'opt_tmp/gid_+015/2'}
Find finished jobs: {'opt_tmp/gid_+045/1'}
Find finished jobs: {'opt_tmp/gid_+075/1'}
Find finished jobs: {'opt_tmp/gid_+105/2'}
First energy for grid_id (45,) = -151.52602273442363
First energy for grid_id (75,) = -151.53158392202133
Scan Status at 96 s
 [0;36mo[0m [0;36mo[0m [0;36mo[0m [0;36mo[0m [0;36mo[0m [0;36mo[0m [0;36mo[0m [0;36mo[0m [0;36mo[0m [0;36mo[0m [0;36mo[0m [0;36mo[0m [0;36mo[0m [0;33m+[0m [0;36mo[0m [0;33m+[0m [0;36mo[0m [0;33m+[0m [0;36mo[0m [0;36mo[0m [0;36mo[0m [0;36mo[0m [0;36mo[0m [0;36mo[0m

Launching new job at opt_tmp/gid_+030/2
Launching new job at opt_tmp/gid_+060/1
Launching new job at opt_tmp/gid_+060/2
Launching new job at opt_tmp/gid_+090/2
Find finished jobs: {'opt_tmp/gid_+060/1'}
Find finished jobs: {'opt_tmp/gid_+030/2'}
Find finished jobs: {'opt_tmp/gid_+060/2'}
Find finished jobs: {'opt_tmp/gid_+090/2'}
First energy for grid_id (60,) = -151.5290132499031
Scan Status at 105 s
 [0;36mo[0m [0;36mo[0m [0;36mo[0m [0;36mo[0m [0;36mo[0m [0;36mo[0m [0;36mo[0m [0;36mo[0m [0;36mo[0m [0;36mo[0m [0;36mo[0m [0;36mo[0m [0;36mo[0m [0;36mo[0m [0;33m+[0m [0;36mo[0m [0;33m+[0m [0;36mo[0m [0;36mo[0m [0;36mo[0m [0;36mo[0m [0;36mo[0m [0;36mo[0m [0;36mo[0m

Launching new job at opt_tmp/gid_+045/2
Launching new job at opt_tmp/gid_+075/2
Find finished jobs: {'opt_tmp/gid_+075/2', 'opt_tmp/gid_+045/2'}
All optimizations converged at lowest energy. Job Finished!
Final scan energies are written to qdata.txt
Final scan energies are written to scan.xyz
Dihedral scan is finished!
 Grid ID                Energy
  (-165,)              -151.5335571524
  (-150,)              -151.5339220846
  (-135,)              -151.5343387001
  (-120,)              -151.5345552595
  (-105,)              -151.5343256176
  (-90,)               -151.5333870283
  (-75,)               -151.5315846835
  (-60,)               -151.5290098711
  (-45,)               -151.5260233672
  (-30,)               -151.5232061231
  (-15,)               -151.5211809244
  (0,)                 -151.5204326049
  (15,)                -151.5211605851
  (30,)                -151.5231882313
  (45,)                -151.5260227344
  (60,)                -151.5290132499
  (75,)                -151.5315839220
  (90,)                -151.5333886521
  (105,)               -151.5343256313
  (120,)               -151.5345560649
  (135,)               -151.5343398930
  (150,)               -151.5339222153
  (165,)               -151.5335569572
  (180,)               -151.5334121438
