/home/qyd/codes/anaconda3/envs/geometric/bin/torsiondrive-launch run.in dihedrals.txt -g 15 -e terachem --wq_port 50124 -v
Master process started!
1 initial tasks pushed to opt_queue
Scan Status at 0 s
 - - - [0;33m+[0m - - - - - - - - - - - - - - - - - - - -

Launching new job at opt_tmp/gid_-120/1
Find finished jobs: {'opt_tmp/gid_-120/1'}
First energy for grid_id (-120,) = -151.534555
Scan Status at 48 s
 - - [0;33m+[0m [0;36mo[0m [0;33m+[0m - - - - - - - - - - - - - - - - - - -

Launching new job at opt_tmp/gid_-135/1
Launching new job at opt_tmp/gid_-105/1
Find finished jobs: {'opt_tmp/gid_-135/1'}
Find finished jobs: {'opt_tmp/gid_-105/1'}
First energy for grid_id (-105,) = -151.534326
First energy for grid_id (-135,) = -151.534338
Scan Status at 62 s
 - [0;33m+[0m [0;36mo[0m [0;33m+[0m [0;36mo[0m [0;33m+[0m - - - - - - - - - - - - - - - - - -

Launching new job at opt_tmp/gid_-120/2
Launching new job at opt_tmp/gid_-090/1
Launching new job at opt_tmp/gid_-150/1
Launching new job at opt_tmp/gid_-120/3
Find finished jobs: {'opt_tmp/gid_-090/1'}
Find finished jobs: {'opt_tmp/gid_-150/1'}
Find finished jobs: {'opt_tmp/gid_-120/3'}
Find finished jobs: {'opt_tmp/gid_-120/2'}
First energy for grid_id (-90,) = -151.533387
First energy for grid_id (-150,) = -151.533922
Scan Status at 93 s
 [0;33m+[0m [0;36mo[0m [0;33m+[0m [0;36mo[0m [0;33m+[0m [0;36mo[0m [0;33m+[0m - - - - - - - - - - - - - - - - -

Launching new job at opt_tmp/gid_-105/2
Launching new job at opt_tmp/gid_-075/1
Launching new job at opt_tmp/gid_-165/1
Launching new job at opt_tmp/gid_-135/2
Find finished jobs: {'opt_tmp/gid_-165/1'}
Find finished jobs: {'opt_tmp/gid_-105/2'}
Find finished jobs: {'opt_tmp/gid_-135/2'}
Find finished jobs: {'opt_tmp/gid_-075/1'}
First energy for grid_id (-75,) = -151.531585
First energy for grid_id (-165,) = -151.533557
Scan Status at 124 s
 [0;36mo[0m [0;33m+[0m [0;36mo[0m [0;36mo[0m [0;36mo[0m [0;33m+[0m [0;36mo[0m [0;33m+[0m - - - - - - - - - - - - - - - [0;33m+[0m

Launching new job at opt_tmp/gid_-090/2
Launching new job at opt_tmp/gid_-060/1
Launching new job at opt_tmp/gid_+180/1
Launching new job at opt_tmp/gid_-150/2
Find finished jobs: {'opt_tmp/gid_-060/1'}
Find finished jobs: {'opt_tmp/gid_-090/2'}
Find finished jobs: {'opt_tmp/gid_-150/2'}
Find finished jobs: {'opt_tmp/gid_+180/1'}
First energy for grid_id (180,) = -151.533412
First energy for grid_id (-60,) = -151.529010
Scan Status at 152 s
 [0;33m+[0m [0;36mo[0m [0;36mo[0m [0;36mo[0m [0;36mo[0m [0;36mo[0m [0;33m+[0m [0;36mo[0m [0;33m+[0m - - - - - - - - - - - - - [0;33m+[0m [0;36mo[0m

Launching new job at opt_tmp/gid_+165/1
Launching new job at opt_tmp/gid_-165/2
Launching new job at opt_tmp/gid_-075/2
Launching new job at opt_tmp/gid_-045/1
Find finished jobs: {'opt_tmp/gid_+165/1'}
Find finished jobs: {'opt_tmp/gid_-045/1'}
Find finished jobs: {'opt_tmp/gid_-165/2'}
Find finished jobs: {'opt_tmp/gid_-075/2'}
First energy for grid_id (165,) = -151.533557
First energy for grid_id (-45,) = -151.526023
Scan Status at 176 s
 [0;36mo[0m [0;36mo[0m [0;36mo[0m [0;36mo[0m [0;36mo[0m [0;36mo[0m [0;36mo[0m [0;33m+[0m [0;36mo[0m [0;33m+[0m - - - - - - - - - - - [0;33m+[0m [0;36mo[0m [0;33m+[0m

Launching new job at opt_tmp/gid_+150/1
Launching new job at opt_tmp/gid_+180/2
Launching new job at opt_tmp/gid_-060/2
Launching new job at opt_tmp/gid_-030/1
Find finished jobs: {'opt_tmp/gid_-060/2'}
Find finished jobs: {'opt_tmp/gid_+180/2'}
Find finished jobs: {'opt_tmp/gid_+150/1'}
Find finished jobs: {'opt_tmp/gid_-030/1'}
First energy for grid_id (150,) = -151.533922
First energy for grid_id (-30,) = -151.523205
Scan Status at 207 s
 [0;36mo[0m [0;36mo[0m [0;36mo[0m [0;36mo[0m [0;36mo[0m [0;36mo[0m [0;36mo[0m [0;36mo[0m [0;33m+[0m [0;36mo[0m [0;33m+[0m - - - - - - - - - [0;33m+[0m [0;36mo[0m [0;33m+[0m [0;36mo[0m

Launching new job at opt_tmp/gid_+135/1
Launching new job at opt_tmp/gid_+165/2
Launching new job at opt_tmp/gid_-045/2
Launching new job at opt_tmp/gid_-015/1
Find finished jobs: {'opt_tmp/gid_-045/2'}
Find finished jobs: {'opt_tmp/gid_-015/1'}
Find finished jobs: {'opt_tmp/gid_+165/2'}
Find finished jobs: {'opt_tmp/gid_+135/1'}
First energy for grid_id (135,) = -151.534339
First energy for grid_id (-15,) = -151.521181
Scan Status at 237 s
 [0;36mo[0m [0;36mo[0m [0;36mo[0m [0;36mo[0m [0;36mo[0m [0;36mo[0m [0;36mo[0m [0;36mo[0m [0;36mo[0m [0;33m+[0m [0;36mo[0m [0;33m+[0m - - - - - - - [0;33m+[0m [0;36mo[0m [0;33m+[0m [0;36mo[0m [0;36mo[0m

Launching new job at opt_tmp/gid_+120/1
Launching new job at opt_tmp/gid_+150/2
Launching new job at opt_tmp/gid_-030/2
Launching new job at opt_tmp/gid_+000/1
Find finished jobs: {'opt_tmp/gid_-030/2'}
Find finished jobs: {'opt_tmp/gid_+000/1'}
Find finished jobs: {'opt_tmp/gid_+120/1'}
Find finished jobs: {'opt_tmp/gid_+150/2'}
First energy for grid_id (0,) = -151.520433
First energy for grid_id (120,) = -151.534556
Scan Status at 268 s
 [0;36mo[0m [0;36mo[0m [0;36mo[0m [0;36mo[0m [0;36mo[0m [0;36mo[0m [0;36mo[0m [0;36mo[0m [0;36mo[0m [0;36mo[0m [0;33m+[0m [0;36mo[0m [0;33m+[0m - - - - - [0;33m+[0m [0;36mo[0m [0;33m+[0m [0;36mo[0m [0;36mo[0m [0;36mo[0m

Launching new job at opt_tmp/gid_-015/2
Launching new job at opt_tmp/gid_+015/1
Launching new job at opt_tmp/gid_+105/1
Launching new job at opt_tmp/gid_+135/2
Find finished jobs: {'opt_tmp/gid_-015/2'}
Find finished jobs: {'opt_tmp/gid_+105/1'}
Find finished jobs: {'opt_tmp/gid_+015/1'}
Find finished jobs: {'opt_tmp/gid_+135/2'}
First energy for grid_id (15,) = -151.521161
First energy for grid_id (105,) = -151.534326
Scan Status at 300 s
 [0;36mo[0m [0;36mo[0m [0;36mo[0m [0;36mo[0m [0;36mo[0m [0;36mo[0m [0;36mo[0m [0;36mo[0m [0;36mo[0m [0;36mo[0m [0;36mo[0m [0;33m+[0m [0;36mo[0m [0;33m+[0m - - - [0;33m+[0m [0;36mo[0m [0;33m+[0m [0;36mo[0m [0;36mo[0m [0;36mo[0m [0;36mo[0m

Launching new job at opt_tmp/gid_+000/2
Launching new job at opt_tmp/gid_+030/1
Launching new job at opt_tmp/gid_+090/1
Launching new job at opt_tmp/gid_+120/2
Find finished jobs: {'opt_tmp/gid_+030/1'}
Find finished jobs: {'opt_tmp/gid_+120/2'}
Find finished jobs: {'opt_tmp/gid_+090/1'}
Find finished jobs: {'opt_tmp/gid_+000/2'}
First energy for grid_id (30,) = -151.523188
First energy for grid_id (90,) = -151.533388
Scan Status at 332 s
 [0;36mo[0m [0;36mo[0m [0;36mo[0m [0;36mo[0m [0;36mo[0m [0;36mo[0m [0;36mo[0m [0;36mo[0m [0;36mo[0m [0;36mo[0m [0;36mo[0m [0;36mo[0m [0;33m+[0m [0;36mo[0m [0;33m+[0m - [0;33m+[0m [0;36mo[0m [0;33m+[0m [0;36mo[0m [0;36mo[0m [0;36mo[0m [0;36mo[0m [0;36mo[0m

Launching new job at opt_tmp/gid_+015/2
Launching new job at opt_tmp/gid_+045/1
Launching new job at opt_tmp/gid_+075/1
Launching new job at opt_tmp/gid_+105/2
Find finished jobs: {'opt_tmp/gid_+075/1'}
Find finished jobs: {'opt_tmp/gid_+015/2'}
Find finished jobs: {'opt_tmp/gid_+045/1'}
Find finished jobs: {'opt_tmp/gid_+105/2'}
First energy for grid_id (45,) = -151.526022
First energy for grid_id (75,) = -151.531584
Scan Status at 364 s
 [0;36mo[0m [0;36mo[0m [0;36mo[0m [0;36mo[0m [0;36mo[0m [0;36mo[0m [0;36mo[0m [0;36mo[0m [0;36mo[0m [0;36mo[0m [0;36mo[0m [0;36mo[0m [0;36mo[0m [0;33m+[0m [0;36mo[0m [0;33m+[0m [0;36mo[0m [0;33m+[0m [0;36mo[0m [0;36mo[0m [0;36mo[0m [0;36mo[0m [0;36mo[0m [0;36mo[0m

Launching new job at opt_tmp/gid_+030/2
Launching new job at opt_tmp/gid_+060/1
Launching new job at opt_tmp/gid_+060/2
Launching new job at opt_tmp/gid_+090/2
Find finished jobs: {'opt_tmp/gid_+030/2'}
Find finished jobs: {'opt_tmp/gid_+060/2'}
Find finished jobs: {'opt_tmp/gid_+060/1'}
Find finished jobs: {'opt_tmp/gid_+090/2'}
First energy for grid_id (60,) = -151.529013
Scan Status at 395 s
 [0;36mo[0m [0;36mo[0m [0;36mo[0m [0;36mo[0m [0;36mo[0m [0;36mo[0m [0;36mo[0m [0;36mo[0m [0;36mo[0m [0;36mo[0m [0;36mo[0m [0;36mo[0m [0;36mo[0m [0;36mo[0m [0;33m+[0m [0;36mo[0m [0;33m+[0m [0;36mo[0m [0;36mo[0m [0;36mo[0m [0;36mo[0m [0;36mo[0m [0;36mo[0m [0;36mo[0m

Launching new job at opt_tmp/gid_+045/2
Launching new job at opt_tmp/gid_+075/2
Find finished jobs: {'opt_tmp/gid_+045/2'}
Find finished jobs: {'opt_tmp/gid_+075/2'}
All optimizations converged at lowest energy. Job Finished!
Final scan energies are written to qdata.txt
Final scan energies are written to scan.xyz
Dihedral scan is finished!
 Grid ID                Energy
  (-165,)              -151.5335570559
  (-150,)              -151.5339219302
  (-135,)              -151.5343383324
  (-120,)              -151.5345548858
  (-105,)              -151.5343257381
  (-90,)               -151.5333872166
  (-75,)               -151.5315851065
  (-60,)               -151.5290103478
  (-45,)               -151.5260227457
  (-30,)               -151.5232054313
  (-15,)               -151.5211807438
  (0,)                 -151.5204332140
  (15,)                -151.5211607042
  (30,)                -151.5231875148
  (45,)                -151.5260221713
  (60,)                -151.5290132497
  (75,)                -151.5315844599
  (90,)                -151.5333883771
  (105,)               -151.5343258515
  (120,)               -151.5345561248
  (135,)               -151.5343391745
  (150,)               -151.5339219420
  (165,)               -151.5335570947
  (180,)               -151.5334116976
