/home/qyd/codes/anaconda3/envs/test_td/bin/torsiondrive-launch input.dat dihedrals.txt -g 15 -e psi4 -v
Master process started!
1 initial tasks pushed to opt_queue
Scan Status at 0 s
 - - - [0;33m+[0m - - - - - - - - - - - - - - - - - - - -

Launching new job at opt_tmp/gid_-120/1
Find finished jobs: {'opt_tmp/gid_-120/1'}
First energy for grid_id (-120,) = -151.174773
Scan Status at 3 s
 - - [0;33m+[0m [0;36mo[0m [0;33m+[0m - - - - - - - - - - - - - - - - - - -

Launching new job at opt_tmp/gid_-135/1
Launching new job at opt_tmp/gid_-105/1
Find finished jobs: {'opt_tmp/gid_-135/1', 'opt_tmp/gid_-105/1'}
First energy for grid_id (-105,) = -151.174559
First energy for grid_id (-135,) = -151.174553
Scan Status at 12 s
 - [0;33m+[0m [0;36mo[0m [0;33m+[0m [0;36mo[0m [0;33m+[0m - - - - - - - - - - - - - - - - - -

Launching new job at opt_tmp/gid_-120/2
Launching new job at opt_tmp/gid_-090/1
Launching new job at opt_tmp/gid_-150/1
Launching new job at opt_tmp/gid_-120/3
Find finished jobs: {'opt_tmp/gid_-090/1', 'opt_tmp/gid_-120/3', 'opt_tmp/gid_-120/2', 'opt_tmp/gid_-150/1'}
First energy for grid_id (-90,) = -151.173674
First energy for grid_id (-150,) = -151.174164
Scan Status at 30 s
 [0;33m+[0m [0;36mo[0m [0;33m+[0m [0;36mo[0m [0;33m+[0m [0;36mo[0m [0;33m+[0m - - - - - - - - - - - - - - - - -

Launching new job at opt_tmp/gid_-105/2
Launching new job at opt_tmp/gid_-075/1
Launching new job at opt_tmp/gid_-165/1
Launching new job at opt_tmp/gid_-135/2
Find finished jobs: {'opt_tmp/gid_-165/1', 'opt_tmp/gid_-075/1', 'opt_tmp/gid_-105/2', 'opt_tmp/gid_-135/2'}
First energy for grid_id (-75,) = -151.171999
First energy for grid_id (-165,) = -151.173833
Scan Status at 48 s
 [0;36mo[0m [0;33m+[0m [0;36mo[0m [0;36mo[0m [0;36mo[0m [0;33m+[0m [0;36mo[0m [0;33m+[0m - - - - - - - - - - - - - - - [0;33m+[0m

Launching new job at opt_tmp/gid_-090/2
Launching new job at opt_tmp/gid_-060/1
Launching new job at opt_tmp/gid_+180/1
Launching new job at opt_tmp/gid_-150/2
Find finished jobs: {'opt_tmp/gid_-090/2', 'opt_tmp/gid_-150/2', 'opt_tmp/gid_+180/1', 'opt_tmp/gid_-060/1'}
First energy for grid_id (180,) = -151.173706
First energy for grid_id (-60,) = -151.169621
Scan Status at 65 s
 [0;33m+[0m [0;36mo[0m [0;36mo[0m [0;36mo[0m [0;36mo[0m [0;36mo[0m [0;33m+[0m [0;36mo[0m [0;33m+[0m - - - - - - - - - - - - - [0;33m+[0m [0;36mo[0m

Launching new job at opt_tmp/gid_+165/1
Launching new job at opt_tmp/gid_-165/2
Launching new job at opt_tmp/gid_-075/2
Launching new job at opt_tmp/gid_-045/1
Find finished jobs: {'opt_tmp/gid_-165/2', 'opt_tmp/gid_-045/1', 'opt_tmp/gid_+165/1', 'opt_tmp/gid_-075/2'}
First energy for grid_id (165,) = -151.173833
First energy for grid_id (-45,) = -151.166861
Scan Status at 80 s
 [0;36mo[0m [0;36mo[0m [0;36mo[0m [0;36mo[0m [0;36mo[0m [0;36mo[0m [0;36mo[0m [0;33m+[0m [0;36mo[0m [0;33m+[0m - - - - - - - - - - - [0;33m+[0m [0;36mo[0m [0;33m+[0m

Launching new job at opt_tmp/gid_+150/1
Launching new job at opt_tmp/gid_+180/2
Launching new job at opt_tmp/gid_-060/2
Launching new job at opt_tmp/gid_-030/1
Find finished jobs: {'opt_tmp/gid_-060/2', 'opt_tmp/gid_+150/1', 'opt_tmp/gid_-030/1', 'opt_tmp/gid_+180/2'}
First energy for grid_id (150,) = -151.174164
First energy for grid_id (-30,) = -151.164244
Scan Status at 97 s
 [0;36mo[0m [0;36mo[0m [0;36mo[0m [0;36mo[0m [0;36mo[0m [0;36mo[0m [0;36mo[0m [0;36mo[0m [0;33m+[0m [0;36mo[0m [0;33m+[0m - - - - - - - - - [0;33m+[0m [0;36mo[0m [0;33m+[0m [0;36mo[0m

Launching new job at opt_tmp/gid_+135/1
Launching new job at opt_tmp/gid_+165/2
Launching new job at opt_tmp/gid_-045/2
Launching new job at opt_tmp/gid_-015/1
Find finished jobs: {'opt_tmp/gid_+165/2', 'opt_tmp/gid_+135/1', 'opt_tmp/gid_-045/2', 'opt_tmp/gid_-015/1'}
First energy for grid_id (135,) = -151.174553
First energy for grid_id (-15,) = -151.162362
Scan Status at 114 s
 [0;36mo[0m [0;36mo[0m [0;36mo[0m [0;36mo[0m [0;36mo[0m [0;36mo[0m [0;36mo[0m [0;36mo[0m [0;36mo[0m [0;33m+[0m [0;36mo[0m [0;33m+[0m - - - - - - - [0;33m+[0m [0;36mo[0m [0;33m+[0m [0;36mo[0m [0;36mo[0m

Launching new job at opt_tmp/gid_+120/1
Launching new job at opt_tmp/gid_+150/2
Launching new job at opt_tmp/gid_-030/2
Launching new job at opt_tmp/gid_+000/1
Find finished jobs: {'opt_tmp/gid_+150/2', 'opt_tmp/gid_+000/1', 'opt_tmp/gid_-030/2', 'opt_tmp/gid_+120/1'}
First energy for grid_id (0,) = -151.161676
First energy for grid_id (120,) = -151.174773
Scan Status at 132 s
 [0;36mo[0m [0;36mo[0m [0;36mo[0m [0;36mo[0m [0;36mo[0m [0;36mo[0m [0;36mo[0m [0;36mo[0m [0;36mo[0m [0;36mo[0m [0;33m+[0m [0;36mo[0m [0;33m+[0m - - - - - [0;33m+[0m [0;36mo[0m [0;33m+[0m [0;36mo[0m [0;36mo[0m [0;36mo[0m

Launching new job at opt_tmp/gid_-015/2
Launching new job at opt_tmp/gid_+015/1
Launching new job at opt_tmp/gid_+105/1
Launching new job at opt_tmp/gid_+135/2
Find finished jobs: {'opt_tmp/gid_+135/2', 'opt_tmp/gid_+105/1', 'opt_tmp/gid_-015/2', 'opt_tmp/gid_+015/1'}
First energy for grid_id (15,) = -151.162362
First energy for grid_id (105,) = -151.174559
Scan Status at 151 s
 [0;36mo[0m [0;36mo[0m [0;36mo[0m [0;36mo[0m [0;36mo[0m [0;36mo[0m [0;36mo[0m [0;36mo[0m [0;36mo[0m [0;36mo[0m [0;36mo[0m [0;33m+[0m [0;36mo[0m [0;33m+[0m - - - [0;33m+[0m [0;36mo[0m [0;33m+[0m [0;36mo[0m [0;36mo[0m [0;36mo[0m [0;36mo[0m

Launching new job at opt_tmp/gid_+000/2
Launching new job at opt_tmp/gid_+030/1
Launching new job at opt_tmp/gid_+090/1
Launching new job at opt_tmp/gid_+120/2
Find finished jobs: {'opt_tmp/gid_+030/1', 'opt_tmp/gid_+120/2', 'opt_tmp/gid_+000/2', 'opt_tmp/gid_+090/1'}
First energy for grid_id (30,) = -151.164244
First energy for grid_id (90,) = -151.173674
Scan Status at 170 s
 [0;36mo[0m [0;36mo[0m [0;36mo[0m [0;36mo[0m [0;36mo[0m [0;36mo[0m [0;36mo[0m [0;36mo[0m [0;36mo[0m [0;36mo[0m [0;36mo[0m [0;36mo[0m [0;33m+[0m [0;36mo[0m [0;33m+[0m - [0;33m+[0m [0;36mo[0m [0;33m+[0m [0;36mo[0m [0;36mo[0m [0;36mo[0m [0;36mo[0m [0;36mo[0m

Launching new job at opt_tmp/gid_+015/2
Launching new job at opt_tmp/gid_+045/1
Launching new job at opt_tmp/gid_+075/1
Launching new job at opt_tmp/gid_+105/2
Find finished jobs: {'opt_tmp/gid_+015/2', 'opt_tmp/gid_+105/2', 'opt_tmp/gid_+075/1', 'opt_tmp/gid_+045/1'}
First energy for grid_id (45,) = -151.166861
First energy for grid_id (75,) = -151.171999
Scan Status at 190 s
 [0;36mo[0m [0;36mo[0m [0;36mo[0m [0;36mo[0m [0;36mo[0m [0;36mo[0m [0;36mo[0m [0;36mo[0m [0;36mo[0m [0;36mo[0m [0;36mo[0m [0;36mo[0m [0;36mo[0m [0;33m+[0m [0;36mo[0m [0;33m+[0m [0;36mo[0m [0;33m+[0m [0;36mo[0m [0;36mo[0m [0;36mo[0m [0;36mo[0m [0;36mo[0m [0;36mo[0m

Launching new job at opt_tmp/gid_+030/2
Launching new job at opt_tmp/gid_+060/1
Launching new job at opt_tmp/gid_+060/2
Launching new job at opt_tmp/gid_+090/2
Find finished jobs: {'opt_tmp/gid_+090/2', 'opt_tmp/gid_+060/2', 'opt_tmp/gid_+060/1', 'opt_tmp/gid_+030/2'}
First energy for grid_id (60,) = -151.169621
Scan Status at 208 s
 [0;36mo[0m [0;36mo[0m [0;36mo[0m [0;36mo[0m [0;36mo[0m [0;36mo[0m [0;36mo[0m [0;36mo[0m [0;36mo[0m [0;36mo[0m [0;36mo[0m [0;36mo[0m [0;36mo[0m [0;36mo[0m [0;33m+[0m [0;36mo[0m [0;33m+[0m [0;36mo[0m [0;36mo[0m [0;36mo[0m [0;36mo[0m [0;36mo[0m [0;36mo[0m [0;36mo[0m

Launching new job at opt_tmp/gid_+045/2
Launching new job at opt_tmp/gid_+075/2
Find finished jobs: {'opt_tmp/gid_+075/2', 'opt_tmp/gid_+045/2'}
All optimizations converged at lowest energy. Job Finished!
Final scan energies are written to qdata.txt
Final scan energies are written to scan.xyz
Dihedral scan is finished!
 Grid ID                Energy
  (-165,)              -151.1738334672
  (-150,)              -151.1741642981
  (-135,)              -151.1745526783
  (-120,)              -151.1747726301
  (-105,)              -151.1745588062
  (-90,)               -151.1736735546
  (-75,)               -151.1719992943
  (-60,)               -151.1696205940
  (-45,)               -151.1668609162
  (-30,)               -151.1642444389
  (-15,)               -151.1623618422
  (0,)                 -151.1616761705
  (15,)                -151.1623618444
  (30,)                -151.1642444390
  (45,)                -151.1668609129
  (60,)                -151.1696206010
  (75,)                -151.1719993159
  (90,)                -151.1736735551
  (105,)               -151.1745588064
  (120,)               -151.1747727120
  (135,)               -151.1745525265
  (150,)               -151.1741644455
  (165,)               -151.1738333836
  (180,)               -151.1737061350
