/home/qyd/codes/anaconda3/envs/tdtest/bin/torsiondrive-launch input.dat dihedrals.txt -g 15 30 -e psi4 -v --wq_port 50124
Dihedral scan initialized with range limit [[-150, 90], [-120, 120]]
Master process started!
1 initial tasks pushed to opt_queue
Scan Status at 0 s
--== Ramachandran Plot of Optimization Status ==--
--== Blue: Optimized, Green: Found Lower, Red: Next ==--
    -165  -120   -75   -30    15    60   105   150
 180                                                 
 150                                                 
 120                                                 
  90                                                 
  60                                                 
  30                                                 
   0                                                 
 -30                       [1;41m><[0m                        
 -60                                                 
 -90                                                 
-120                                                 
-150                                                 

Launching new job at opt_tmp/gid_+000_-030/1
Find finished jobs: {'opt_tmp/gid_+000_-030/1'}
First energy for grid_id (0, -30) = -194.2856947267
Scan Status at 101 s
--== Ramachandran Plot of Optimization Status ==--
--== Blue: Optimized, Green: Found Lower, Red: Next ==--
    -165  -120   -75   -30    15    60   105   150
 180                                                 
 150                                                 
 120                                                 
  90                                                 
  60                                                 
  30                                                 
   0                       [1;41m/\[0m                        
 -30                     [1;41m＜[0m[44m--[0m[1;41m＞[0m                      
 -60                       [1;41m\/[0m                        
 -90                                                 
-120                                                 
-150                                                 

Launching new job at opt_tmp/gid_-015_-030/1
Launching new job at opt_tmp/gid_+015_-030/1
Launching new job at opt_tmp/gid_+000_-060/1
Launching new job at opt_tmp/gid_+000_+000/1
Find finished jobs: {'opt_tmp/gid_+000_-060/1'}
Find finished jobs: {'opt_tmp/gid_+000_+000/1'}
Find finished jobs: {'opt_tmp/gid_-015_-030/1'}
Find finished jobs: {'opt_tmp/gid_+015_-030/1'}
First energy for grid_id (0, 0) = -194.28408431
First energy for grid_id (0, -60) = -194.2876298845
First energy for grid_id (15, -30) = -194.2865570609
First energy for grid_id (-15, -30) = -194.2868011192
Scan Status at 246 s
--== Ramachandran Plot of Optimization Status ==--
--== Blue: Optimized, Green: Found Lower, Red: Next ==--
    -165  -120   -75   -30    15    60   105   150
 180                                                 
 150                                                 
 120                                                 
  90                                                 
  60                                                 
  30                       [1;41m/\[0m                        
   0                     [41m／[0m[44m--[0m[41m＼[0m                      
 -30                   [1;41m＜[0m[44m--[0m[1;41m><[0m[44m--[0m[1;41m＞[0m                    
 -60                     [41m＼[0m[44m--[0m[41m／[0m                      
 -90                       [1;41m\/[0m                        
-120                                                 
-150                                                 

Launching new job at opt_tmp/gid_-015_+000/1
Launching new job at opt_tmp/gid_+015_+000/1
Launching new job at opt_tmp/gid_+000_-030/2
Launching new job at opt_tmp/gid_+000_+030/1
Launching new job at opt_tmp/gid_-015_-060/1
Launching new job at opt_tmp/gid_+015_-060/1
Launching new job at opt_tmp/gid_+000_-090/1
Launching new job at opt_tmp/gid_+000_-030/3
Launching new job at opt_tmp/gid_+000_-030/4
Launching new job at opt_tmp/gid_+030_-030/1
Launching new job at opt_tmp/gid_+015_-060/2
Launching new job at opt_tmp/gid_+015_+000/2
Launching new job at opt_tmp/gid_-030_-030/1
Launching new job at opt_tmp/gid_+000_-030/5
Launching new job at opt_tmp/gid_-015_-060/2
Launching new job at opt_tmp/gid_-015_+000/2
Find finished jobs: {'opt_tmp/gid_+000_-030/3'}
Find finished jobs: {'opt_tmp/gid_-015_+000/2'}
Find finished jobs: {'opt_tmp/gid_-030_-030/1'}
Find finished jobs: {'opt_tmp/gid_+015_+000/2', 'opt_tmp/gid_+000_-090/1'}
Find finished jobs: {'opt_tmp/gid_+015_-060/2', 'opt_tmp/gid_-015_-060/1'}
Find finished jobs: {'opt_tmp/gid_+015_-060/1', 'opt_tmp/gid_-015_-060/2'}
Find finished jobs: {'opt_tmp/gid_+000_+030/1', 'opt_tmp/gid_+000_-030/2'}
Find finished jobs: {'opt_tmp/gid_+000_-030/5'}
Find finished jobs: {'opt_tmp/gid_+030_-030/1'}
Find finished jobs: {'opt_tmp/gid_-015_+000/1', 'opt_tmp/gid_+015_+000/1'}
Find finished jobs: {'opt_tmp/gid_+000_-030/4'}
First energy for grid_id (0, 30) = -194.2856955869
First energy for grid_id (0, -90) = -194.2869509875
First energy for grid_id (15, 0) = -194.2850755979
First energy for grid_id (15, -60) = -194.2884713173
First energy for grid_id (30, -30) = -194.288826671
First energy for grid_id (-15, 0) = -194.2850756018
First energy for grid_id (-15, -60) = -194.2889052292
First energy for grid_id (-30, -30) = -194.2894445386
Scan Status at 420 s
--== Ramachandran Plot of Optimization Status ==--
--== Blue: Optimized, Green: Found Lower, Red: Next ==--
    -165  -120   -75   -30    15    60   105   150
 180                                                 
 150                                                 
 120                                                 
  90                                                 
  60                       [1;41m/\[0m                        
  30                     [41m／[0m[44m--[0m[41m＼[0m                      
   0                   [41m／[0m[44m--[0m[1;41m><[0m[44m--[0m[41m＼[0m                    
 -30                 [1;41m＜[0m[44m--[0m[1;41m><[0m[44m--[0m[1;41m><[0m[44m--[0m[1;41m＞[0m                  
 -60                   [41m＼[0m[44m--[0m[1;41m><[0m[44m--[0m[41m／[0m                    
 -90                     [41m＼[0m[44m--[0m[41m／[0m                      
-120                       [1;41m\/[0m                        
-150                                                 

Launching new job at opt_tmp/gid_-015_+030/1
Launching new job at opt_tmp/gid_+015_+030/1
Launching new job at opt_tmp/gid_+000_+000/2
Launching new job at opt_tmp/gid_+000_+060/1
Launching new job at opt_tmp/gid_-015_-090/1
Launching new job at opt_tmp/gid_+015_-090/1
Launching new job at opt_tmp/gid_+000_-120/1
Launching new job at opt_tmp/gid_+000_-060/2
Launching new job at opt_tmp/gid_+000_+000/3
Launching new job at opt_tmp/gid_+030_+000/1
Launching new job at opt_tmp/gid_+015_-030/2
Launching new job at opt_tmp/gid_+015_+030/2
Launching new job at opt_tmp/gid_+000_-060/3
Launching new job at opt_tmp/gid_+030_-060/1
Launching new job at opt_tmp/gid_+015_-090/2
Launching new job at opt_tmp/gid_+015_-030/3
Launching new job at opt_tmp/gid_+015_-030/4
Launching new job at opt_tmp/gid_+045_-030/1
Launching new job at opt_tmp/gid_+030_-060/2
Launching new job at opt_tmp/gid_+030_+000/2
Launching new job at opt_tmp/gid_-030_+000/1
Launching new job at opt_tmp/gid_+000_+000/4
Launching new job at opt_tmp/gid_-015_-030/2
Launching new job at opt_tmp/gid_-015_+030/2
Launching new job at opt_tmp/gid_-030_-060/1
Launching new job at opt_tmp/gid_+000_-060/4
Launching new job at opt_tmp/gid_-015_-090/2
Launching new job at opt_tmp/gid_-015_-030/3
Launching new job at opt_tmp/gid_-045_-030/1
Launching new job at opt_tmp/gid_-015_-030/4
Launching new job at opt_tmp/gid_-030_-060/2
Launching new job at opt_tmp/gid_-030_+000/2
Find finished jobs: {'opt_tmp/gid_+000_+060/1'}
Find finished jobs: {'opt_tmp/gid_+015_-090/2'}
Find finished jobs: {'opt_tmp/gid_+000_-120/1'}
Find finished jobs: {'opt_tmp/gid_+015_+030/2'}
Find finished jobs: {'opt_tmp/gid_+045_-030/1'}
Find finished jobs: {'opt_tmp/gid_-015_-090/1'}
Find finished jobs: {'opt_tmp/gid_+015_+030/1'}
Find finished jobs: {'opt_tmp/gid_+000_-060/2'}
Find finished jobs: {'opt_tmp/gid_+015_-090/1'}
Find finished jobs: {'opt_tmp/gid_+015_-030/3'}
Find finished jobs: {'opt_tmp/gid_+000_-060/3'}
Find finished jobs: {'opt_tmp/gid_+030_+000/1'}
Find finished jobs: {'opt_tmp/gid_+030_-060/1'}
Find finished jobs: {'opt_tmp/gid_-015_+030/1'}
Find finished jobs: {'opt_tmp/gid_+000_+000/3'}
Find finished jobs: {'opt_tmp/gid_+015_-030/4'}
Find finished jobs: {'opt_tmp/gid_+030_+000/2'}
Find finished jobs: {'opt_tmp/gid_-030_+000/2'}
Find finished jobs: {'opt_tmp/gid_-015_-090/2'}
Find finished jobs: {'opt_tmp/gid_+000_+000/2'}
Find finished jobs: {'opt_tmp/gid_-015_+030/2'}
Find finished jobs: {'opt_tmp/gid_-030_-060/2', 'opt_tmp/gid_-015_-030/3', 'opt_tmp/gid_+030_-060/2'}
Find finished jobs: {'opt_tmp/gid_+000_-060/4'}
Find finished jobs: {'opt_tmp/gid_+015_-030/2'}
Find finished jobs: {'opt_tmp/gid_-015_-030/4', 'opt_tmp/gid_-030_+000/1'}
Find finished jobs: {'opt_tmp/gid_-015_-030/2'}
Find finished jobs: {'opt_tmp/gid_-045_-030/1'}
Find finished jobs: {'opt_tmp/gid_-030_-060/1'}
Find finished jobs: {'opt_tmp/gid_+000_+000/4'}
First energy for grid_id (0, 60) = -194.2876298411
First energy for grid_id (0, -120) = -194.2853430481
First energy for grid_id (15, 30) = -194.2868017211
First energy for grid_id (15, -90) = -194.2876829057
First energy for grid_id (30, 0) = -194.2875377341
First energy for grid_id (30, -60) = -194.2907773415
First energy for grid_id (45, -30) = -194.2913493986
First energy for grid_id (-15, 30) = -194.2865570049
First energy for grid_id (-15, -90) = -194.2883317353
First energy for grid_id (-30, 0) = -194.2875376579
First energy for grid_id (-30, -60) = -194.2916064912
First energy for grid_id (-45, -30) = -194.2922528188
Task with target grid_id (0, -150) skipped because -150 doesn't fit in range limit
Scan Status at 755 s
--== Ramachandran Plot of Optimization Status ==--
--== Blue: Optimized, Green: Found Lower, Red: Next ==--
    -165  -120   -75   -30    15    60   105   150
 180                                                 
 150                                                 
 120                                                 
  90                       [1;41m/\[0m                        
  60                     [41m／[0m[44m--[0m[41m＼[0m                      
  30                   [41m／[0m[44m--[0m[1;41m><[0m[44m--[0m[41m＼[0m                    
   0                 [41m／[0m[44m--[0m[41m／[0m[44m--[0m[41m＼[0m[44m--[0m[41m＼[0m                  
 -30               [1;41m＜[0m[44m--[0m[1;41m><[0m[44m--[0m[44m--[0m[44m--[0m[1;41m><[0m[44m--[0m[1;41m＞[0m                
 -60                 [41m＼[0m[44m--[0m[41m＼[0m[44m--[0m[41m／[0m[44m--[0m[41m／[0m                  
 -90                   [41m＼[0m[44m--[0m[1;41m><[0m[44m--[0m[41m／[0m                    
-120                     [41m＼[0m[44m--[0m[41m／[0m                      
-150                                                 

Launching new job at opt_tmp/gid_-015_+060/1
Launching new job at opt_tmp/gid_+015_+060/1
Launching new job at opt_tmp/gid_+000_+030/2
Launching new job at opt_tmp/gid_+000_+090/1
Launching new job at opt_tmp/gid_-015_-120/1
Launching new job at opt_tmp/gid_+015_-120/1
Launching new job at opt_tmp/gid_+000_-090/2
Launching new job at opt_tmp/gid_+000_+030/3
Launching new job at opt_tmp/gid_+030_+030/1
Launching new job at opt_tmp/gid_+015_+000/3
Launching new job at opt_tmp/gid_+015_+060/2
Launching new job at opt_tmp/gid_+000_-090/3
Launching new job at opt_tmp/gid_+030_-090/1
Launching new job at opt_tmp/gid_+015_-120/2
Launching new job at opt_tmp/gid_+015_-060/3
Launching new job at opt_tmp/gid_+015_+000/4
Launching new job at opt_tmp/gid_+045_+000/1
Launching new job at opt_tmp/gid_+030_-030/2
Launching new job at opt_tmp/gid_+030_+030/2
Launching new job at opt_tmp/gid_+015_-060/4
Launching new job at opt_tmp/gid_+045_-060/1
Launching new job at opt_tmp/gid_+030_-090/2
Launching new job at opt_tmp/gid_+030_-030/3
Launching new job at opt_tmp/gid_+030_-030/4
Launching new job at opt_tmp/gid_+060_-030/1
Launching new job at opt_tmp/gid_+045_-060/2
Launching new job at opt_tmp/gid_+045_+000/2
Launching new job at opt_tmp/gid_-030_+030/1
Launching new job at opt_tmp/gid_+000_+030/4
Launching new job at opt_tmp/gid_-015_+000/3
Launching new job at opt_tmp/gid_-015_+060/2
Launching new job at opt_tmp/gid_-030_-090/1
Launching new job at opt_tmp/gid_+000_-090/4
Launching new job at opt_tmp/gid_-015_-120/2
Launching new job at opt_tmp/gid_-015_-060/3
Launching new job at opt_tmp/gid_-045_+000/1
Launching new job at opt_tmp/gid_-015_+000/4
Launching new job at opt_tmp/gid_-030_-030/2
Launching new job at opt_tmp/gid_-030_+030/2
Launching new job at opt_tmp/gid_-045_-060/1
Launching new job at opt_tmp/gid_-015_-060/4
Launching new job at opt_tmp/gid_-030_-090/2
Launching new job at opt_tmp/gid_-030_-030/3
Launching new job at opt_tmp/gid_-060_-030/1
Launching new job at opt_tmp/gid_-030_-030/4
Launching new job at opt_tmp/gid_-045_-060/2
Launching new job at opt_tmp/gid_-045_+000/2
Find finished jobs: {'opt_tmp/gid_+015_-060/3'}
Find finished jobs: {'opt_tmp/gid_+015_+000/3'}
Find finished jobs: {'opt_tmp/gid_+030_+030/1'}
Find finished jobs: {'opt_tmp/gid_+045_+000/1'}
Find finished jobs: {'opt_tmp/gid_+000_-090/2'}
Find finished jobs: {'opt_tmp/gid_+030_-090/1'}
Find finished jobs: {'opt_tmp/gid_+015_+060/1'}
Find finished jobs: {'opt_tmp/gid_+015_+060/2'}
Find finished jobs: {'opt_tmp/gid_+030_-030/2'}
Find finished jobs: {'opt_tmp/gid_-015_+060/1'}
Find finished jobs: {'opt_tmp/gid_-015_-120/1'}
Find finished jobs: {'opt_tmp/gid_+000_+090/1'}
Find finished jobs: {'opt_tmp/gid_+015_-120/1', 'opt_tmp/gid_+000_-090/3'}
Find finished jobs: {'opt_tmp/gid_+015_+000/4'}
Find finished jobs: {'opt_tmp/gid_+000_+030/2'}
Find finished jobs: {'opt_tmp/gid_-045_-060/2'}
Find finished jobs: {'opt_tmp/gid_-030_-090/2'}
Find finished jobs: {'opt_tmp/gid_+060_-030/1'}
Find finished jobs: {'opt_tmp/gid_-015_+060/2'}
Find finished jobs: {'opt_tmp/gid_-045_+000/1'}
Find finished jobs: {'opt_tmp/gid_-015_+000/3'}
Find finished jobs: {'opt_tmp/gid_+030_+030/2'}
Find finished jobs: {'opt_tmp/gid_-015_-060/3'}
Find finished jobs: {'opt_tmp/gid_+015_-120/2'}
Find finished jobs: {'opt_tmp/gid_-030_+030/2'}
Find finished jobs: {'opt_tmp/gid_-030_-030/2'}
Find finished jobs: {'opt_tmp/gid_-030_-030/4'}
Find finished jobs: {'opt_tmp/gid_-045_+000/2'}
Find finished jobs: {'opt_tmp/gid_+030_-090/2'}
Find finished jobs: {'opt_tmp/gid_-015_+000/4'}
Find finished jobs: {'opt_tmp/gid_-030_-090/1'}
Find finished jobs: {'opt_tmp/gid_+045_+000/2'}
Find finished jobs: {'opt_tmp/gid_-015_-120/2'}
Find finished jobs: {'opt_tmp/gid_-060_-030/1'}
Find finished jobs: {'opt_tmp/gid_+000_-090/4'}
Find finished jobs: {'opt_tmp/gid_-015_-060/4'}
Find finished jobs: {'opt_tmp/gid_-030_+030/1', 'opt_tmp/gid_+045_-060/1'}
Find finished jobs: {'opt_tmp/gid_+045_-060/2'}
Find finished jobs: {'opt_tmp/gid_+030_-030/3'}
Find finished jobs: {'opt_tmp/gid_-045_-060/1'}
Find finished jobs: {'opt_tmp/gid_+030_-030/4'}
Find finished jobs: {'opt_tmp/gid_+000_+030/3'}
Find finished jobs: {'opt_tmp/gid_+000_+030/4'}
Find finished jobs: {'opt_tmp/gid_+015_-060/4'}
Find finished jobs: {'opt_tmp/gid_-030_-030/3'}
First energy for grid_id (0, 90) = -194.2869509805
First energy for grid_id (15, 60) = -194.2889052292
First energy for grid_id (15, -120) = -194.2861597568
First energy for grid_id (30, 30) = -194.2894456205
First energy for grid_id (30, -90) = -194.2901008673
First energy for grid_id (45, 0) = -194.2902798189
First energy for grid_id (45, -60) = -194.2932139448
First energy for grid_id (60, -30) = -194.2928876945
First energy for grid_id (-15, 60) = -194.2884713197
First energy for grid_id (-15, -120) = -194.2866901507
First energy for grid_id (-30, 30) = -194.2888266672
First energy for grid_id (-30, -90) = -194.2909613183
First energy for grid_id (-45, 0) = -194.2902806121
First energy for grid_id (-45, -60) = -194.2941528876
First energy for grid_id (-60, -30) = -194.2935612862
Task with target grid_id (15, -150) skipped because -150 doesn't fit in range limit
Task with target grid_id (-15, -150) skipped because -150 doesn't fit in range limit
Scan Status at 1243 s
--== Ramachandran Plot of Optimization Status ==--
--== Blue: Optimized, Green: Found Lower, Red: Next ==--
    -165  -120   -75   -30    15    60   105   150
 180                                                 
 150                                                 
 120                       [1;41m/\[0m                        
  90                     [41m／[0m[44m--[0m[41m＼[0m                      
  60                   [41m／[0m[44m--[0m[1;41m><[0m[44m--[0m[41m＼[0m                    
  30                 [41m／[0m[44m--[0m[41m／[0m[44m--[0m[41m＼[0m[44m--[0m[41m＼[0m                  
   0               [41m／[0m[44m--[0m[41m／[0m[44m--[0m[44m--[0m[44m--[0m[41m＼[0m[44m--[0m[41m＼[0m                
 -30             [1;41m＜[0m[44m--[0m[1;41m><[0m[44m--[0m[44m--[0m[44m--[0m[44m--[0m[44m--[0m[1;41m><[0m[44m--[0m[1;41m＞[0m              
 -60               [41m＼[0m[44m--[0m[41m＼[0m[44m--[0m[44m--[0m[44m--[0m[41m／[0m[44m--[0m[41m／[0m                
 -90                 [41m＼[0m[44m--[0m[41m＼[0m[44m--[0m[41m／[0m[44m--[0m[41m／[0m                  
-120                   [41m＼[0m[44m--[0m[1;41m><[0m[44m--[0m[41m／[0m                    
-150                                                 

Launching new job at opt_tmp/gid_-015_+090/1
Launching new job at opt_tmp/gid_+015_+090/1
Launching new job at opt_tmp/gid_+000_+060/2
Launching new job at opt_tmp/gid_+000_+120/1
Launching new job at opt_tmp/gid_+000_+060/3
Launching new job at opt_tmp/gid_+030_+060/1
Launching new job at opt_tmp/gid_+015_+030/3
Launching new job at opt_tmp/gid_+015_+090/2
Launching new job at opt_tmp/gid_+000_-120/2
Launching new job at opt_tmp/gid_+030_-120/1
Launching new job at opt_tmp/gid_+015_-090/3
Launching new job at opt_tmp/gid_+015_+030/4
Launching new job at opt_tmp/gid_+045_+030/1
Launching new job at opt_tmp/gid_+030_+000/3
Launching new job at opt_tmp/gid_+030_+060/2
Launching new job at opt_tmp/gid_+015_-090/4
Launching new job at opt_tmp/gid_+045_-090/1
Launching new job at opt_tmp/gid_+030_-120/2
Launching new job at opt_tmp/gid_+030_-060/3
Launching new job at opt_tmp/gid_+030_+000/4
Launching new job at opt_tmp/gid_+060_+000/1
Launching new job at opt_tmp/gid_+045_-030/2
Launching new job at opt_tmp/gid_+045_+030/2
Launching new job at opt_tmp/gid_+030_-060/4
Launching new job at opt_tmp/gid_+060_-060/1
Launching new job at opt_tmp/gid_+045_-090/2
Launching new job at opt_tmp/gid_+045_-030/3
Launching new job at opt_tmp/gid_+045_-030/4
Launching new job at opt_tmp/gid_+075_-030/1
Launching new job at opt_tmp/gid_+060_-060/2
Launching new job at opt_tmp/gid_+060_+000/2
Launching new job at opt_tmp/gid_-030_+060/1
Launching new job at opt_tmp/gid_+000_+060/4
Launching new job at opt_tmp/gid_-015_+030/3
Launching new job at opt_tmp/gid_-015_+090/2
Launching new job at opt_tmp/gid_-030_-120/1
Launching new job at opt_tmp/gid_+000_-120/3
Launching new job at opt_tmp/gid_-015_-090/3
Launching new job at opt_tmp/gid_-045_+030/1
Launching new job at opt_tmp/gid_-015_+030/4
Launching new job at opt_tmp/gid_-030_+000/3
Launching new job at opt_tmp/gid_-030_+060/2
Launching new job at opt_tmp/gid_-045_-090/1
Launching new job at opt_tmp/gid_-015_-090/4
Launching new job at opt_tmp/gid_-030_-120/2
Launching new job at opt_tmp/gid_-030_-060/3
Launching new job at opt_tmp/gid_-060_+000/1
Launching new job at opt_tmp/gid_-030_+000/4
Launching new job at opt_tmp/gid_-045_-030/2
Launching new job at opt_tmp/gid_-045_+030/2
Launching new job at opt_tmp/gid_-060_-060/1
Launching new job at opt_tmp/gid_-030_-060/4
Launching new job at opt_tmp/gid_-045_-090/2
Launching new job at opt_tmp/gid_-045_-030/3
Launching new job at opt_tmp/gid_-075_-030/1
Launching new job at opt_tmp/gid_-045_-030/4
Launching new job at opt_tmp/gid_-060_-060/2
Launching new job at opt_tmp/gid_-060_+000/2
Find finished jobs: {'opt_tmp/gid_+030_-120/2'}
Find finished jobs: {'opt_tmp/gid_+000_+120/1'}
Find finished jobs: {'opt_tmp/gid_+045_-090/1'}
Find finished jobs: {'opt_tmp/gid_+015_-090/3'}
Find finished jobs: {'opt_tmp/gid_+030_-120/1', 'opt_tmp/gid_+000_+060/2'}
Find finished jobs: {'opt_tmp/gid_+030_+060/2', 'opt_tmp/gid_+000_+060/3'}
Find finished jobs: {'opt_tmp/gid_+015_+090/1', 'opt_tmp/gid_+015_-090/4'}
Find finished jobs: {'opt_tmp/gid_+015_+090/2'}
Find finished jobs: {'opt_tmp/gid_+030_+060/1'}
Find finished jobs: {'opt_tmp/gid_+030_+000/3', 'opt_tmp/gid_+000_-120/2'}
Find finished jobs: {'opt_tmp/gid_+015_+030/3'}
Find finished jobs: {'opt_tmp/gid_+045_+030/1'}
Find finished jobs: {'opt_tmp/gid_+060_-060/2'}
Find finished jobs: {'opt_tmp/gid_+000_+060/4'}
Find finished jobs: {'opt_tmp/gid_-015_+030/3'}
Find finished jobs: {'opt_tmp/gid_-030_-120/1'}
Find finished jobs: {'opt_tmp/gid_+060_-060/1', 'opt_tmp/gid_-045_+030/1'}
Find finished jobs: {'opt_tmp/gid_+030_+000/4'}
Find finished jobs: {'opt_tmp/gid_-015_+090/2'}
Find finished jobs: {'opt_tmp/gid_+045_-090/2'}
Find finished jobs: {'opt_tmp/gid_+045_-030/2'}
Find finished jobs: {'opt_tmp/gid_+045_-030/4', 'opt_tmp/gid_+030_-060/4'}
Find finished jobs: {'opt_tmp/gid_+045_-030/3'}
Find finished jobs: {'opt_tmp/gid_-060_+000/1'}
Find finished jobs: {'opt_tmp/gid_-015_-090/3'}
Find finished jobs: {'opt_tmp/gid_+045_+030/2'}
Find finished jobs: {'opt_tmp/gid_+060_+000/1'}
Find finished jobs: {'opt_tmp/gid_+060_+000/2'}
Find finished jobs: {'opt_tmp/gid_+075_-030/1'}
Find finished jobs: {'opt_tmp/gid_+000_-120/3'}
Find finished jobs: {'opt_tmp/gid_-045_-090/2'}
Find finished jobs: {'opt_tmp/gid_-060_-060/2'}
Find finished jobs: {'opt_tmp/gid_-030_-060/3'}
Find finished jobs: {'opt_tmp/gid_-030_+060/1'}
Find finished jobs: {'opt_tmp/gid_-045_-090/1', 'opt_tmp/gid_-030_+060/2'}
Find finished jobs: {'opt_tmp/gid_-030_+000/3'}
Find finished jobs: {'opt_tmp/gid_-030_-120/2'}
Find finished jobs: {'opt_tmp/gid_-030_+000/4', 'opt_tmp/gid_-015_-090/4'}
Find finished jobs: {'opt_tmp/gid_-015_+030/4'}
Find finished jobs: {'opt_tmp/gid_-060_-060/1'}
Find finished jobs: {'opt_tmp/gid_-075_-030/1'}
Find finished jobs: {'opt_tmp/gid_-045_+030/2'}
Find finished jobs: {'opt_tmp/gid_-060_+000/2'}
Find finished jobs: {'opt_tmp/gid_-045_-030/3'}
Find finished jobs: {'opt_tmp/gid_-045_-030/2'}
Find finished jobs: {'opt_tmp/gid_-030_-060/4'}
Find finished jobs: {'opt_tmp/gid_+015_+030/4'}
Find finished jobs: {'opt_tmp/gid_-045_-030/4'}
Find finished jobs: {'opt_tmp/gid_+030_-060/3'}
Find finished jobs: {'opt_tmp/gid_-015_+090/1'}
First energy for grid_id (0, 120) = -194.2853430567
First energy for grid_id (15, 90) = -194.2883317327
First energy for grid_id (30, 60) = -194.291606478
First energy for grid_id (30, -120) = -194.2887144719
First energy for grid_id (45, 30) = -194.2922528183
First energy for grid_id (45, -90) = -194.2927485974
First energy for grid_id (60, 0) = -194.2918874937
First energy for grid_id (60, -60) = -194.2945726597
First energy for grid_id (75, -30) = -194.292611421
First energy for grid_id (-15, 90) = -194.287682905
First energy for grid_id (-30, 60) = -194.2907773413
First energy for grid_id (-30, -120) = -194.2893906719
First energy for grid_id (-45, 30) = -194.2913509191
First energy for grid_id (-45, -90) = -194.2933575549
First energy for grid_id (-60, 0) = -194.2918874941
First energy for grid_id (-60, -60) = -194.295094423
First energy for grid_id (-75, -30) = -194.2925942567
Task with target grid_id (0, 150) skipped because 150 doesn't fit in range limit
Task with target grid_id (30, -150) skipped because -150 doesn't fit in range limit
Task with target grid_id (-30, -150) skipped because -150 doesn't fit in range limit
Scan Status at 1760 s
--== Ramachandran Plot of Optimization Status ==--
--== Blue: Optimized, Green: Found Lower, Red: Next ==--
    -165  -120   -75   -30    15    60   105   150
 180                                                 
 150                                                 
 120                     [41m／[0m[44m--[0m[41m＼[0m                      
  90                   [41m／[0m[44m--[0m[1;41m><[0m[44m--[0m[41m＼[0m                    
  60                 [41m／[0m[44m--[0m[41m／[0m[44m--[0m[41m＼[0m[44m--[0m[41m＼[0m                  
  30               [41m／[0m[44m--[0m[41m／[0m[44m--[0m[44m--[0m[44m--[0m[41m＼[0m[44m--[0m[41m＼[0m                
   0             [41m／[0m[44m--[0m[41m／[0m[44m--[0m[44m--[0m[44m--[0m[44m--[0m[44m--[0m[41m＼[0m[44m--[0m[41m＼[0m              
 -30           [1;41m＜[0m[44m--[0m[1;41m><[0m[44m--[0m[44m--[0m[44m--[0m[44m--[0m[44m--[0m[44m--[0m[44m--[0m[1;41m><[0m[44m--[0m[1;41m＞[0m            
 -60             [41m＼[0m[44m--[0m[41m＼[0m[44m--[0m[44m--[0m[44m--[0m[44m--[0m[44m--[0m[41m／[0m[44m--[0m[41m／[0m              
 -90               [41m＼[0m[44m--[0m[41m＼[0m[44m--[0m[44m--[0m[44m--[0m[41m／[0m[44m--[0m[41m／[0m                
-120                 [41m＼[0m[44m--[0m[1;41m＞[0m[44m--[0m[1;41m＜[0m[44m--[0m[41m／[0m                  
-150                                                 

Launching new job at opt_tmp/gid_-015_+120/1
Launching new job at opt_tmp/gid_+015_+120/1
Launching new job at opt_tmp/gid_+000_+090/2
Launching new job at opt_tmp/gid_+000_+090/3
Launching new job at opt_tmp/gid_+030_+090/1
Launching new job at opt_tmp/gid_+015_+060/3
Launching new job at opt_tmp/gid_+015_+120/2
Launching new job at opt_tmp/gid_+015_+060/4
Launching new job at opt_tmp/gid_+045_+060/1
Launching new job at opt_tmp/gid_+030_+030/3
Launching new job at opt_tmp/gid_+030_+090/2
Launching new job at opt_tmp/gid_+015_-120/3
Launching new job at opt_tmp/gid_+045_-120/1
Launching new job at opt_tmp/gid_+030_-090/3
Launching new job at opt_tmp/gid_+030_+030/4
Launching new job at opt_tmp/gid_+060_+030/1
Launching new job at opt_tmp/gid_+045_+000/3
Launching new job at opt_tmp/gid_+045_+060/2
Launching new job at opt_tmp/gid_+030_-090/4
Launching new job at opt_tmp/gid_+060_-090/1
Launching new job at opt_tmp/gid_+045_-120/2
Launching new job at opt_tmp/gid_+045_-060/3
Launching new job at opt_tmp/gid_+045_+000/4
Launching new job at opt_tmp/gid_+075_+000/1
Launching new job at opt_tmp/gid_+060_-030/2
Launching new job at opt_tmp/gid_+060_+030/2
Launching new job at opt_tmp/gid_+045_-060/4
Launching new job at opt_tmp/gid_+075_-060/1
Launching new job at opt_tmp/gid_+060_-090/2
Launching new job at opt_tmp/gid_+060_-030/3
Launching new job at opt_tmp/gid_+060_-030/4
Launching new job at opt_tmp/gid_+090_-030/1
Launching new job at opt_tmp/gid_+075_-060/2
Launching new job at opt_tmp/gid_+075_+000/2
Launching new job at opt_tmp/gid_-030_+090/1
Launching new job at opt_tmp/gid_+000_+090/4
Launching new job at opt_tmp/gid_-015_+060/3
Launching new job at opt_tmp/gid_-015_+120/2
Launching new job at opt_tmp/gid_-045_+060/1
Launching new job at opt_tmp/gid_-015_+060/4
Launching new job at opt_tmp/gid_-030_+030/3
Launching new job at opt_tmp/gid_-030_+090/2
Launching new job at opt_tmp/gid_-045_-120/1
Launching new job at opt_tmp/gid_-015_-120/3
Launching new job at opt_tmp/gid_-030_-090/3
Launching new job at opt_tmp/gid_-060_+030/1
Launching new job at opt_tmp/gid_-030_+030/4
Launching new job at opt_tmp/gid_-045_+000/3
Launching new job at opt_tmp/gid_-045_+060/2
Launching new job at opt_tmp/gid_-060_-090/1
Launching new job at opt_tmp/gid_-030_-090/4
Launching new job at opt_tmp/gid_-045_-120/2
Launching new job at opt_tmp/gid_-045_-060/3
Launching new job at opt_tmp/gid_-075_+000/1
Launching new job at opt_tmp/gid_-045_+000/4
Launching new job at opt_tmp/gid_-060_-030/2
Launching new job at opt_tmp/gid_-060_+030/2
Launching new job at opt_tmp/gid_-075_-060/1
Launching new job at opt_tmp/gid_-045_-060/4
Launching new job at opt_tmp/gid_-060_-090/2
Launching new job at opt_tmp/gid_-060_-030/3
Launching new job at opt_tmp/gid_-090_-030/1
Launching new job at opt_tmp/gid_-060_-030/4
Launching new job at opt_tmp/gid_-075_-060/2
Launching new job at opt_tmp/gid_-075_+000/2
Find finished jobs: {'opt_tmp/gid_+015_+060/4', 'opt_tmp/gid_+015_+120/1'}
Find finished jobs: {'opt_tmp/gid_+045_+060/2'}
Find finished jobs: {'opt_tmp/gid_+030_+090/2'}
Find finished jobs: {'opt_tmp/gid_+030_-090/3'}
Find finished jobs: {'opt_tmp/gid_+045_-120/1'}
Find finished jobs: {'opt_tmp/gid_+030_+090/1', 'opt_tmp/gid_+000_+090/2'}
Find finished jobs: {'opt_tmp/gid_+015_+120/2'}
Find finished jobs: {'opt_tmp/gid_+015_+060/3', 'opt_tmp/gid_+030_-090/4', 'opt_tmp/gid_+015_-120/3'}
Find finished jobs: {'opt_tmp/gid_+060_-090/1', 'opt_tmp/gid_+000_+090/3'}
Find finished jobs: {'opt_tmp/gid_-015_+120/1', 'opt_tmp/gid_+030_+030/3'}
Find finished jobs: {'opt_tmp/gid_+045_+060/1'}
Find finished jobs: {'opt_tmp/gid_+060_+030/1', 'opt_tmp/gid_+045_+000/3'}
Find finished jobs: {'opt_tmp/gid_+030_+030/4'}
Find finished jobs: {'opt_tmp/gid_+090_-030/1'}
Find finished jobs: {'opt_tmp/gid_+045_-120/2'}
Find finished jobs: {'opt_tmp/gid_+060_-090/2'}
Find finished jobs: {'opt_tmp/gid_+045_-060/4'}
Find finished jobs: {'opt_tmp/gid_+045_-060/3'}
Find finished jobs: {'opt_tmp/gid_+060_-030/3', 'opt_tmp/gid_+075_-060/2'}
Find finished jobs: {'opt_tmp/gid_-015_+060/3'}
Find finished jobs: {'opt_tmp/gid_+075_+000/1'}
Find finished jobs: {'opt_tmp/gid_-030_+090/1'}
Find finished jobs: {'opt_tmp/gid_+045_+000/4'}
Find finished jobs: {'opt_tmp/gid_-045_+060/1'}
Find finished jobs: {'opt_tmp/gid_+060_+030/2', 'opt_tmp/gid_-030_+030/3'}
Find finished jobs: {'opt_tmp/gid_+075_+000/2'}
Find finished jobs: {'opt_tmp/gid_+075_-060/1'}
Find finished jobs: {'opt_tmp/gid_+060_-030/4'}
Find finished jobs: {'opt_tmp/gid_+060_-030/2'}
Find finished jobs: {'opt_tmp/gid_+000_+090/4'}
Find finished jobs: {'opt_tmp/gid_-060_-090/1'}
Find finished jobs: {'opt_tmp/gid_-030_-090/4'}
Find finished jobs: {'opt_tmp/gid_-030_-090/3', 'opt_tmp/gid_-030_+090/2'}
Find finished jobs: {'opt_tmp/gid_-045_-120/1'}
Find finished jobs: {'opt_tmp/gid_-015_-120/3'}
Find finished jobs: {'opt_tmp/gid_-015_+060/4', 'opt_tmp/gid_-045_+000/3'}
Find finished jobs: {'opt_tmp/gid_-045_-060/3'}
Find finished jobs: {'opt_tmp/gid_-045_-120/2'}
Find finished jobs: {'opt_tmp/gid_-060_+030/1'}
Find finished jobs: {'opt_tmp/gid_-075_-060/1'}
Find finished jobs: {'opt_tmp/gid_-045_+060/2'}
Find finished jobs: {'opt_tmp/gid_-045_-060/4'}
Find finished jobs: {'opt_tmp/gid_-030_+030/4'}
Find finished jobs: {'opt_tmp/gid_-075_+000/1'}
Find finished jobs: {'opt_tmp/gid_-060_-030/3'}
Find finished jobs: {'opt_tmp/gid_-060_-090/2'}
Find finished jobs: {'opt_tmp/gid_-015_+120/2'}
Find finished jobs: {'opt_tmp/gid_-090_-030/1'}
Find finished jobs: {'opt_tmp/gid_-045_+000/4', 'opt_tmp/gid_-060_-030/2'}
Find finished jobs: {'opt_tmp/gid_-060_-030/4', 'opt_tmp/gid_-075_-060/2'}
Find finished jobs: {'opt_tmp/gid_-060_+030/2'}
Find finished jobs: {'opt_tmp/gid_-075_+000/2'}
First energy for grid_id (15, 120) = -194.2866901505
First energy for grid_id (30, 90) = -194.2909613189
First energy for grid_id (45, 60) = -194.294152888
First energy for grid_id (45, -120) = -194.291596098
First energy for grid_id (60, 30) = -194.2935613437
First energy for grid_id (60, -90) = -194.2941794638
First energy for grid_id (75, 0) = -194.2913511293
First energy for grid_id (75, -60) = -194.2942064557
First energy for grid_id (90, -30) = -194.2906572155
First energy for grid_id (-15, 120) = -194.2861597566
First energy for grid_id (-30, 90) = -194.2901008672
First energy for grid_id (-45, 60) = -194.293213944
First energy for grid_id (-45, -120) = -194.2919111141
First energy for grid_id (-60, 30) = -194.2928877608
First energy for grid_id (-60, -90) = -194.2941557685
First energy for grid_id (-75, 0) = -194.2913511296
First energy for grid_id (-75, -60) = -194.2939094745
First energy for grid_id (-90, -30) = -194.2901316801
Task with target grid_id (15, 150) skipped because 150 doesn't fit in range limit
Task with target grid_id (45, -150) skipped because -150 doesn't fit in range limit
Task with target grid_id (105, -30) skipped because 105 doesn't fit in range limit
Task with target grid_id (-15, 150) skipped because 150 doesn't fit in range limit
Task with target grid_id (-45, -150) skipped because -150 doesn't fit in range limit
Scan Status at 2257 s
--== Ramachandran Plot of Optimization Status ==--
--== Blue: Optimized, Green: Found Lower, Red: Next ==--
    -165  -120   -75   -30    15    60   105   150
 180                                                 
 150                                                 
 120                   [41m／[0m[44m--[0m[1;41m><[0m[44m--[0m[41m＼[0m                    
  90                 [41m／[0m[44m--[0m[41m／[0m[44m--[0m[41m＼[0m[44m--[0m[41m＼[0m                  
  60               [41m／[0m[44m--[0m[41m／[0m[44m--[0m[44m--[0m[44m--[0m[41m＼[0m[44m--[0m[41m＼[0m                
  30             [41m／[0m[44m--[0m[41m／[0m[44m--[0m[44m--[0m[44m--[0m[44m--[0m[44m--[0m[41m＼[0m[44m--[0m[41m＼[0m              
   0           [41m／[0m[44m--[0m[41m／[0m[44m--[0m[44m--[0m[44m--[0m[44m--[0m[44m--[0m[44m--[0m[44m--[0m[41m＼[0m[44m--[0m[41m＼[0m            
 -30         [1;41m＜[0m[44m--[0m[1;41m><[0m[44m--[0m[44m--[0m[44m--[0m[44m--[0m[44m--[0m[44m--[0m[44m--[0m[44m--[0m[44m--[0m[1;41m><[0m[44m--[0m            
 -60           [41m＼[0m[44m--[0m[41m＼[0m[44m--[0m[44m--[0m[44m--[0m[44m--[0m[44m--[0m[44m--[0m[44m--[0m[41m／[0m[44m--[0m[41m／[0m            
 -90             [41m＼[0m[44m--[0m[41m＼[0m[44m--[0m[44m--[0m[44m--[0m[44m--[0m[44m--[0m[41m／[0m[44m--[0m[41m／[0m              
-120               [41m＼[0m[44m--[0m[1;41m＞[0m[44m--[0m[44m--[0m[44m--[0m[1;41m＜[0m[44m--[0m[41m／[0m                
-150                                                 

Launching new job at opt_tmp/gid_+000_+120/2
Launching new job at opt_tmp/gid_+030_+120/1
Launching new job at opt_tmp/gid_+015_+090/3
Launching new job at opt_tmp/gid_+015_+090/4
Launching new job at opt_tmp/gid_+045_+090/1
Launching new job at opt_tmp/gid_+030_+060/3
Launching new job at opt_tmp/gid_+030_+120/2
Launching new job at opt_tmp/gid_+030_+060/4
Launching new job at opt_tmp/gid_+060_+060/1
Launching new job at opt_tmp/gid_+045_+030/3
Launching new job at opt_tmp/gid_+045_+090/2
Launching new job at opt_tmp/gid_+030_-120/3
Launching new job at opt_tmp/gid_+060_-120/1
Launching new job at opt_tmp/gid_+045_-090/3
Launching new job at opt_tmp/gid_+045_+030/4
Launching new job at opt_tmp/gid_+075_+030/1
Launching new job at opt_tmp/gid_+060_+000/3
Launching new job at opt_tmp/gid_+060_+060/2
Launching new job at opt_tmp/gid_+045_-090/4
Launching new job at opt_tmp/gid_+075_-090/1
Launching new job at opt_tmp/gid_+060_-120/2
Launching new job at opt_tmp/gid_+060_-060/3
Launching new job at opt_tmp/gid_+060_+000/4
Launching new job at opt_tmp/gid_+090_+000/1
Launching new job at opt_tmp/gid_+075_-030/2
Launching new job at opt_tmp/gid_+075_+030/2
Launching new job at opt_tmp/gid_+060_-060/4
Launching new job at opt_tmp/gid_+090_-060/1
Launching new job at opt_tmp/gid_+075_-090/2
Launching new job at opt_tmp/gid_+075_-030/3
Launching new job at opt_tmp/gid_+075_-030/4
Launching new job at opt_tmp/gid_+090_-060/2
Launching new job at opt_tmp/gid_+090_+000/2
Launching new job at opt_tmp/gid_-030_+120/1
Launching new job at opt_tmp/gid_+000_+120/3
Launching new job at opt_tmp/gid_-015_+090/3
Launching new job at opt_tmp/gid_-045_+090/1
Launching new job at opt_tmp/gid_-015_+090/4
Launching new job at opt_tmp/gid_-030_+060/3
Launching new job at opt_tmp/gid_-030_+120/2
Launching new job at opt_tmp/gid_-060_+060/1
Launching new job at opt_tmp/gid_-030_+060/4
Launching new job at opt_tmp/gid_-045_+030/3
Launching new job at opt_tmp/gid_-045_+090/2
Launching new job at opt_tmp/gid_-060_-120/1
Launching new job at opt_tmp/gid_-030_-120/3
Launching new job at opt_tmp/gid_-045_-090/3
Launching new job at opt_tmp/gid_-075_+030/1
Launching new job at opt_tmp/gid_-045_+030/4
Launching new job at opt_tmp/gid_-060_+000/3
Launching new job at opt_tmp/gid_-060_+060/2
Launching new job at opt_tmp/gid_-075_-090/1
Launching new job at opt_tmp/gid_-045_-090/4
Launching new job at opt_tmp/gid_-060_-120/2
Launching new job at opt_tmp/gid_-060_-060/3
Launching new job at opt_tmp/gid_-090_+000/1
Launching new job at opt_tmp/gid_-060_+000/4
Launching new job at opt_tmp/gid_-075_-030/2
Launching new job at opt_tmp/gid_-075_+030/2
Launching new job at opt_tmp/gid_-090_-060/1
Launching new job at opt_tmp/gid_-060_-060/4
Launching new job at opt_tmp/gid_-075_-090/2
Launching new job at opt_tmp/gid_-075_-030/3
Launching new job at opt_tmp/gid_-105_-030/1
Launching new job at opt_tmp/gid_-075_-030/4
Launching new job at opt_tmp/gid_-090_-060/2
Launching new job at opt_tmp/gid_-090_+000/2
Find finished jobs: {'opt_tmp/gid_+030_+060/3'}
Find finished jobs: {'opt_tmp/gid_+045_+090/1'}
Find finished jobs: {'opt_tmp/gid_+060_+060/2'}
Find finished jobs: {'opt_tmp/gid_+045_+090/2'}
Find finished jobs: {'opt_tmp/gid_+075_+030/1'}
Find finished jobs: {'opt_tmp/gid_+030_-120/3', 'opt_tmp/gid_+015_+090/3'}
Find finished jobs: {'opt_tmp/gid_+045_-090/3', 'opt_tmp/gid_+060_-120/1'}
Find finished jobs: {'opt_tmp/gid_+045_-090/4'}
Find finished jobs: {'opt_tmp/gid_+030_+120/1'}
Find finished jobs: {'opt_tmp/gid_+030_+120/2', 'opt_tmp/gid_+060_+060/1'}
Find finished jobs: {'opt_tmp/gid_+075_-090/1'}
Find finished jobs: {'opt_tmp/gid_+015_+090/4'}
Find finished jobs: {'opt_tmp/gid_+000_+120/2', 'opt_tmp/gid_+045_+030/3'}
Find finished jobs: {'opt_tmp/gid_+045_+030/4'}
Find finished jobs: {'opt_tmp/gid_+030_+060/4'}
Find finished jobs: {'opt_tmp/gid_+060_+000/3'}
Find finished jobs: {'opt_tmp/gid_+090_-060/1'}
Find finished jobs: {'opt_tmp/gid_+090_-060/2'}
Find finished jobs: {'opt_tmp/gid_+060_-120/2'}
Find finished jobs: {'opt_tmp/gid_+090_+000/1'}
Find finished jobs: {'opt_tmp/gid_+075_-030/3'}
Find finished jobs: {'opt_tmp/gid_+075_+030/2'}
Find finished jobs: {'opt_tmp/gid_+060_-060/3', 'opt_tmp/gid_+075_-090/2'}
Find finished jobs: {'opt_tmp/gid_+090_+000/2'}
Find finished jobs: {'opt_tmp/gid_-030_+120/2'}
Find finished jobs: {'opt_tmp/gid_+075_-030/4', 'opt_tmp/gid_-030_+060/3'}
Find finished jobs: {'opt_tmp/gid_-060_+060/1'}
Find finished jobs: {'opt_tmp/gid_+075_-030/2', 'opt_tmp/gid_+060_-060/4'}
Find finished jobs: {'opt_tmp/gid_+060_+000/4'}
Find finished jobs: {'opt_tmp/gid_-030_+120/1'}
Find finished jobs: {'opt_tmp/gid_-045_+090/1'}
Find finished jobs: {'opt_tmp/gid_-015_+090/3'}
Find finished jobs: {'opt_tmp/gid_+000_+120/3'}
Find finished jobs: {'opt_tmp/gid_-015_+090/4'}
Find finished jobs: {'opt_tmp/gid_-045_+030/4'}
Find finished jobs: {'opt_tmp/gid_-075_-090/1'}
Find finished jobs: {'opt_tmp/gid_-060_-120/2', 'opt_tmp/gid_-060_+000/3', 'opt_tmp/gid_-045_-090/4'}
Find finished jobs: {'opt_tmp/gid_-030_-120/3', 'opt_tmp/gid_-060_-120/1'}
Find finished jobs: {'opt_tmp/gid_-045_-090/3'}
Find finished jobs: {'opt_tmp/gid_-060_+060/2'}
Find finished jobs: {'opt_tmp/gid_-045_+030/3'}
Find finished jobs: {'opt_tmp/gid_-030_+060/4', 'opt_tmp/gid_-060_-060/3'}
Find finished jobs: {'opt_tmp/gid_-045_+090/2'}
Find finished jobs: {'opt_tmp/gid_-090_+000/1'}
Find finished jobs: {'opt_tmp/gid_-060_+000/4'}
Find finished jobs: {'opt_tmp/gid_-075_-030/3'}
Find finished jobs: {'opt_tmp/gid_-075_-030/2'}
Find finished jobs: {'opt_tmp/gid_-060_-060/4', 'opt_tmp/gid_-090_-060/1'}
Find finished jobs: {'opt_tmp/gid_-090_+000/2', 'opt_tmp/gid_-090_-060/2'}
Find finished jobs: {'opt_tmp/gid_-105_-030/1'}
Find finished jobs: {'opt_tmp/gid_-075_+030/1'}
Find finished jobs: {'opt_tmp/gid_-075_-090/2'}
Find finished jobs: {'opt_tmp/gid_-075_-030/4'}
Find finished jobs: {'opt_tmp/gid_-075_+030/2'}
First energy for grid_id (30, 120) = -194.2893906711
First energy for grid_id (45, 90) = -194.293357554
First energy for grid_id (60, 60) = -194.2950944411
First energy for grid_id (60, -120) = -194.2932394572
First energy for grid_id (75, 30) = -194.2925942677
First energy for grid_id (75, -90) = -194.2937176759
First energy for grid_id (90, 0) = -194.2891174162
First energy for grid_id (90, -60) = -194.2923441899
First energy for grid_id (-30, 120) = -194.2887144709
First energy for grid_id (-45, 90) = -194.2927485971
First energy for grid_id (-60, 60) = -194.2945726598
First energy for grid_id (-60, -120) = -194.2928007704
First energy for grid_id (-75, 30) = -194.292611421
First energy for grid_id (-75, -90) = -194.2929189608
First energy for grid_id (-90, 0) = -194.2891174159
First energy for grid_id (-90, -60) = -194.2914505818
First energy for grid_id (-105, -30) = -194.2878189075
Task with target grid_id (30, 150) skipped because 150 doesn't fit in range limit
Task with target grid_id (60, -150) skipped because -150 doesn't fit in range limit
Task with target grid_id (105, 0) skipped because 105 doesn't fit in range limit
Task with target grid_id (105, -60) skipped because 105 doesn't fit in range limit
Task with target grid_id (-30, 150) skipped because 150 doesn't fit in range limit
Task with target grid_id (-60, -150) skipped because -150 doesn't fit in range limit
Scan Status at 2693 s
--== Ramachandran Plot of Optimization Status ==--
--== Blue: Optimized, Green: Found Lower, Red: Next ==--
    -165  -120   -75   -30    15    60   105   150
 180                                                 
 150                                                 
 120                 [41m／[0m[44m--[0m[1;41m＞[0m[44m--[0m[1;41m＜[0m[44m--[0m[41m＼[0m                  
  90               [41m／[0m[44m--[0m[41m／[0m[44m--[0m[44m--[0m[44m--[0m[41m＼[0m[44m--[0m[41m＼[0m                
  60             [41m／[0m[44m--[0m[41m／[0m[44m--[0m[44m--[0m[44m--[0m[44m--[0m[44m--[0m[41m＼[0m[44m--[0m[41m＼[0m              
  30           [41m／[0m[44m--[0m[41m／[0m[44m--[0m[44m--[0m[44m--[0m[44m--[0m[44m--[0m[44m--[0m[44m--[0m[41m＼[0m[44m--[0m[41m＼[0m            
   0         [41m／[0m[44m--[0m[41m／[0m[44m--[0m[44m--[0m[44m--[0m[44m--[0m[44m--[0m[44m--[0m[44m--[0m[44m--[0m[44m--[0m[41m＼[0m[44m--[0m            
 -30       [1;41m＜[0m[44m--[0m[1;41m><[0m[44m--[0m[44m--[0m[44m--[0m[44m--[0m[44m--[0m[44m--[0m[44m--[0m[44m--[0m[44m--[0m[44m--[0m[44m--[0m[1;41m><[0m            
 -60         [41m＼[0m[44m--[0m[41m＼[0m[44m--[0m[44m--[0m[44m--[0m[44m--[0m[44m--[0m[44m--[0m[44m--[0m[44m--[0m[44m--[0m[41m／[0m[44m--[0m            
 -90           [41m＼[0m[44m--[0m[41m＼[0m[44m--[0m[44m--[0m[44m--[0m[44m--[0m[44m--[0m[44m--[0m[44m--[0m[41m／[0m[44m--[0m[41m／[0m            
-120             [41m＼[0m[44m--[0m[1;41m＞[0m[44m--[0m[44m--[0m[44m--[0m[44m--[0m[44m--[0m[1;41m＜[0m[44m--[0m[41m／[0m              
-150                                                 

Launching new job at opt_tmp/gid_+015_+120/3
Launching new job at opt_tmp/gid_+045_+120/1
Launching new job at opt_tmp/gid_+030_+090/3
Launching new job at opt_tmp/gid_+030_+090/4
Launching new job at opt_tmp/gid_+060_+090/1
Launching new job at opt_tmp/gid_+045_+060/3
Launching new job at opt_tmp/gid_+045_+120/2
Launching new job at opt_tmp/gid_+045_+060/4
Launching new job at opt_tmp/gid_+075_+060/1
Launching new job at opt_tmp/gid_+060_+030/3
Launching new job at opt_tmp/gid_+060_+090/2
Launching new job at opt_tmp/gid_+045_-120/3
Launching new job at opt_tmp/gid_+075_-120/1
Launching new job at opt_tmp/gid_+060_-090/3
Launching new job at opt_tmp/gid_+060_+030/4
Launching new job at opt_tmp/gid_+090_+030/1
Launching new job at opt_tmp/gid_+075_+000/3
Launching new job at opt_tmp/gid_+075_+060/2
Launching new job at opt_tmp/gid_+060_-090/4
Launching new job at opt_tmp/gid_+090_-090/1
Launching new job at opt_tmp/gid_+075_-120/2
Launching new job at opt_tmp/gid_+075_-060/3
Launching new job at opt_tmp/gid_+075_+000/4
Launching new job at opt_tmp/gid_+090_-030/2
Launching new job at opt_tmp/gid_+090_+030/2
Launching new job at opt_tmp/gid_+075_-060/4
Launching new job at opt_tmp/gid_+090_-090/2
Launching new job at opt_tmp/gid_+090_-030/3
Launching new job at opt_tmp/gid_-045_+120/1
Launching new job at opt_tmp/gid_-015_+120/3
Launching new job at opt_tmp/gid_-030_+090/3
Launching new job at opt_tmp/gid_-060_+090/1
Launching new job at opt_tmp/gid_-030_+090/4
Launching new job at opt_tmp/gid_-045_+060/3
Launching new job at opt_tmp/gid_-045_+120/2
Launching new job at opt_tmp/gid_-075_+060/1
Launching new job at opt_tmp/gid_-045_+060/4
Launching new job at opt_tmp/gid_-060_+030/3
Launching new job at opt_tmp/gid_-060_+090/2
Launching new job at opt_tmp/gid_-075_-120/1
Launching new job at opt_tmp/gid_-045_-120/3
Launching new job at opt_tmp/gid_-060_-090/3
Launching new job at opt_tmp/gid_-090_+030/1
Launching new job at opt_tmp/gid_-060_+030/4
Launching new job at opt_tmp/gid_-075_+000/3
Launching new job at opt_tmp/gid_-075_+060/2
Launching new job at opt_tmp/gid_-090_-090/1
Launching new job at opt_tmp/gid_-060_-090/4
Launching new job at opt_tmp/gid_-075_-120/2
Launching new job at opt_tmp/gid_-075_-060/3
Launching new job at opt_tmp/gid_-105_+000/1
Launching new job at opt_tmp/gid_-075_+000/4
Launching new job at opt_tmp/gid_-090_-030/2
Launching new job at opt_tmp/gid_-090_+030/2
Launching new job at opt_tmp/gid_-105_-060/1
Launching new job at opt_tmp/gid_-075_-060/4
Launching new job at opt_tmp/gid_-090_-090/2
Launching new job at opt_tmp/gid_-090_-030/3
Launching new job at opt_tmp/gid_-120_-030/1
Launching new job at opt_tmp/gid_-090_-030/4
Launching new job at opt_tmp/gid_-105_-060/2
Launching new job at opt_tmp/gid_-105_+000/2
Find finished jobs: {'opt_tmp/gid_+090_-090/1'}
Find finished jobs: {'opt_tmp/gid_+075_+060/1'}
Find finished jobs: {'opt_tmp/gid_+075_+000/3', 'opt_tmp/gid_+060_+030/4'}
Find finished jobs: {'opt_tmp/gid_+075_-120/1'}
Find finished jobs: {'opt_tmp/gid_+045_+060/4'}
Find finished jobs: {'opt_tmp/gid_+060_+090/2'}
Find finished jobs: {'opt_tmp/gid_+045_+060/3', 'opt_tmp/gid_+075_-060/3', 'opt_tmp/gid_+060_+030/3'}
Find finished jobs: {'opt_tmp/gid_+075_+060/2'}
Find finished jobs: {'opt_tmp/gid_+090_+030/1'}
Find finished jobs: {'opt_tmp/gid_+045_-120/3', 'opt_tmp/gid_+045_+120/2'}
Find finished jobs: {'opt_tmp/gid_+030_+090/4'}
Find finished jobs: {'opt_tmp/gid_+030_+090/3', 'opt_tmp/gid_+060_-090/4', 'opt_tmp/gid_+060_+090/1'}
Find finished jobs: {'opt_tmp/gid_+090_-030/2'}
Find finished jobs: {'opt_tmp/gid_+075_-120/2', 'opt_tmp/gid_+015_+120/3'}
Find finished jobs: {'opt_tmp/gid_+045_+120/1'}
Find finished jobs: {'opt_tmp/gid_+060_-090/3'}
Find finished jobs: {'opt_tmp/gid_+075_+000/4'}
Find finished jobs: {'opt_tmp/gid_+090_+030/2'}
Find finished jobs: {'opt_tmp/gid_+090_-030/3', 'opt_tmp/gid_+090_-090/2'}
Find finished jobs: {'opt_tmp/gid_+075_-060/4'}
Find finished jobs: {'opt_tmp/gid_-075_+060/2', 'opt_tmp/gid_-045_-120/3'}
Find finished jobs: {'opt_tmp/gid_-030_+090/4', 'opt_tmp/gid_-060_+090/1'}
Find finished jobs: {'opt_tmp/gid_-030_+090/3'}
Find finished jobs: {'opt_tmp/gid_-090_-090/1'}
Find finished jobs: {'opt_tmp/gid_-075_-060/3'}
Find finished jobs: {'opt_tmp/gid_-060_-090/4'}
Find finished jobs: {'opt_tmp/gid_-045_+120/2'}
Find finished jobs: {'opt_tmp/gid_-045_+120/1', 'opt_tmp/gid_-060_+030/3'}
Find finished jobs: {'opt_tmp/gid_-075_-120/1', 'opt_tmp/gid_-045_+060/4'}
Find finished jobs: {'opt_tmp/gid_-075_-120/2'}
Find finished jobs: {'opt_tmp/gid_-060_-090/3'}
Find finished jobs: {'opt_tmp/gid_-015_+120/3'}
Find finished jobs: {'opt_tmp/gid_-090_+030/1'}
Find finished jobs: {'opt_tmp/gid_-045_+060/3'}
Find finished jobs: {'opt_tmp/gid_-060_+090/2'}
Find finished jobs: {'opt_tmp/gid_-075_+000/4'}
Find finished jobs: {'opt_tmp/gid_-105_+000/1'}
Find finished jobs: {'opt_tmp/gid_-075_+060/1'}
Find finished jobs: {'opt_tmp/gid_-075_+000/3'}
Find finished jobs: {'opt_tmp/gid_-090_-030/3'}
Find finished jobs: {'opt_tmp/gid_-090_-090/2'}
Find finished jobs: {'opt_tmp/gid_-060_+030/4'}
Find finished jobs: {'opt_tmp/gid_-075_-060/4'}
Find finished jobs: {'opt_tmp/gid_-090_-030/2'}
Find finished jobs: {'opt_tmp/gid_-105_-060/2'}
Find finished jobs: {'opt_tmp/gid_-090_+030/2'}
Find finished jobs: {'opt_tmp/gid_-105_+000/2'}
Find finished jobs: {'opt_tmp/gid_-105_-060/1'}
Find finished jobs: {'opt_tmp/gid_-090_-030/4'}
Find finished jobs: {'opt_tmp/gid_-120_-030/1'}
First energy for grid_id (45, 120) = -194.2919111148
First energy for grid_id (60, 90) = -194.2941557627
First energy for grid_id (75, 60) = -194.2939094751
First energy for grid_id (75, -120) = -194.2927997308
First energy for grid_id (90, 30) = -194.2901319124
First energy for grid_id (90, -90) = -194.2917479047
First energy for grid_id (-45, 120) = -194.2915960981
First energy for grid_id (-60, 90) = -194.2941794639
First energy for grid_id (-75, 60) = -194.2942064563
First energy for grid_id (-75, -120) = -194.2916100891
First energy for grid_id (-90, 30) = -194.29065832
First energy for grid_id (-90, -90) = -194.2905174944
First energy for grid_id (-105, 0) = -194.2867249735
First energy for grid_id (-105, -60) = -194.2893347825
First energy for grid_id (-120, -30) = -194.2871868295
Task with target grid_id (45, 150) skipped because 150 doesn't fit in range limit
Task with target grid_id (75, -150) skipped because -150 doesn't fit in range limit
Task with target grid_id (105, 30) skipped because 105 doesn't fit in range limit
Task with target grid_id (105, -90) skipped because 105 doesn't fit in range limit
Task with target grid_id (-45, 150) skipped because 150 doesn't fit in range limit
Task with target grid_id (-75, -150) skipped because -150 doesn't fit in range limit
Scan Status at 3060 s
--== Ramachandran Plot of Optimization Status ==--
--== Blue: Optimized, Green: Found Lower, Red: Next ==--
    -165  -120   -75   -30    15    60   105   150
 180                                                 
 150                                                 
 120               [41m／[0m[44m--[0m[1;41m＞[0m[44m--[0m[44m--[0m[44m--[0m[1;41m＜[0m[44m--[0m[41m＼[0m                
  90             [41m／[0m[44m--[0m[41m／[0m[44m--[0m[44m--[0m[44m--[0m[44m--[0m[44m--[0m[41m＼[0m[44m--[0m[41m＼[0m              
  60           [41m／[0m[44m--[0m[41m／[0m[44m--[0m[44m--[0m[44m--[0m[44m--[0m[44m--[0m[44m--[0m[44m--[0m[41m＼[0m[44m--[0m[41m＼[0m            
  30         [41m／[0m[44m--[0m[41m／[0m[44m--[0m[44m--[0m[44m--[0m[44m--[0m[44m--[0m[44m--[0m[44m--[0m[44m--[0m[44m--[0m[41m＼[0m[44m--[0m            
   0       [41m／[0m[44m--[0m[41m／[0m[44m--[0m[44m--[0m[44m--[0m[44m--[0m[44m--[0m[44m--[0m[44m--[0m[44m--[0m[44m--[0m[44m--[0m[44m--[0m[1;41m\/[0m            
 -30     [1;41m＜[0m[44m--[0m[1;41m><[0m[44m--[0m[44m--[0m[44m--[0m[44m--[0m[44m--[0m[44m--[0m[44m--[0m[44m--[0m[44m--[0m[44m--[0m[44m--[0m[44m--[0m[44m--[0m            
 -60       [41m＼[0m[44m--[0m[41m＼[0m[44m--[0m[44m--[0m[44m--[0m[44m--[0m[44m--[0m[44m--[0m[44m--[0m[44m--[0m[44m--[0m[44m--[0m[44m--[0m[1;41m/\[0m            
 -90         [41m＼[0m[44m--[0m[41m＼[0m[44m--[0m[44m--[0m[44m--[0m[44m--[0m[44m--[0m[44m--[0m[44m--[0m[44m--[0m[44m--[0m[41m／[0m[44m--[0m            
-120           [41m＼[0m[44m--[0m[1;41m＞[0m[44m--[0m[44m--[0m[44m--[0m[44m--[0m[44m--[0m[44m--[0m[44m--[0m[1;41m＜[0m[44m--[0m[41m／[0m            
-150                                                 

Launching new job at opt_tmp/gid_+030_+120/3
Launching new job at opt_tmp/gid_+060_+120/1
Launching new job at opt_tmp/gid_+045_+090/3
Launching new job at opt_tmp/gid_+045_+090/4
Launching new job at opt_tmp/gid_+075_+090/1
Launching new job at opt_tmp/gid_+060_+060/3
Launching new job at opt_tmp/gid_+060_+120/2
Launching new job at opt_tmp/gid_+060_+060/4
Launching new job at opt_tmp/gid_+090_+060/1
Launching new job at opt_tmp/gid_+075_+030/3
Launching new job at opt_tmp/gid_+075_+090/2
Launching new job at opt_tmp/gid_+060_-120/3
Launching new job at opt_tmp/gid_+090_-120/1
Launching new job at opt_tmp/gid_+075_-090/3
Launching new job at opt_tmp/gid_+075_+030/4
Launching new job at opt_tmp/gid_+090_+000/3
Launching new job at opt_tmp/gid_+090_+060/2
Launching new job at opt_tmp/gid_+075_-090/4
Launching new job at opt_tmp/gid_+090_-120/2
Launching new job at opt_tmp/gid_+090_-060/3
Launching new job at opt_tmp/gid_-060_+120/1
Launching new job at opt_tmp/gid_-030_+120/3
Launching new job at opt_tmp/gid_-045_+090/3
Launching new job at opt_tmp/gid_-075_+090/1
Launching new job at opt_tmp/gid_-045_+090/4
Launching new job at opt_tmp/gid_-060_+060/3
Launching new job at opt_tmp/gid_-060_+120/2
Launching new job at opt_tmp/gid_-090_+060/1
Launching new job at opt_tmp/gid_-060_+060/4
Launching new job at opt_tmp/gid_-075_+030/3
Launching new job at opt_tmp/gid_-075_+090/2
Launching new job at opt_tmp/gid_-090_-120/1
Launching new job at opt_tmp/gid_-060_-120/3
Launching new job at opt_tmp/gid_-075_-090/3
Launching new job at opt_tmp/gid_-105_+030/1
Launching new job at opt_tmp/gid_-075_+030/4
Launching new job at opt_tmp/gid_-090_+000/3
Launching new job at opt_tmp/gid_-090_+060/2
Launching new job at opt_tmp/gid_-105_-090/1
Launching new job at opt_tmp/gid_-075_-090/4
Launching new job at opt_tmp/gid_-090_-120/2
Launching new job at opt_tmp/gid_-090_-060/3
Launching new job at opt_tmp/gid_-120_+000/1
Launching new job at opt_tmp/gid_-090_+000/4
Launching new job at opt_tmp/gid_-105_-030/2
Launching new job at opt_tmp/gid_-105_+030/2
Launching new job at opt_tmp/gid_-120_-060/1
Launching new job at opt_tmp/gid_-090_-060/4
Launching new job at opt_tmp/gid_-105_-090/2
Launching new job at opt_tmp/gid_-105_-030/3
Launching new job at opt_tmp/gid_-135_-030/1
Launching new job at opt_tmp/gid_-105_-030/4
Launching new job at opt_tmp/gid_-120_-060/2
Launching new job at opt_tmp/gid_-120_+000/2
Find finished jobs: {'opt_tmp/gid_+090_+000/3'}
Find finished jobs: {'opt_tmp/gid_+090_+060/2', 'opt_tmp/gid_+075_+090/2'}
Find finished jobs: {'opt_tmp/gid_+045_+090/3', 'opt_tmp/gid_-060_+120/1'}
Find finished jobs: {'opt_tmp/gid_+060_-120/3'}
Find finished jobs: {'opt_tmp/gid_+075_+030/3'}
Find finished jobs: {'opt_tmp/gid_+060_+060/3'}
Find finished jobs: {'opt_tmp/gid_+090_-060/3'}
Find finished jobs: {'opt_tmp/gid_+075_-090/4', 'opt_tmp/gid_+090_-120/1'}
Find finished jobs: {'opt_tmp/gid_-030_+120/3', 'opt_tmp/gid_+075_+090/1'}
Find finished jobs: {'opt_tmp/gid_+045_+090/4', 'opt_tmp/gid_+060_+120/1', 'opt_tmp/gid_+030_+120/3'}
Find finished jobs: {'opt_tmp/gid_+060_+060/4', 'opt_tmp/gid_+060_+120/2'}
Find finished jobs: {'opt_tmp/gid_+090_+060/1'}
Find finished jobs: {'opt_tmp/gid_+075_+030/4', 'opt_tmp/gid_-045_+090/3'}
Find finished jobs: {'opt_tmp/gid_-075_+090/1'}
Find finished jobs: {'opt_tmp/gid_+075_-090/3'}
Find finished jobs: {'opt_tmp/gid_+090_-120/2'}
Find finished jobs: {'opt_tmp/gid_-045_+090/4'}
Find finished jobs: {'opt_tmp/gid_-060_+120/2'}
Find finished jobs: {'opt_tmp/gid_-090_+060/1'}
Find finished jobs: {'opt_tmp/gid_-060_+060/3'}
Find finished jobs: {'opt_tmp/gid_-090_+000/4'}
Find finished jobs: {'opt_tmp/gid_-075_+030/3'}
Find finished jobs: {'opt_tmp/gid_-120_+000/1'}
Find finished jobs: {'opt_tmp/gid_-090_+060/2', 'opt_tmp/gid_-075_+090/2'}
Find finished jobs: {'opt_tmp/gid_-090_-060/3'}
Find finished jobs: {'opt_tmp/gid_-090_+000/3', 'opt_tmp/gid_-105_-090/2'}
Find finished jobs: {'opt_tmp/gid_-060_-120/3', 'opt_tmp/gid_-090_-120/1'}
Find finished jobs: {'opt_tmp/gid_-105_-030/3'}
Find finished jobs: {'opt_tmp/gid_-075_-090/3'}
Find finished jobs: {'opt_tmp/gid_-105_+030/2', 'opt_tmp/gid_-090_-060/4'}
Find finished jobs: {'opt_tmp/gid_-075_+030/4'}
Find finished jobs: {'opt_tmp/gid_-075_-090/4', 'opt_tmp/gid_-105_+030/1'}
Find finished jobs: {'opt_tmp/gid_-090_-120/2'}
Find finished jobs: {'opt_tmp/gid_-105_-030/2'}
Find finished jobs: {'opt_tmp/gid_-060_+060/4'}
Find finished jobs: {'opt_tmp/gid_-105_-090/1'}
Find finished jobs: {'opt_tmp/gid_-120_-060/1'}
Find finished jobs: {'opt_tmp/gid_-135_-030/1'}
Find finished jobs: {'opt_tmp/gid_-120_-060/2'}
Find finished jobs: {'opt_tmp/gid_-120_+000/2'}
Find finished jobs: {'opt_tmp/gid_-105_-030/4'}
First energy for grid_id (60, 120) = -194.2928007702
First energy for grid_id (75, 90) = -194.2929189587
First energy for grid_id (90, 60) = -194.2914509566
First energy for grid_id (90, -120) = -194.2907080132
First energy for grid_id (-60, 120) = -194.2932394575
First energy for grid_id (-75, 90) = -194.293717675
First energy for grid_id (-90, 60) = -194.2923432566
First energy for grid_id (-90, -120) = -194.28926799
First energy for grid_id (-105, 30) = -194.2883615314
First energy for grid_id (-105, -90) = -194.2885543944
First energy for grid_id (-120, 0) = -194.2858132121
First energy for grid_id (-120, -60) = -194.2889437549
First energy for grid_id (-135, -30) = -194.2885841654
Task with target grid_id (60, 150) skipped because 150 doesn't fit in range limit
Task with target grid_id (105, 60) skipped because 105 doesn't fit in range limit
Task with target grid_id (105, -120) skipped because 105 doesn't fit in range limit
Task with target grid_id (90, -150) skipped because -150 doesn't fit in range limit
Task with target grid_id (-60, 150) skipped because 150 doesn't fit in range limit
Task with target grid_id (-90, -150) skipped because -150 doesn't fit in range limit
Scan Status at 3392 s
--== Ramachandran Plot of Optimization Status ==--
--== Blue: Optimized, Green: Found Lower, Red: Next ==--
    -165  -120   -75   -30    15    60   105   150
 180                                                 
 150                                                 
 120             [41m／[0m[44m--[0m[1;41m＞[0m[44m--[0m[44m--[0m[44m--[0m[44m--[0m[44m--[0m[1;41m＜[0m[44m--[0m[41m＼[0m              
  90           [41m／[0m[44m--[0m[41m／[0m[44m--[0m[44m--[0m[44m--[0m[44m--[0m[44m--[0m[44m--[0m[44m--[0m[41m＼[0m[44m--[0m[41m＼[0m            
  60         [41m／[0m[44m--[0m[41m／[0m[44m--[0m[44m--[0m[44m--[0m[44m--[0m[44m--[0m[44m--[0m[44m--[0m[44m--[0m[44m--[0m[41m＼[0m[44m--[0m            
  30       [41m／[0m[44m--[0m[41m／[0m[44m--[0m[44m--[0m[44m--[0m[44m--[0m[44m--[0m[44m--[0m[44m--[0m[44m--[0m[44m--[0m[44m--[0m[44m--[0m[1;41m\/[0m            
   0     [41m／[0m[44m--[0m[41m／[0m[44m--[0m[44m--[0m[44m--[0m[44m--[0m[44m--[0m[44m--[0m[44m--[0m[44m--[0m[44m--[0m[44m--[0m[44m--[0m[44m--[0m[44m--[0m            
 -30   [1;41m＜[0m[44m--[0m[1;41m><[0m[44m--[0m[44m--[0m[44m--[0m[44m--[0m[44m--[0m[44m--[0m[44m--[0m[44m--[0m[44m--[0m[44m--[0m[44m--[0m[44m--[0m[44m--[0m[44m--[0m            
 -60     [41m＼[0m[44m--[0m[41m＼[0m[44m--[0m[44m--[0m[44m--[0m[44m--[0m[44m--[0m[44m--[0m[44m--[0m[44m--[0m[44m--[0m[44m--[0m[44m--[0m[44m--[0m[44m--[0m            
 -90       [41m＼[0m[44m--[0m[41m＼[0m[44m--[0m[44m--[0m[44m--[0m[44m--[0m[44m--[0m[44m--[0m[44m--[0m[44m--[0m[44m--[0m[44m--[0m[44m--[0m[1;41m/\[0m            
-120         [41m＼[0m[44m--[0m[1;41m＞[0m[44m--[0m[44m--[0m[44m--[0m[44m--[0m[44m--[0m[44m--[0m[44m--[0m[44m--[0m[44m--[0m[1;41m＜[0m[44m--[0m            
-150                                                 

Launching new job at opt_tmp/gid_+045_+120/3
Launching new job at opt_tmp/gid_+075_+120/1
Launching new job at opt_tmp/gid_+060_+090/3
Launching new job at opt_tmp/gid_+060_+090/4
Launching new job at opt_tmp/gid_+090_+090/1
Launching new job at opt_tmp/gid_+075_+060/3
Launching new job at opt_tmp/gid_+075_+120/2
Launching new job at opt_tmp/gid_+075_+060/4
Launching new job at opt_tmp/gid_+090_+030/3
Launching new job at opt_tmp/gid_+090_+090/2
Launching new job at opt_tmp/gid_+075_-120/3
Launching new job at opt_tmp/gid_+090_-090/3
Launching new job at opt_tmp/gid_-075_+120/1
Launching new job at opt_tmp/gid_-045_+120/3
Launching new job at opt_tmp/gid_-060_+090/3
Launching new job at opt_tmp/gid_-090_+090/1
Launching new job at opt_tmp/gid_-060_+090/4
Launching new job at opt_tmp/gid_-075_+060/3
Launching new job at opt_tmp/gid_-075_+120/2
Launching new job at opt_tmp/gid_-105_+060/1
Launching new job at opt_tmp/gid_-075_+060/4
Launching new job at opt_tmp/gid_-090_+030/3
Launching new job at opt_tmp/gid_-090_+090/2
Launching new job at opt_tmp/gid_-105_-120/1
Launching new job at opt_tmp/gid_-075_-120/3
Launching new job at opt_tmp/gid_-090_-090/3
Launching new job at opt_tmp/gid_-120_+030/1
Launching new job at opt_tmp/gid_-090_+030/4
Launching new job at opt_tmp/gid_-105_+000/3
Launching new job at opt_tmp/gid_-105_+060/2
Launching new job at opt_tmp/gid_-120_-090/1
Launching new job at opt_tmp/gid_-090_-090/4
Launching new job at opt_tmp/gid_-105_-120/2
Launching new job at opt_tmp/gid_-105_-060/3
Launching new job at opt_tmp/gid_-135_+000/1
Launching new job at opt_tmp/gid_-105_+000/4
Launching new job at opt_tmp/gid_-120_-030/2
Launching new job at opt_tmp/gid_-120_+030/2
Launching new job at opt_tmp/gid_-135_-060/1
Launching new job at opt_tmp/gid_-105_-060/4
Launching new job at opt_tmp/gid_-120_-090/2
Launching new job at opt_tmp/gid_-120_-030/3
Launching new job at opt_tmp/gid_-150_-030/1
Launching new job at opt_tmp/gid_-120_-030/4
Launching new job at opt_tmp/gid_-135_-060/2
Launching new job at opt_tmp/gid_-135_+000/2
Find finished jobs: {'opt_tmp/gid_-075_+060/4', 'opt_tmp/gid_-105_+060/1'}
Find finished jobs: {'opt_tmp/gid_-075_+120/1'}
Find finished jobs: {'opt_tmp/gid_+075_-120/3'}
Find finished jobs: {'opt_tmp/gid_+090_+090/1'}
Find finished jobs: {'opt_tmp/gid_+075_+060/4'}
Find finished jobs: {'opt_tmp/gid_+090_+030/3'}
Find finished jobs: {'opt_tmp/gid_+075_+060/3'}
Find finished jobs: {'opt_tmp/gid_-075_+060/3'}
Find finished jobs: {'opt_tmp/gid_-090_+030/3'}
Find finished jobs: {'opt_tmp/gid_+060_+090/3', 'opt_tmp/gid_-060_+090/4'}
Find finished jobs: {'opt_tmp/gid_-045_+120/3', 'opt_tmp/gid_+045_+120/3'}
Find finished jobs: {'opt_tmp/gid_+075_+120/1', 'opt_tmp/gid_-090_+090/1', 'opt_tmp/gid_+060_+090/4'}
Find finished jobs: {'opt_tmp/gid_+090_+090/2'}
Find finished jobs: {'opt_tmp/gid_+090_-090/3'}
Find finished jobs: {'opt_tmp/gid_-075_+120/2'}
Find finished jobs: {'opt_tmp/gid_-060_+090/3', 'opt_tmp/gid_+075_+120/2'}
Find finished jobs: {'opt_tmp/gid_-090_+090/2'}
Find finished jobs: {'opt_tmp/gid_-105_-120/1'}
Find finished jobs: {'opt_tmp/gid_-090_-090/3', 'opt_tmp/gid_-075_-120/3'}
Find finished jobs: {'opt_tmp/gid_-120_+030/1', 'opt_tmp/gid_-090_+030/4'}
Find finished jobs: {'opt_tmp/gid_-135_-060/2'}
Find finished jobs: {'opt_tmp/gid_-105_+060/2'}
Find finished jobs: {'opt_tmp/gid_-105_+000/3'}
Find finished jobs: {'opt_tmp/gid_-105_-060/3'}
Find finished jobs: {'opt_tmp/gid_-135_+000/2'}
Find finished jobs: {'opt_tmp/gid_-120_+030/2', 'opt_tmp/gid_-120_-030/3'}
Find finished jobs: {'opt_tmp/gid_-120_-030/2'}
Find finished jobs: {'opt_tmp/gid_-120_-090/2'}
Find finished jobs: {'opt_tmp/gid_-105_-120/2', 'opt_tmp/gid_-120_-090/1'}
Find finished jobs: {'opt_tmp/gid_-090_-090/4'}
Find finished jobs: {'opt_tmp/gid_-135_+000/1'}
Find finished jobs: {'opt_tmp/gid_-135_-060/1'}
Find finished jobs: {'opt_tmp/gid_-150_-030/1'}
Find finished jobs: {'opt_tmp/gid_-105_+000/4'}
Find finished jobs: {'opt_tmp/gid_-120_-030/4'}
Find finished jobs: {'opt_tmp/gid_-105_-060/4'}
First energy for grid_id (75, 120) = -194.2916100894
First energy for grid_id (90, 90) = -194.2905176224
First energy for grid_id (-75, 120) = -194.2927997309
First energy for grid_id (-90, 90) = -194.2917479058
First energy for grid_id (-105, 60) = -194.2901109965
First energy for grid_id (-105, -120) = -194.2873424811
First energy for grid_id (-120, 30) = -194.2872398151
First energy for grid_id (-120, -90) = -194.2882603415
First energy for grid_id (-135, 0) = -194.2870098092
First energy for grid_id (-135, -60) = -194.2903401317
First energy for grid_id (-150, -30) = -194.2909552329
Task with target grid_id (75, 150) skipped because 150 doesn't fit in range limit
Task with target grid_id (105, 90) skipped because 105 doesn't fit in range limit
Task with target grid_id (-75, 150) skipped because 150 doesn't fit in range limit
Task with target grid_id (-105, -150) skipped because -150 doesn't fit in range limit
Task with target grid_id (-165, -30) skipped because -165 doesn't fit in range limit
Scan Status at 3664 s
--== Ramachandran Plot of Optimization Status ==--
--== Blue: Optimized, Green: Found Lower, Red: Next ==--
    -165  -120   -75   -30    15    60   105   150
 180                                                 
 150                                                 
 120           [41m／[0m[44m--[0m[1;41m＞[0m[44m--[0m[44m--[0m[44m--[0m[44m--[0m[44m--[0m[44m--[0m[44m--[0m[1;41m＜[0m[44m--[0m[41m＼[0m            
  90         [41m／[0m[44m--[0m[41m／[0m[44m--[0m[44m--[0m[44m--[0m[44m--[0m[44m--[0m[44m--[0m[44m--[0m[44m--[0m[44m--[0m[41m＼[0m[44m--[0m            
  60       [41m／[0m[44m--[0m[41m／[0m[44m--[0m[44m--[0m[44m--[0m[44m--[0m[44m--[0m[44m--[0m[44m--[0m[44m--[0m[44m--[0m[44m--[0m[44m--[0m[1;41m\/[0m            
  30     [41m／[0m[44m--[0m[41m／[0m[44m--[0m[44m--[0m[44m--[0m[44m--[0m[44m--[0m[44m--[0m[44m--[0m[44m--[0m[44m--[0m[44m--[0m[44m--[0m[44m--[0m[44m--[0m            
   0   [41m／[0m[44m--[0m[41m／[0m[44m--[0m[44m--[0m[44m--[0m[44m--[0m[44m--[0m[44m--[0m[44m--[0m[44m--[0m[44m--[0m[44m--[0m[44m--[0m[44m--[0m[44m--[0m[44m--[0m            
 -30   [44m--[0m[1;41m><[0m[44m--[0m[44m--[0m[44m--[0m[44m--[0m[44m--[0m[44m--[0m[44m--[0m[44m--[0m[44m--[0m[44m--[0m[44m--[0m[44m--[0m[44m--[0m[44m--[0m[44m--[0m            
 -60   [41m＼[0m[44m--[0m[41m＼[0m[44m--[0m[44m--[0m[44m--[0m[44m--[0m[44m--[0m[44m--[0m[44m--[0m[44m--[0m[44m--[0m[44m--[0m[44m--[0m[44m--[0m[44m--[0m[44m--[0m            
 -90     [41m＼[0m[44m--[0m[41m＼[0m[44m--[0m[44m--[0m[44m--[0m[44m--[0m[44m--[0m[44m--[0m[44m--[0m[44m--[0m[44m--[0m[44m--[0m[44m--[0m[44m--[0m[44m--[0m            
-120       [41m＼[0m[44m--[0m[1;41m＞[0m[44m--[0m[44m--[0m[44m--[0m[44m--[0m[44m--[0m[44m--[0m[44m--[0m[44m--[0m[44m--[0m[44m--[0m[44m--[0m[44m--[0m            
-150                                                 

Launching new job at opt_tmp/gid_+060_+120/3
Launching new job at opt_tmp/gid_+090_+120/1
Launching new job at opt_tmp/gid_+075_+090/3
Launching new job at opt_tmp/gid_+075_+090/4
Launching new job at opt_tmp/gid_+090_+060/3
Launching new job at opt_tmp/gid_+090_+120/2
Launching new job at opt_tmp/gid_-090_+120/1
Launching new job at opt_tmp/gid_-060_+120/3
Launching new job at opt_tmp/gid_-075_+090/3
Launching new job at opt_tmp/gid_-105_+090/1
Launching new job at opt_tmp/gid_-075_+090/4
Launching new job at opt_tmp/gid_-090_+060/3
Launching new job at opt_tmp/gid_-090_+120/2
Launching new job at opt_tmp/gid_-120_+060/1
Launching new job at opt_tmp/gid_-090_+060/4
Launching new job at opt_tmp/gid_-105_+030/3
Launching new job at opt_tmp/gid_-105_+090/2
Launching new job at opt_tmp/gid_-120_-120/1
Launching new job at opt_tmp/gid_-090_-120/3
Launching new job at opt_tmp/gid_-105_-090/3
Launching new job at opt_tmp/gid_-135_+030/1
Launching new job at opt_tmp/gid_-105_+030/4
Launching new job at opt_tmp/gid_-120_+000/3
Launching new job at opt_tmp/gid_-120_+060/2
Launching new job at opt_tmp/gid_-135_-090/1
Launching new job at opt_tmp/gid_-105_-090/4
Launching new job at opt_tmp/gid_-120_-120/2
Launching new job at opt_tmp/gid_-120_-060/3
Launching new job at opt_tmp/gid_-150_+000/1
Launching new job at opt_tmp/gid_-120_+000/4
Launching new job at opt_tmp/gid_-135_-030/2
Launching new job at opt_tmp/gid_-135_+030/2
Launching new job at opt_tmp/gid_-150_-060/1
Launching new job at opt_tmp/gid_-120_-060/4
Launching new job at opt_tmp/gid_-135_-090/2
Launching new job at opt_tmp/gid_-135_-030/3
Launching new job at opt_tmp/gid_-135_-030/4
Launching new job at opt_tmp/gid_-150_-060/2
Launching new job at opt_tmp/gid_-150_+000/2
Find finished jobs: {'opt_tmp/gid_-075_+090/4'}
Find finished jobs: {'opt_tmp/gid_-105_+030/3'}
Find finished jobs: {'opt_tmp/gid_+075_+090/3'}
Find finished jobs: {'opt_tmp/gid_-090_+120/1'}
Find finished jobs: {'opt_tmp/gid_-090_+060/4'}
Find finished jobs: {'opt_tmp/gid_-120_+060/1'}
Find finished jobs: {'opt_tmp/gid_-090_+060/3'}
Find finished jobs: {'opt_tmp/gid_+090_+060/3'}
Find finished jobs: {'opt_tmp/gid_-060_+120/3'}
Find finished jobs: {'opt_tmp/gid_-105_+090/2'}
Find finished jobs: {'opt_tmp/gid_+090_+120/1', 'opt_tmp/gid_+060_+120/3'}
Find finished jobs: {'opt_tmp/gid_-120_+000/3'}
Find finished jobs: {'opt_tmp/gid_-075_+090/3', 'opt_tmp/gid_-090_+120/2'}
Find finished jobs: {'opt_tmp/gid_-105_+090/1'}
Find finished jobs: {'opt_tmp/gid_-120_+060/2', 'opt_tmp/gid_+090_+120/2'}
Find finished jobs: {'opt_tmp/gid_-105_-090/3', 'opt_tmp/gid_+075_+090/4'}
Find finished jobs: {'opt_tmp/gid_-105_+030/4'}
Find finished jobs: {'opt_tmp/gid_-135_+030/1'}
Find finished jobs: {'opt_tmp/gid_-120_-120/1', 'opt_tmp/gid_-090_-120/3'}
Find finished jobs: {'opt_tmp/gid_-135_-090/1'}
Find finished jobs: {'opt_tmp/gid_-120_-060/3'}
Find finished jobs: {'opt_tmp/gid_-120_-120/2', 'opt_tmp/gid_-105_-090/4'}
Find finished jobs: {'opt_tmp/gid_-135_-090/2'}
Find finished jobs: {'opt_tmp/gid_-150_+000/2'}
Find finished jobs: {'opt_tmp/gid_-135_-030/2'}
Find finished jobs: {'opt_tmp/gid_-150_+000/1'}
Find finished jobs: {'opt_tmp/gid_-135_-030/3', 'opt_tmp/gid_-150_-060/2'}
Find finished jobs: {'opt_tmp/gid_-135_+030/2'}
Find finished jobs: {'opt_tmp/gid_-120_+000/4'}
Find finished jobs: {'opt_tmp/gid_-135_-030/4'}
Find finished jobs: {'opt_tmp/gid_-120_-060/4'}
Find finished jobs: {'opt_tmp/gid_-150_-060/1'}
First energy for grid_id (90, 120) = -194.2892679905
First energy for grid_id (-90, 120) = -194.2907080131
First energy for grid_id (-105, 90) = -194.289422718
First energy for grid_id (-120, 60) = -194.2888758321
First energy for grid_id (-120, -120) = -194.2870697797
First energy for grid_id (-135, 30) = -194.2881267304
First energy for grid_id (-135, -90) = -194.2897047649
First energy for grid_id (-150, 0) = -194.2894437582
First energy for grid_id (-150, -60) = -194.2925749666
Task with target grid_id (105, 120) skipped because 105 doesn't fit in range limit
Task with target grid_id (90, 150) skipped because 150 doesn't fit in range limit
Task with target grid_id (-90, 150) skipped because 150 doesn't fit in range limit
Task with target grid_id (-120, -150) skipped because -150 doesn't fit in range limit
Task with target grid_id (-165, 0) skipped because -165 doesn't fit in range limit
Task with target grid_id (-165, -60) skipped because -165 doesn't fit in range limit
Scan Status at 3914 s
--== Ramachandran Plot of Optimization Status ==--
--== Blue: Optimized, Green: Found Lower, Red: Next ==--
    -165  -120   -75   -30    15    60   105   150
 180                                                 
 150                                                 
 120         [41m／[0m[44m--[0m[1;41m＞[0m[44m--[0m[44m--[0m[44m--[0m[44m--[0m[44m--[0m[44m--[0m[44m--[0m[44m--[0m[44m--[0m[1;41m＜[0m[44m--[0m            
  90       [41m／[0m[44m--[0m[41m／[0m[44m--[0m[44m--[0m[44m--[0m[44m--[0m[44m--[0m[44m--[0m[44m--[0m[44m--[0m[44m--[0m[44m--[0m[44m--[0m[1;41m\/[0m            
  60     [41m／[0m[44m--[0m[41m／[0m[44m--[0m[44m--[0m[44m--[0m[44m--[0m[44m--[0m[44m--[0m[44m--[0m[44m--[0m[44m--[0m[44m--[0m[44m--[0m[44m--[0m[44m--[0m            
  30   [41m／[0m[44m--[0m[41m／[0m[44m--[0m[44m--[0m[44m--[0m[44m--[0m[44m--[0m[44m--[0m[44m--[0m[44m--[0m[44m--[0m[44m--[0m[44m--[0m[44m--[0m[44m--[0m[44m--[0m            
   0   [44m--[0m[41m／[0m[44m--[0m[44m--[0m[44m--[0m[44m--[0m[44m--[0m[44m--[0m[44m--[0m[44m--[0m[44m--[0m[44m--[0m[44m--[0m[44m--[0m[44m--[0m[44m--[0m[44m--[0m            
 -30   [1;41m><[0m[44m--[0m[44m--[0m[44m--[0m[44m--[0m[44m--[0m[44m--[0m[44m--[0m[44m--[0m[44m--[0m[44m--[0m[44m--[0m[44m--[0m[44m--[0m[44m--[0m[44m--[0m[44m--[0m            
 -60   [44m--[0m[41m＼[0m[44m--[0m[44m--[0m[44m--[0m[44m--[0m[44m--[0m[44m--[0m[44m--[0m[44m--[0m[44m--[0m[44m--[0m[44m--[0m[44m--[0m[44m--[0m[44m--[0m[44m--[0m            
 -90   [41m＼[0m[44m--[0m[41m＼[0m[44m--[0m[44m--[0m[44m--[0m[44m--[0m[44m--[0m[44m--[0m[44m--[0m[44m--[0m[44m--[0m[44m--[0m[44m--[0m[44m--[0m[44m--[0m[44m--[0m            
-120     [41m＼[0m[44m--[0m[1;41m＞[0m[44m--[0m[44m--[0m[44m--[0m[44m--[0m[44m--[0m[44m--[0m[44m--[0m[44m--[0m[44m--[0m[44m--[0m[44m--[0m[44m--[0m[44m--[0m            
-150                                                 

Launching new job at opt_tmp/gid_+075_+120/3
Launching new job at opt_tmp/gid_+090_+090/3
Launching new job at opt_tmp/gid_-105_+120/1
Launching new job at opt_tmp/gid_-075_+120/3
Launching new job at opt_tmp/gid_-090_+090/3
Launching new job at opt_tmp/gid_-120_+090/1
Launching new job at opt_tmp/gid_-090_+090/4
Launching new job at opt_tmp/gid_-105_+060/3
Launching new job at opt_tmp/gid_-105_+120/2
Launching new job at opt_tmp/gid_-135_+060/1
Launching new job at opt_tmp/gid_-105_+060/4
Launching new job at opt_tmp/gid_-120_+030/3
Launching new job at opt_tmp/gid_-120_+090/2
Launching new job at opt_tmp/gid_-135_-120/1
Launching new job at opt_tmp/gid_-105_-120/3
Launching new job at opt_tmp/gid_-120_-090/3
Launching new job at opt_tmp/gid_-150_+030/1
Launching new job at opt_tmp/gid_-120_+030/4
Launching new job at opt_tmp/gid_-135_+000/3
Launching new job at opt_tmp/gid_-135_+060/2
Launching new job at opt_tmp/gid_-150_-090/1
Launching new job at opt_tmp/gid_-120_-090/4
Launching new job at opt_tmp/gid_-135_-120/2
Launching new job at opt_tmp/gid_-135_-060/3
Launching new job at opt_tmp/gid_-135_+000/4
Launching new job at opt_tmp/gid_-150_-030/2
Launching new job at opt_tmp/gid_-150_+030/2
Launching new job at opt_tmp/gid_-135_-060/4
Launching new job at opt_tmp/gid_-150_-090/2
Launching new job at opt_tmp/gid_-150_-030/3
Find finished jobs: {'opt_tmp/gid_-150_+030/1'}
Find finished jobs: {'opt_tmp/gid_+075_+120/3'}
Find finished jobs: {'opt_tmp/gid_-105_+120/1'}
Find finished jobs: {'opt_tmp/gid_-135_-120/1', 'opt_tmp/gid_-120_-090/4'}
Find finished jobs: {'opt_tmp/gid_-105_+060/4'}
Find finished jobs: {'opt_tmp/gid_-105_+060/3'}
Find finished jobs: {'opt_tmp/gid_-120_+030/3'}
Find finished jobs: {'opt_tmp/gid_-135_+060/2'}
Find finished jobs: {'opt_tmp/gid_-135_+000/3'}
Find finished jobs: {'opt_tmp/gid_-120_+090/2', 'opt_tmp/gid_-075_+120/3'}
Find finished jobs: {'opt_tmp/gid_-090_+090/4'}
Find finished jobs: {'opt_tmp/gid_-105_+120/2', 'opt_tmp/gid_-135_-060/3', 'opt_tmp/gid_-090_+090/3'}
Find finished jobs: {'opt_tmp/gid_+090_+090/3'}
Find finished jobs: {'opt_tmp/gid_-120_-090/3'}
Find finished jobs: {'opt_tmp/gid_-135_-120/2'}
Find finished jobs: {'opt_tmp/gid_-150_-090/1'}
Find finished jobs: {'opt_tmp/gid_-105_-120/3', 'opt_tmp/gid_-120_+090/1'}
Find finished jobs: {'opt_tmp/gid_-135_+060/1', 'opt_tmp/gid_-120_+030/4'}
Find finished jobs: {'opt_tmp/gid_-150_-030/2', 'opt_tmp/gid_-135_+000/4'}
Find finished jobs: {'opt_tmp/gid_-135_-060/4'}
Find finished jobs: {'opt_tmp/gid_-150_+030/2'}
Find finished jobs: {'opt_tmp/gid_-150_-090/2'}
Find finished jobs: {'opt_tmp/gid_-150_-030/3'}
First energy for grid_id (-105, 120) = -194.288260262
First energy for grid_id (-120, 90) = -194.2880968029
First energy for grid_id (-135, 60) = -194.2895098944
First energy for grid_id (-135, -120) = -194.2885116238
First energy for grid_id (-150, 30) = -194.2904131601
First energy for grid_id (-150, -90) = -194.291893827
Task with target grid_id (-105, 150) skipped because 150 doesn't fit in range limit
Task with target grid_id (-135, -150) skipped because -150 doesn't fit in range limit
Task with target grid_id (-165, 30) skipped because -165 doesn't fit in range limit
Task with target grid_id (-165, -90) skipped because -165 doesn't fit in range limit
Scan Status at 4098 s
--== Ramachandran Plot of Optimization Status ==--
--== Blue: Optimized, Green: Found Lower, Red: Next ==--
    -165  -120   -75   -30    15    60   105   150
 180                                                 
 150                                                 
 120       [41m／[0m[44m--[0m[1;41m＞[0m[44m--[0m[44m--[0m[44m--[0m[44m--[0m[44m--[0m[44m--[0m[44m--[0m[44m--[0m[44m--[0m[44m--[0m[44m--[0m[44m--[0m            
  90     [41m／[0m[44m--[0m[41m／[0m[44m--[0m[44m--[0m[44m--[0m[44m--[0m[44m--[0m[44m--[0m[44m--[0m[44m--[0m[44m--[0m[44m--[0m[44m--[0m[44m--[0m[44m--[0m            
  60   [41m／[0m[44m--[0m[41m／[0m[44m--[0m[44m--[0m[44m--[0m[44m--[0m[44m--[0m[44m--[0m[44m--[0m[44m--[0m[44m--[0m[44m--[0m[44m--[0m[44m--[0m[44m--[0m[44m--[0m            
  30   [44m--[0m[41m／[0m[44m--[0m[44m--[0m[44m--[0m[44m--[0m[44m--[0m[44m--[0m[44m--[0m[44m--[0m[44m--[0m[44m--[0m[44m--[0m[44m--[0m[44m--[0m[44m--[0m[44m--[0m            
   0   [1;41m\/[0m[44m--[0m[44m--[0m[44m--[0m[44m--[0m[44m--[0m[44m--[0m[44m--[0m[44m--[0m[44m--[0m[44m--[0m[44m--[0m[44m--[0m[44m--[0m[44m--[0m[44m--[0m[44m--[0m            
 -30   [44m--[0m[44m--[0m[44m--[0m[44m--[0m[44m--[0m[44m--[0m[44m--[0m[44m--[0m[44m--[0m[44m--[0m[44m--[0m[44m--[0m[44m--[0m[44m--[0m[44m--[0m[44m--[0m[44m--[0m            
 -60   [1;41m/\[0m[44m--[0m[44m--[0m[44m--[0m[44m--[0m[44m--[0m[44m--[0m[44m--[0m[44m--[0m[44m--[0m[44m--[0m[44m--[0m[44m--[0m[44m--[0m[44m--[0m[44m--[0m[44m--[0m            
 -90   [44m--[0m[41m＼[0m[44m--[0m[44m--[0m[44m--[0m[44m--[0m[44m--[0m[44m--[0m[44m--[0m[44m--[0m[44m--[0m[44m--[0m[44m--[0m[44m--[0m[44m--[0m[44m--[0m[44m--[0m            
-120   [41m＼[0m[44m--[0m[1;41m＞[0m[44m--[0m[44m--[0m[44m--[0m[44m--[0m[44m--[0m[44m--[0m[44m--[0m[44m--[0m[44m--[0m[44m--[0m[44m--[0m[44m--[0m[44m--[0m[44m--[0m            
-150                                                 

Launching new job at opt_tmp/gid_-120_+120/1
Launching new job at opt_tmp/gid_-090_+120/3
Launching new job at opt_tmp/gid_-105_+090/3
Launching new job at opt_tmp/gid_-135_+090/1
Launching new job at opt_tmp/gid_-105_+090/4
Launching new job at opt_tmp/gid_-120_+060/3
Launching new job at opt_tmp/gid_-120_+120/2
Launching new job at opt_tmp/gid_-150_+060/1
Launching new job at opt_tmp/gid_-120_+060/4
Launching new job at opt_tmp/gid_-135_+030/3
Launching new job at opt_tmp/gid_-135_+090/2
Launching new job at opt_tmp/gid_-150_-120/1
Launching new job at opt_tmp/gid_-120_-120/3
Launching new job at opt_tmp/gid_-135_-090/3
Launching new job at opt_tmp/gid_-135_+030/4
Launching new job at opt_tmp/gid_-150_+000/3
Launching new job at opt_tmp/gid_-150_+060/2
Launching new job at opt_tmp/gid_-135_-090/4
Launching new job at opt_tmp/gid_-150_-120/2
Launching new job at opt_tmp/gid_-150_-060/3
Find finished jobs: {'opt_tmp/gid_-150_-120/2'}
Find finished jobs: {'opt_tmp/gid_-150_-120/1'}
Find finished jobs: {'opt_tmp/gid_-120_+060/4'}
Find finished jobs: {'opt_tmp/gid_-120_+120/1', 'opt_tmp/gid_-135_+090/1', 'opt_tmp/gid_-120_-120/3'}
Find finished jobs: {'opt_tmp/gid_-150_-060/3', 'opt_tmp/gid_-135_+030/3'}
Find finished jobs: {'opt_tmp/gid_-150_+060/2', 'opt_tmp/gid_-120_+060/3'}
Find finished jobs: {'opt_tmp/gid_-135_+090/2'}
Find finished jobs: {'opt_tmp/gid_-135_-090/4', 'opt_tmp/gid_-150_+000/3'}
Find finished jobs: {'opt_tmp/gid_-105_+090/3', 'opt_tmp/gid_-090_+120/3'}
Find finished jobs: {'opt_tmp/gid_-135_-090/3'}
Find finished jobs: {'opt_tmp/gid_-150_+060/1', 'opt_tmp/gid_-120_+120/2'}
Find finished jobs: {'opt_tmp/gid_-135_+030/4', 'opt_tmp/gid_-105_+090/4'}
First energy for grid_id (-120, 120) = -194.2869092727
First energy for grid_id (-135, 90) = -194.2885812226
First energy for grid_id (-150, 60) = -194.2915793558
First energy for grid_id (-150, -120) = -194.2907262226
Task with target grid_id (-120, 150) skipped because 150 doesn't fit in range limit
Task with target grid_id (-165, 60) skipped because -165 doesn't fit in range limit
Task with target grid_id (-165, -120) skipped because -165 doesn't fit in range limit
Task with target grid_id (-150, -150) skipped because -150 doesn't fit in range limit
Scan Status at 4231 s
--== Ramachandran Plot of Optimization Status ==--
--== Blue: Optimized, Green: Found Lower, Red: Next ==--
    -165  -120   -75   -30    15    60   105   150
 180                                                 
 150                                                 
 120     [41m／[0m[44m--[0m[1;41m＞[0m[44m--[0m[44m--[0m[44m--[0m[44m--[0m[44m--[0m[44m--[0m[44m--[0m[44m--[0m[44m--[0m[44m--[0m[44m--[0m[44m--[0m[44m--[0m            
  90   [41m／[0m[44m--[0m[41m／[0m[44m--[0m[44m--[0m[44m--[0m[44m--[0m[44m--[0m[44m--[0m[44m--[0m[44m--[0m[44m--[0m[44m--[0m[44m--[0m[44m--[0m[44m--[0m[44m--[0m            
  60   [44m--[0m[41m／[0m[44m--[0m[44m--[0m[44m--[0m[44m--[0m[44m--[0m[44m--[0m[44m--[0m[44m--[0m[44m--[0m[44m--[0m[44m--[0m[44m--[0m[44m--[0m[44m--[0m[44m--[0m            
  30   [1;41m\/[0m[44m--[0m[44m--[0m[44m--[0m[44m--[0m[44m--[0m[44m--[0m[44m--[0m[44m--[0m[44m--[0m[44m--[0m[44m--[0m[44m--[0m[44m--[0m[44m--[0m[44m--[0m[44m--[0m            
   0   [44m--[0m[44m--[0m[44m--[0m[44m--[0m[44m--[0m[44m--[0m[44m--[0m[44m--[0m[44m--[0m[44m--[0m[44m--[0m[44m--[0m[44m--[0m[44m--[0m[44m--[0m[44m--[0m[44m--[0m            
 -30   [44m--[0m[44m--[0m[44m--[0m[44m--[0m[44m--[0m[44m--[0m[44m--[0m[44m--[0m[44m--[0m[44m--[0m[44m--[0m[44m--[0m[44m--[0m[44m--[0m[44m--[0m[44m--[0m[44m--[0m            
 -60   [44m--[0m[44m--[0m[44m--[0m[44m--[0m[44m--[0m[44m--[0m[44m--[0m[44m--[0m[44m--[0m[44m--[0m[44m--[0m[44m--[0m[44m--[0m[44m--[0m[44m--[0m[44m--[0m[44m--[0m            
 -90   [1;41m/\[0m[44m--[0m[44m--[0m[44m--[0m[44m--[0m[44m--[0m[44m--[0m[44m--[0m[44m--[0m[44m--[0m[44m--[0m[44m--[0m[44m--[0m[44m--[0m[44m--[0m[44m--[0m[44m--[0m            
-120   [44m--[0m[1;41m＞[0m[44m--[0m[44m--[0m[44m--[0m[44m--[0m[44m--[0m[44m--[0m[44m--[0m[44m--[0m[44m--[0m[44m--[0m[44m--[0m[44m--[0m[44m--[0m[44m--[0m[44m--[0m            
-150                                                 

Launching new job at opt_tmp/gid_-135_+120/1
Launching new job at opt_tmp/gid_-105_+120/3
Launching new job at opt_tmp/gid_-120_+090/3
Launching new job at opt_tmp/gid_-150_+090/1
Launching new job at opt_tmp/gid_-120_+090/4
Launching new job at opt_tmp/gid_-135_+060/3
Launching new job at opt_tmp/gid_-135_+120/2
Launching new job at opt_tmp/gid_-135_+060/4
Launching new job at opt_tmp/gid_-150_+030/3
Launching new job at opt_tmp/gid_-150_+090/2
Launching new job at opt_tmp/gid_-135_-120/3
Launching new job at opt_tmp/gid_-150_-090/3
Find finished jobs: {'opt_tmp/gid_-150_+030/3'}
Find finished jobs: {'opt_tmp/gid_-150_-090/3'}
Find finished jobs: {'opt_tmp/gid_-135_+120/1'}
Find finished jobs: {'opt_tmp/gid_-135_+120/2'}
Find finished jobs: {'opt_tmp/gid_-135_+060/3'}
Find finished jobs: {'opt_tmp/gid_-135_+060/4', 'opt_tmp/gid_-120_+090/4'}
Find finished jobs: {'opt_tmp/gid_-150_+090/2'}
Find finished jobs: {'opt_tmp/gid_-150_+090/1', 'opt_tmp/gid_-135_-120/3'}
Find finished jobs: {'opt_tmp/gid_-120_+090/3'}
Find finished jobs: {'opt_tmp/gid_-105_+120/3'}
First energy for grid_id (-135, 120) = -194.2873934666
First energy for grid_id (-150, 90) = -194.290516386
Task with target grid_id (-135, 150) skipped because 150 doesn't fit in range limit
Task with target grid_id (-165, 90) skipped because -165 doesn't fit in range limit
Scan Status at 4353 s
--== Ramachandran Plot of Optimization Status ==--
--== Blue: Optimized, Green: Found Lower, Red: Next ==--
    -165  -120   -75   -30    15    60   105   150
 180                                                 
 150                                                 
 120   [41m／[0m[44m--[0m[1;41m＞[0m[44m--[0m[44m--[0m[44m--[0m[44m--[0m[44m--[0m[44m--[0m[44m--[0m[44m--[0m[44m--[0m[44m--[0m[44m--[0m[44m--[0m[44m--[0m[44m--[0m            
  90   [44m--[0m[41m／[0m[44m--[0m[44m--[0m[44m--[0m[44m--[0m[44m--[0m[44m--[0m[44m--[0m[44m--[0m[44m--[0m[44m--[0m[44m--[0m[44m--[0m[44m--[0m[44m--[0m[44m--[0m            
  60   [1;41m\/[0m[44m--[0m[44m--[0m[44m--[0m[44m--[0m[44m--[0m[44m--[0m[44m--[0m[44m--[0m[44m--[0m[44m--[0m[44m--[0m[44m--[0m[44m--[0m[44m--[0m[44m--[0m[44m--[0m            
  30   [44m--[0m[44m--[0m[44m--[0m[44m--[0m[44m--[0m[44m--[0m[44m--[0m[44m--[0m[44m--[0m[44m--[0m[44m--[0m[44m--[0m[44m--[0m[44m--[0m[44m--[0m[44m--[0m[44m--[0m            
   0   [44m--[0m[44m--[0m[44m--[0m[44m--[0m[44m--[0m[44m--[0m[44m--[0m[44m--[0m[44m--[0m[44m--[0m[44m--[0m[44m--[0m[44m--[0m[44m--[0m[44m--[0m[44m--[0m[44m--[0m            
 -30   [44m--[0m[44m--[0m[44m--[0m[44m--[0m[44m--[0m[44m--[0m[44m--[0m[44m--[0m[44m--[0m[44m--[0m[44m--[0m[44m--[0m[44m--[0m[44m--[0m[44m--[0m[44m--[0m[44m--[0m            
 -60   [44m--[0m[44m--[0m[44m--[0m[44m--[0m[44m--[0m[44m--[0m[44m--[0m[44m--[0m[44m--[0m[44m--[0m[44m--[0m[44m--[0m[44m--[0m[44m--[0m[44m--[0m[44m--[0m[44m--[0m            
 -90   [44m--[0m[44m--[0m[44m--[0m[44m--[0m[44m--[0m[44m--[0m[44m--[0m[44m--[0m[44m--[0m[44m--[0m[44m--[0m[44m--[0m[44m--[0m[44m--[0m[44m--[0m[44m--[0m[44m--[0m            
-120   [44m--[0m[44m--[0m[44m--[0m[44m--[0m[44m--[0m[44m--[0m[44m--[0m[44m--[0m[44m--[0m[44m--[0m[44m--[0m[44m--[0m[44m--[0m[44m--[0m[44m--[0m[44m--[0m[44m--[0m            
-150                                                 

Launching new job at opt_tmp/gid_-150_+120/1
Launching new job at opt_tmp/gid_-120_+120/3
Launching new job at opt_tmp/gid_-135_+090/3
Launching new job at opt_tmp/gid_-135_+090/4
Launching new job at opt_tmp/gid_-150_+060/3
Launching new job at opt_tmp/gid_-150_+120/2
Find finished jobs: {'opt_tmp/gid_-135_+090/3', 'opt_tmp/gid_-150_+120/2'}
Find finished jobs: {'opt_tmp/gid_-150_+060/3'}
Find finished jobs: {'opt_tmp/gid_-150_+120/1'}
Find finished jobs: {'opt_tmp/gid_-135_+090/4'}
Find finished jobs: {'opt_tmp/gid_-120_+120/3'}
First energy for grid_id (-150, 120) = -194.2893098988
Task with target grid_id (-165, 120) skipped because -165 doesn't fit in range limit
Task with target grid_id (-150, 150) skipped because 150 doesn't fit in range limit
Scan Status at 4465 s
--== Ramachandran Plot of Optimization Status ==--
--== Blue: Optimized, Green: Found Lower, Red: Next ==--
    -165  -120   -75   -30    15    60   105   150
 180                                                 
 150                                                 
 120   [44m--[0m[1;41m＞[0m[44m--[0m[44m--[0m[44m--[0m[44m--[0m[44m--[0m[44m--[0m[44m--[0m[44m--[0m[44m--[0m[44m--[0m[44m--[0m[44m--[0m[44m--[0m[44m--[0m[44m--[0m            
  90   [1;41m\/[0m[44m--[0m[44m--[0m[44m--[0m[44m--[0m[44m--[0m[44m--[0m[44m--[0m[44m--[0m[44m--[0m[44m--[0m[44m--[0m[44m--[0m[44m--[0m[44m--[0m[44m--[0m[44m--[0m            
  60   [44m--[0m[44m--[0m[44m--[0m[44m--[0m[44m--[0m[44m--[0m[44m--[0m[44m--[0m[44m--[0m[44m--[0m[44m--[0m[44m--[0m[44m--[0m[44m--[0m[44m--[0m[44m--[0m[44m--[0m            
  30   [44m--[0m[44m--[0m[44m--[0m[44m--[0m[44m--[0m[44m--[0m[44m--[0m[44m--[0m[44m--[0m[44m--[0m[44m--[0m[44m--[0m[44m--[0m[44m--[0m[44m--[0m[44m--[0m[44m--[0m            
   0   [44m--[0m[44m--[0m[44m--[0m[44m--[0m[44m--[0m[44m--[0m[44m--[0m[44m--[0m[44m--[0m[44m--[0m[44m--[0m[44m--[0m[44m--[0m[44m--[0m[44m--[0m[44m--[0m[44m--[0m            
 -30   [44m--[0m[44m--[0m[44m--[0m[44m--[0m[44m--[0m[44m--[0m[44m--[0m[44m--[0m[44m--[0m[44m--[0m[44m--[0m[44m--[0m[44m--[0m[44m--[0m[44m--[0m[44m--[0m[44m--[0m            
 -60   [44m--[0m[44m--[0m[44m--[0m[44m--[0m[44m--[0m[44m--[0m[44m--[0m[44m--[0m[44m--[0m[44m--[0m[44m--[0m[44m--[0m[44m--[0m[44m--[0m[44m--[0m[44m--[0m[44m--[0m            
 -90   [44m--[0m[44m--[0m[44m--[0m[44m--[0m[44m--[0m[44m--[0m[44m--[0m[44m--[0m[44m--[0m[44m--[0m[44m--[0m[44m--[0m[44m--[0m[44m--[0m[44m--[0m[44m--[0m[44m--[0m            
-120   [44m--[0m[44m--[0m[44m--[0m[44m--[0m[44m--[0m[44m--[0m[44m--[0m[44m--[0m[44m--[0m[44m--[0m[44m--[0m[44m--[0m[44m--[0m[44m--[0m[44m--[0m[44m--[0m[44m--[0m            
-150                                                 

Launching new job at opt_tmp/gid_-135_+120/3
Launching new job at opt_tmp/gid_-150_+090/3
Find finished jobs: {'opt_tmp/gid_-150_+090/3'}
Find finished jobs: {'opt_tmp/gid_-135_+120/3'}
All optimizations converged at lowest energy. Job Finished!
Final scan energies and gradients are written to qdata.txt
Final scan energies are written to scan.xyz
Dihedral scan is finished!
 Grid ID                Energy
  (-150, -120)         -194.2907262226
  (-150, -90)          -194.2918938270
  (-150, -60)          -194.2925749666
  (-150, -30)          -194.2909552329
  (-150, 0)            -194.2894437582
  (-150, 30)           -194.2904131601
  (-150, 60)           -194.2915793558
  (-150, 90)           -194.2905163860
  (-150, 120)          -194.2893098988
  (-135, -120)         -194.2885116238
  (-135, -90)          -194.2897047649
  (-135, -60)          -194.2903401317
  (-135, -30)          -194.2885841654
  (-135, 0)            -194.2870098092
  (-135, 30)           -194.2881267304
  (-135, 60)           -194.2895098944
  (-135, 90)           -194.2885812226
  (-135, 120)          -194.2873934666
  (-120, -120)         -194.2870697797
  (-120, -90)          -194.2882603415
  (-120, -60)          -194.2889437549
  (-120, -30)          -194.2871868295
  (-120, 0)            -194.2858132121
  (-120, 30)           -194.2872398151
  (-120, 60)           -194.2888758321
  (-120, 90)           -194.2880968029
  (-120, 120)          -194.2869092727
  (-105, -120)         -194.2873424811
  (-105, -90)          -194.2885543944
  (-105, -60)          -194.2893347825
  (-105, -30)          -194.2878189075
  (-105, 0)            -194.2867249735
  (-105, 30)           -194.2883615314
  (-105, 60)           -194.2901109965
  (-105, 90)           -194.2894227180
  (-105, 120)          -194.2882602620
  (-90, -120)          -194.2892679900
  (-90, -90)           -194.2905174944
  (-90, -60)           -194.2914505818
  (-90, -30)           -194.2901316801
  (-90, 0)             -194.2891174159
  (-90, 30)            -194.2906583200
  (-90, 60)            -194.2923432566
  (-90, 90)            -194.2917479058
  (-90, 120)           -194.2907080131
  (-75, -120)          -194.2916100891
  (-75, -90)           -194.2929189608
  (-75, -60)           -194.2939094745
  (-75, -30)           -194.2925942567
  (-75, 0)             -194.2913511296
  (-75, 30)            -194.2926114210
  (-75, 60)            -194.2942064563
  (-75, 90)            -194.2937176750
  (-75, 120)           -194.2927997309
  (-60, -120)          -194.2928007704
  (-60, -90)           -194.2941557685
  (-60, -60)           -194.2950944230
  (-60, -30)           -194.2935612862
  (-60, 0)             -194.2918874941
  (-60, 30)            -194.2928877608
  (-60, 60)            -194.2945726598
  (-60, 90)            -194.2941794639
  (-60, 120)           -194.2932394575
  (-45, -120)          -194.2919111141
  (-45, -90)           -194.2933575549
  (-45, -60)           -194.2941528876
  (-45, -30)           -194.2922528188
  (-45, 0)             -194.2902806121
  (-45, 30)            -194.2913509191
  (-45, 60)            -194.2932139440
  (-45, 90)            -194.2927485971
  (-45, 120)           -194.2915960981
  (-30, -120)          -194.2893906719
  (-30, -90)           -194.2909613183
  (-30, -60)           -194.2916064912
  (-30, -30)           -194.2894445386
  (-30, 0)             -194.2875376579
  (-30, 30)            -194.2888266672
  (-30, 60)            -194.2907773413
  (-30, 90)            -194.2901008672
  (-30, 120)           -194.2887144709
  (-15, -120)          -194.2866901507
  (-15, -90)           -194.2883317353
  (-15, -60)           -194.2889052292
  (-15, -30)           -194.2868011192
  (-15, 0)             -194.2850756018
  (-15, 30)            -194.2865570049
  (-15, 60)            -194.2884713197
  (-15, 90)            -194.2876829050
  (-15, 120)           -194.2861597566
  (0, -120)            -194.2853430481
  (0, -90)             -194.2869509875
  (0, -60)             -194.2876298845
  (0, -30)             -194.2856947267
  (0, 0)               -194.2840843100
  (0, 30)              -194.2856955869
  (0, 60)              -194.2876298411
  (0, 90)              -194.2869509805
  (0, 120)             -194.2853430567
  (15, -120)           -194.2861597568
  (15, -90)            -194.2876829057
  (15, -60)            -194.2884713173
  (15, -30)            -194.2865570609
  (15, 0)              -194.2850755979
  (15, 30)             -194.2868017211
  (15, 60)             -194.2889052292
  (15, 90)             -194.2883317327
  (15, 120)            -194.2866901505
  (30, -120)           -194.2887144719
  (30, -90)            -194.2901008673
  (30, -60)            -194.2907773415
  (30, -30)            -194.2888266710
  (30, 0)              -194.2875377341
  (30, 30)             -194.2894456205
  (30, 60)             -194.2916064780
  (30, 90)             -194.2909613189
  (30, 120)            -194.2893906711
  (45, -120)           -194.2915960980
  (45, -90)            -194.2927485974
  (45, -60)            -194.2932139448
  (45, -30)            -194.2913493986
  (45, 0)              -194.2902798189
  (45, 30)             -194.2922528183
  (45, 60)             -194.2941528880
  (45, 90)             -194.2933575540
  (45, 120)            -194.2919111148
  (60, -120)           -194.2932394572
  (60, -90)            -194.2941794638
  (60, -60)            -194.2945726597
  (60, -30)            -194.2928876945
  (60, 0)              -194.2918874937
  (60, 30)             -194.2935613437
  (60, 60)             -194.2950944411
  (60, 90)             -194.2941557627
  (60, 120)            -194.2928007702
  (75, -120)           -194.2927997308
  (75, -90)            -194.2937176759
  (75, -60)            -194.2942064557
  (75, -30)            -194.2926114210
  (75, 0)              -194.2913511293
  (75, 30)             -194.2925942677
  (75, 60)             -194.2939094751
  (75, 90)             -194.2929189587
  (75, 120)            -194.2916100894
  (90, -120)           -194.2907080132
  (90, -90)            -194.2917479047
  (90, -60)            -194.2923441899
  (90, -30)            -194.2906572155
  (90, 0)              -194.2891174162
  (90, 30)             -194.2901319124
  (90, 60)             -194.2914509566
  (90, 90)             -194.2905176224
  (90, 120)            -194.2892679905
