/home/qyd/codes/anaconda3/envs/tdtest/bin/torsiondrive-launch qc.in dihedrals.txt -g 15 -e qchem --native_opt -v
Master process started!
1 initial tasks pushed to opt_queue
Scan Status at 0 s
 - - - [0;33m+[0m - - - - - - - - - - - - - - - - - - - -

Launching new job at opt_tmp/gid_-120/1
Find finished jobs: {'opt_tmp/gid_-120/1'}
First energy for grid_id (-120,) = -151.1705053815
Scan Status at 3 s
 - - [0;33m+[0m [0;36mo[0m [0;33m+[0m - - - - - - - - - - - - - - - - - - -

Launching new job at opt_tmp/gid_-135/1
Launching new job at opt_tmp/gid_-105/1
Find finished jobs: {'opt_tmp/gid_-105/1', 'opt_tmp/gid_-135/1'}
First energy for grid_id (-105,) = -151.170293494
First energy for grid_id (-135,) = -151.1702865816
Scan Status at 9 s
 - [0;33m+[0m [0;36mo[0m [0;33m+[0m [0;36mo[0m [0;33m+[0m - - - - - - - - - - - - - - - - - -

Launching new job at opt_tmp/gid_-120/2
Launching new job at opt_tmp/gid_-090/1
Launching new job at opt_tmp/gid_-150/1
Launching new job at opt_tmp/gid_-120/3
Find finished jobs: {'opt_tmp/gid_-150/1', 'opt_tmp/gid_-120/2', 'opt_tmp/gid_-120/3', 'opt_tmp/gid_-090/1'}
First energy for grid_id (-90,) = -151.1694110655
First energy for grid_id (-150,) = -151.1699031821
Scan Status at 26 s
 [0;33m+[0m [0;36mo[0m [0;33m+[0m [0;36mo[0m [0;33m+[0m [0;36mo[0m [0;33m+[0m - - - - - - - - - - - - - - - - -

Launching new job at opt_tmp/gid_-105/2
Launching new job at opt_tmp/gid_-075/1
Launching new job at opt_tmp/gid_-165/1
Launching new job at opt_tmp/gid_-135/2
Find finished jobs: {'opt_tmp/gid_-075/1', 'opt_tmp/gid_-165/1', 'opt_tmp/gid_-105/2', 'opt_tmp/gid_-135/2'}
