/home/leeping/opt/miniconda3/envs/main/bin/torsiondrive-launch -e ase -g 15 -v -c ase_options.txt start.xyz dihedrals.txt
Master process started!
1 initial tasks pushed to opt_queue
Scan Status at 0 s
 - - - [0;33m+[0m - - - - - - - - - - - - - - - - - - - -

Launching new job at opt_tmp/gid_-120/1
Find finished jobs: {'opt_tmp/gid_-120/1'}
First energy for grid_id (-120,) = -9.053101808726
Scan Status at 4 s
 - - [0;33m+[0m [0;36mo[0m [0;33m+[0m - - - - - - - - - - - - - - - - - - -

Launching new job at opt_tmp/gid_-135/1
Launching new job at opt_tmp/gid_-105/1
Find finished jobs: {'opt_tmp/gid_-135/1', 'opt_tmp/gid_-105/1'}
First energy for grid_id (-105,) = -9.052305336834
First energy for grid_id (-135,) = -9.05372165867
Scan Status at 13 s
 - [0;33m+[0m [0;36mo[0m [0;33m+[0m [0;36mo[0m [0;33m+[0m - - - - - - - - - - - - - - - - - -

Launching new job at opt_tmp/gid_-120/2
Launching new job at opt_tmp/gid_-090/1
Launching new job at opt_tmp/gid_-150/1
Launching new job at opt_tmp/gid_-120/3
Find finished jobs: {'opt_tmp/gid_-120/3', 'opt_tmp/gid_-120/2', 'opt_tmp/gid_-150/1', 'opt_tmp/gid_-090/1'}
First energy for grid_id (-90,) = -9.051207979386
First energy for grid_id (-150,) = -9.054213732945
Scan Status at 31 s
 [0;33m+[0m [0;36mo[0m [0;33m+[0m [0;36mo[0m [0;33m+[0m [0;36mo[0m [0;33m+[0m - - - - - - - - - - - - - - - - -

Launching new job at opt_tmp/gid_-105/2
Launching new job at opt_tmp/gid_-075/1
Launching new job at opt_tmp/gid_-165/1
Launching new job at opt_tmp/gid_-135/2
Find finished jobs: {'opt_tmp/gid_-165/1', 'opt_tmp/gid_-105/2', 'opt_tmp/gid_-135/2', 'opt_tmp/gid_-075/1'}
First energy for grid_id (-75,) = -9.049681307865
First energy for grid_id (-165,) = -9.054548876052
Scan Status at 49 s
 [0;36mo[0m [0;33m+[0m [0;36mo[0m [0;36mo[0m [0;36mo[0m [0;33m+[0m [0;36mo[0m [0;33m+[0m - - - - - - - - - - - - - - - [0;33m+[0m

Launching new job at opt_tmp/gid_-090/2
Launching new job at opt_tmp/gid_-060/1
Launching new job at opt_tmp/gid_+180/1
Launching new job at opt_tmp/gid_-150/2
Find finished jobs: {'opt_tmp/gid_-150/2', 'opt_tmp/gid_-060/1', 'opt_tmp/gid_-090/2', 'opt_tmp/gid_+180/1'}
First energy for grid_id (180,) = -9.054669731989
First energy for grid_id (-60,) = -9.047704260275
Scan Status at 67 s
 [0;33m+[0m [0;36mo[0m [0;36mo[0m [0;36mo[0m [0;36mo[0m [0;36mo[0m [0;33m+[0m [0;36mo[0m [0;33m+[0m - - - - - - - - - - - - - [0;33m+[0m [0;36mo[0m

Launching new job at opt_tmp/gid_+165/1
Launching new job at opt_tmp/gid_-165/2
Launching new job at opt_tmp/gid_-075/2
Launching new job at opt_tmp/gid_-045/1
Find finished jobs: {'opt_tmp/gid_-165/2', 'opt_tmp/gid_+165/1', 'opt_tmp/gid_-075/2', 'opt_tmp/gid_-045/1'}
First energy for grid_id (165,) = -9.054548876708
First energy for grid_id (-45,) = -9.045455160958
Scan Status at 85 s
 [0;36mo[0m [0;36mo[0m [0;36mo[0m [0;36mo[0m [0;36mo[0m [0;36mo[0m [0;36mo[0m [0;33m+[0m [0;36mo[0m [0;33m+[0m - - - - - - - - - - - [0;33m+[0m [0;36mo[0m [0;33m+[0m

Launching new job at opt_tmp/gid_+150/1
Launching new job at opt_tmp/gid_+180/2
Launching new job at opt_tmp/gid_-060/2
Launching new job at opt_tmp/gid_-030/1
Find finished jobs: {'opt_tmp/gid_+150/1', 'opt_tmp/gid_+180/2', 'opt_tmp/gid_-060/2', 'opt_tmp/gid_-030/1'}
First energy for grid_id (150,) = -9.054213733121
First energy for grid_id (-30,) = -9.043318721282
Scan Status at 103 s
 [0;36mo[0m [0;36mo[0m [0;36mo[0m [0;36mo[0m [0;36mo[0m [0;36mo[0m [0;36mo[0m [0;36mo[0m [0;33m+[0m [0;36mo[0m [0;33m+[0m - - - - - - - - - [0;33m+[0m [0;36mo[0m [0;33m+[0m [0;36mo[0m

Launching new job at opt_tmp/gid_+135/1
Launching new job at opt_tmp/gid_+165/2
Launching new job at opt_tmp/gid_-045/2
Launching new job at opt_tmp/gid_-015/1
Find finished jobs: {'opt_tmp/gid_-015/1', 'opt_tmp/gid_-045/2', 'opt_tmp/gid_+165/2', 'opt_tmp/gid_+135/1'}
First energy for grid_id (135,) = -9.053721658625
First energy for grid_id (-15,) = -9.041773360676
Scan Status at 120 s
 [0;36mo[0m [0;36mo[0m [0;36mo[0m [0;36mo[0m [0;36mo[0m [0;36mo[0m [0;36mo[0m [0;36mo[0m [0;36mo[0m [0;33m+[0m [0;36mo[0m [0;33m+[0m - - - - - - - [0;33m+[0m [0;36mo[0m [0;33m+[0m [0;36mo[0m [0;36mo[0m

Launching new job at opt_tmp/gid_+120/1
Launching new job at opt_tmp/gid_+150/2
Launching new job at opt_tmp/gid_-030/2
Launching new job at opt_tmp/gid_+000/1
Find finished jobs: {'opt_tmp/gid_-030/2', 'opt_tmp/gid_+000/1', 'opt_tmp/gid_+150/2', 'opt_tmp/gid_+120/1'}
First energy for grid_id (0,) = -9.04120876923
First energy for grid_id (120,) = -9.05310180329
Scan Status at 138 s
 [0;36mo[0m [0;36mo[0m [0;36mo[0m [0;36mo[0m [0;36mo[0m [0;36mo[0m [0;36mo[0m [0;36mo[0m [0;36mo[0m [0;36mo[0m [0;33m+[0m [0;36mo[0m [0;33m+[0m - - - - - [0;33m+[0m [0;36mo[0m [0;33m+[0m [0;36mo[0m [0;36mo[0m [0;36mo[0m

Launching new job at opt_tmp/gid_-015/2
Launching new job at opt_tmp/gid_+015/1
Launching new job at opt_tmp/gid_+105/1
Launching new job at opt_tmp/gid_+135/2
Find finished jobs: {'opt_tmp/gid_+105/1', 'opt_tmp/gid_-015/2', 'opt_tmp/gid_+015/1', 'opt_tmp/gid_+135/2'}
First energy for grid_id (15,) = -9.041773357588
First energy for grid_id (105,) = -9.052305337184
Scan Status at 157 s
 [0;36mo[0m [0;36mo[0m [0;36mo[0m [0;36mo[0m [0;36mo[0m [0;36mo[0m [0;36mo[0m [0;36mo[0m [0;36mo[0m [0;36mo[0m [0;36mo[0m [0;33m+[0m [0;36mo[0m [0;33m+[0m - - - [0;33m+[0m [0;36mo[0m [0;33m+[0m [0;36mo[0m [0;36mo[0m [0;36mo[0m [0;36mo[0m

Launching new job at opt_tmp/gid_+000/2
Launching new job at opt_tmp/gid_+030/1
Launching new job at opt_tmp/gid_+090/1
Launching new job at opt_tmp/gid_+120/2
Find finished jobs: {'opt_tmp/gid_+090/1', 'opt_tmp/gid_+030/1', 'opt_tmp/gid_+000/2', 'opt_tmp/gid_+120/2'}
First energy for grid_id (30,) = -9.04331872218
First energy for grid_id (90,) = -9.051207979383
Scan Status at 174 s
 [0;36mo[0m [0;36mo[0m [0;36mo[0m [0;36mo[0m [0;36mo[0m [0;36mo[0m [0;36mo[0m [0;36mo[0m [0;36mo[0m [0;36mo[0m [0;36mo[0m [0;36mo[0m [0;33m+[0m [0;36mo[0m [0;33m+[0m - [0;33m+[0m [0;36mo[0m [0;33m+[0m [0;36mo[0m [0;36mo[0m [0;36mo[0m [0;36mo[0m [0;36mo[0m

Launching new job at opt_tmp/gid_+015/2
Launching new job at opt_tmp/gid_+045/1
Launching new job at opt_tmp/gid_+075/1
Launching new job at opt_tmp/gid_+105/2
Find finished jobs: {'opt_tmp/gid_+075/1', 'opt_tmp/gid_+105/2', 'opt_tmp/gid_+045/1', 'opt_tmp/gid_+015/2'}
First energy for grid_id (45,) = -9.045455215683
First energy for grid_id (75,) = -9.049681307875
Scan Status at 192 s
 [0;36mo[0m [0;36mo[0m [0;36mo[0m [0;36mo[0m [0;36mo[0m [0;36mo[0m [0;36mo[0m [0;36mo[0m [0;36mo[0m [0;36mo[0m [0;36mo[0m [0;36mo[0m [0;36mo[0m [0;33m+[0m [0;36mo[0m [0;33m+[0m [0;36mo[0m [0;33m+[0m [0;36mo[0m [0;36mo[0m [0;36mo[0m [0;36mo[0m [0;36mo[0m [0;36mo[0m

Launching new job at opt_tmp/gid_+030/2
Launching new job at opt_tmp/gid_+060/1
Launching new job at opt_tmp/gid_+060/2
Launching new job at opt_tmp/gid_+090/2
Find finished jobs: {'opt_tmp/gid_+060/2', 'opt_tmp/gid_+030/2', 'opt_tmp/gid_+060/1', 'opt_tmp/gid_+090/2'}
First energy for grid_id (60,) = -9.047704260288
Scan Status at 210 s
 [0;36mo[0m [0;36mo[0m [0;36mo[0m [0;36mo[0m [0;36mo[0m [0;36mo[0m [0;36mo[0m [0;36mo[0m [0;36mo[0m [0;36mo[0m [0;36mo[0m [0;36mo[0m [0;36mo[0m [0;36mo[0m [0;33m+[0m [0;36mo[0m [0;33m+[0m [0;36mo[0m [0;36mo[0m [0;36mo[0m [0;36mo[0m [0;36mo[0m [0;36mo[0m [0;36mo[0m

Launching new job at opt_tmp/gid_+045/2
Launching new job at opt_tmp/gid_+075/2
Find finished jobs: {'opt_tmp/gid_+045/2', 'opt_tmp/gid_+075/2'}
All optimizations converged at lowest energy. Job Finished!
Final scan energies and gradients are written to qdata.txt
Final scan energies are written to scan.xyz
Dihedral scan is finished!
 Grid ID                Energy
        (-165,)        -9.0545488761
        (-150,)        -9.0542137329
        (-135,)        -9.0537216587
        (-120,)        -9.0531018087
        (-105,)        -9.0523053368
         (-90,)        -9.0512079794
         (-75,)        -9.0496813079
         (-60,)        -9.0477042603
         (-45,)        -9.0454551610
         (-30,)        -9.0433187213
         (-15,)        -9.0417733607
          (0,)         -9.0412087692
         (15,)         -9.0417733576
         (30,)         -9.0433187222
         (45,)         -9.0454552157
         (60,)         -9.0477042603
         (75,)         -9.0496813079
         (90,)         -9.0512079794
         (105,)        -9.0523053372
         (120,)        -9.0531018033
         (135,)        -9.0537216586
         (150,)        -9.0542137331
         (165,)        -9.0545488767
         (180,)        -9.0546697320
