/home/qyd/codes/anaconda3/envs/test_td/bin/torsiondrive-launch qc.in dihedrals.txt -g 15 -e qchem -v
Master process started!
1 initial tasks pushed to opt_queue
Scan Status at 0 s
 - - - [0;33m+[0m - - - - - - - - - - - - - - - - - - - -

Launching new job at opt_tmp/gid_-120/1
Find finished jobs: {'opt_tmp/gid_-120/1'}
First energy for grid_id (-120,) = -151.170505
Scan Status at 2 s
 - - [0;33m+[0m [0;36mo[0m [0;33m+[0m - - - - - - - - - - - - - - - - - - -

Launching new job at opt_tmp/gid_-135/1
Launching new job at opt_tmp/gid_-105/1
Find finished jobs: {'opt_tmp/gid_-105/1', 'opt_tmp/gid_-135/1'}
First energy for grid_id (-105,) = -151.170294
First energy for grid_id (-135,) = -151.170287
Scan Status at 8 s
 - [0;33m+[0m [0;36mo[0m [0;33m+[0m [0;36mo[0m [0;33m+[0m - - - - - - - - - - - - - - - - - -

Launching new job at opt_tmp/gid_-120/2
Launching new job at opt_tmp/gid_-090/1
Launching new job at opt_tmp/gid_-150/1
Launching new job at opt_tmp/gid_-120/3
Find finished jobs: {'opt_tmp/gid_-120/2', 'opt_tmp/gid_-090/1', 'opt_tmp/gid_-150/1', 'opt_tmp/gid_-120/3'}
First energy for grid_id (-90,) = -151.169411
First energy for grid_id (-150,) = -151.169904
Scan Status at 20 s
 [0;33m+[0m [0;36mo[0m [0;33m+[0m [0;36mo[0m [0;33m+[0m [0;36mo[0m [0;33m+[0m - - - - - - - - - - - - - - - - -

Launching new job at opt_tmp/gid_-105/2
Launching new job at opt_tmp/gid_-075/1
Launching new job at opt_tmp/gid_-165/1
Launching new job at opt_tmp/gid_-135/2
Find finished jobs: {'opt_tmp/gid_-165/1', 'opt_tmp/gid_-075/1', 'opt_tmp/gid_-105/2', 'opt_tmp/gid_-135/2'}
First energy for grid_id (-75,) = -151.167738
First energy for grid_id (-165,) = -151.169578
Scan Status at 32 s
 [0;36mo[0m [0;33m+[0m [0;36mo[0m [0;36mo[0m [0;36mo[0m [0;33m+[0m [0;36mo[0m [0;33m+[0m - - - - - - - - - - - - - - - [0;33m+[0m

Launching new job at opt_tmp/gid_-090/2
Launching new job at opt_tmp/gid_-060/1
Launching new job at opt_tmp/gid_+180/1
Launching new job at opt_tmp/gid_-150/2
Find finished jobs: {'opt_tmp/gid_-150/2', 'opt_tmp/gid_-090/2', 'opt_tmp/gid_-060/1', 'opt_tmp/gid_+180/1'}
First energy for grid_id (180,) = -151.169453
First energy for grid_id (-60,) = -151.165359
Scan Status at 43 s
 [0;33m+[0m [0;36mo[0m [0;36mo[0m [0;36mo[0m [0;36mo[0m [0;36mo[0m [0;33m+[0m [0;36mo[0m [0;33m+[0m - - - - - - - - - - - - - [0;33m+[0m [0;36mo[0m

Launching new job at opt_tmp/gid_+165/1
Launching new job at opt_tmp/gid_-165/2
Launching new job at opt_tmp/gid_-075/2
Launching new job at opt_tmp/gid_-045/1
Find finished jobs: {'opt_tmp/gid_-075/2', 'opt_tmp/gid_+165/1', 'opt_tmp/gid_-045/1', 'opt_tmp/gid_-165/2'}
First energy for grid_id (165,) = -151.169578
First energy for grid_id (-45,) = -151.162600
Scan Status at 53 s
 [0;36mo[0m [0;36mo[0m [0;36mo[0m [0;36mo[0m [0;36mo[0m [0;36mo[0m [0;36mo[0m [0;33m+[0m [0;36mo[0m [0;33m+[0m - - - - - - - - - - - [0;33m+[0m [0;36mo[0m [0;33m+[0m

Launching new job at opt_tmp/gid_+150/1
Launching new job at opt_tmp/gid_+180/2
Launching new job at opt_tmp/gid_-060/2
Launching new job at opt_tmp/gid_-030/1
Find finished jobs: {'opt_tmp/gid_+150/1', 'opt_tmp/gid_+180/2', 'opt_tmp/gid_-030/1', 'opt_tmp/gid_-060/2'}
First energy for grid_id (150,) = -151.169904
First energy for grid_id (-30,) = -151.159984
Scan Status at 63 s
 [0;36mo[0m [0;36mo[0m [0;36mo[0m [0;36mo[0m [0;36mo[0m [0;36mo[0m [0;36mo[0m [0;36mo[0m [0;33m+[0m [0;36mo[0m [0;33m+[0m - - - - - - - - - [0;33m+[0m [0;36mo[0m [0;33m+[0m [0;36mo[0m

Launching new job at opt_tmp/gid_+135/1
Launching new job at opt_tmp/gid_+165/2
Launching new job at opt_tmp/gid_-045/2
Launching new job at opt_tmp/gid_-015/1
Find finished jobs: {'opt_tmp/gid_-045/2', 'opt_tmp/gid_+165/2', 'opt_tmp/gid_-015/1', 'opt_tmp/gid_+135/1'}
First energy for grid_id (135,) = -151.170287
First energy for grid_id (-15,) = -151.158104
Scan Status at 74 s
 [0;36mo[0m [0;36mo[0m [0;36mo[0m [0;36mo[0m [0;36mo[0m [0;36mo[0m [0;36mo[0m [0;36mo[0m [0;36mo[0m [0;33m+[0m [0;36mo[0m [0;33m+[0m - - - - - - - [0;33m+[0m [0;36mo[0m [0;33m+[0m [0;36mo[0m [0;36mo[0m

Launching new job at opt_tmp/gid_+120/1
Launching new job at opt_tmp/gid_+150/2
Launching new job at opt_tmp/gid_-030/2
Launching new job at opt_tmp/gid_+000/1
Find finished jobs: {'opt_tmp/gid_+000/1', 'opt_tmp/gid_-030/2', 'opt_tmp/gid_+120/1', 'opt_tmp/gid_+150/2'}
First energy for grid_id (0,) = -151.157420
First energy for grid_id (120,) = -151.170506
Scan Status at 86 s
 [0;36mo[0m [0;36mo[0m [0;36mo[0m [0;36mo[0m [0;36mo[0m [0;36mo[0m [0;36mo[0m [0;36mo[0m [0;36mo[0m [0;36mo[0m [0;33m+[0m [0;36mo[0m [0;33m+[0m - - - - - [0;33m+[0m [0;36mo[0m [0;33m+[0m [0;36mo[0m [0;36mo[0m [0;36mo[0m

Launching new job at opt_tmp/gid_-015/2
Launching new job at opt_tmp/gid_+015/1
Launching new job at opt_tmp/gid_+105/1
Launching new job at opt_tmp/gid_+135/2
Find finished jobs: {'opt_tmp/gid_+105/1', 'opt_tmp/gid_+135/2', 'opt_tmp/gid_-015/2', 'opt_tmp/gid_+015/1'}
First energy for grid_id (15,) = -151.158104
First energy for grid_id (105,) = -151.170294
Scan Status at 98 s
 [0;36mo[0m [0;36mo[0m [0;36mo[0m [0;36mo[0m [0;36mo[0m [0;36mo[0m [0;36mo[0m [0;36mo[0m [0;36mo[0m [0;36mo[0m [0;36mo[0m [0;33m+[0m [0;36mo[0m [0;33m+[0m - - - [0;33m+[0m [0;36mo[0m [0;33m+[0m [0;36mo[0m [0;36mo[0m [0;36mo[0m [0;36mo[0m

Launching new job at opt_tmp/gid_+000/2
Launching new job at opt_tmp/gid_+030/1
Launching new job at opt_tmp/gid_+090/1
Launching new job at opt_tmp/gid_+120/2
Find finished jobs: {'opt_tmp/gid_+000/2', 'opt_tmp/gid_+030/1', 'opt_tmp/gid_+090/1', 'opt_tmp/gid_+120/2'}
First energy for grid_id (30,) = -151.159984
First energy for grid_id (90,) = -151.169411
Scan Status at 111 s
 [0;36mo[0m [0;36mo[0m [0;36mo[0m [0;36mo[0m [0;36mo[0m [0;36mo[0m [0;36mo[0m [0;36mo[0m [0;36mo[0m [0;36mo[0m [0;36mo[0m [0;36mo[0m [0;33m+[0m [0;36mo[0m [0;33m+[0m - [0;33m+[0m [0;36mo[0m [0;33m+[0m [0;36mo[0m [0;36mo[0m [0;36mo[0m [0;36mo[0m [0;36mo[0m

Launching new job at opt_tmp/gid_+015/2
Launching new job at opt_tmp/gid_+045/1
Launching new job at opt_tmp/gid_+075/1
Launching new job at opt_tmp/gid_+105/2
Find finished jobs: {'opt_tmp/gid_+045/1', 'opt_tmp/gid_+015/2', 'opt_tmp/gid_+105/2', 'opt_tmp/gid_+075/1'}
First energy for grid_id (45,) = -151.162600
First energy for grid_id (75,) = -151.167738
Scan Status at 123 s
 [0;36mo[0m [0;36mo[0m [0;36mo[0m [0;36mo[0m [0;36mo[0m [0;36mo[0m [0;36mo[0m [0;36mo[0m [0;36mo[0m [0;36mo[0m [0;36mo[0m [0;36mo[0m [0;36mo[0m [0;33m+[0m [0;36mo[0m [0;33m+[0m [0;36mo[0m [0;33m+[0m [0;36mo[0m [0;36mo[0m [0;36mo[0m [0;36mo[0m [0;36mo[0m [0;36mo[0m

Launching new job at opt_tmp/gid_+030/2
Launching new job at opt_tmp/gid_+060/1
Launching new job at opt_tmp/gid_+060/2
Launching new job at opt_tmp/gid_+090/2
Find finished jobs: {'opt_tmp/gid_+060/2', 'opt_tmp/gid_+030/2', 'opt_tmp/gid_+090/2', 'opt_tmp/gid_+060/1'}
First energy for grid_id (60,) = -151.165359
Scan Status at 135 s
 [0;36mo[0m [0;36mo[0m [0;36mo[0m [0;36mo[0m [0;36mo[0m [0;36mo[0m [0;36mo[0m [0;36mo[0m [0;36mo[0m [0;36mo[0m [0;36mo[0m [0;36mo[0m [0;36mo[0m [0;36mo[0m [0;33m+[0m [0;36mo[0m [0;33m+[0m [0;36mo[0m [0;36mo[0m [0;36mo[0m [0;36mo[0m [0;36mo[0m [0;36mo[0m [0;36mo[0m

Launching new job at opt_tmp/gid_+045/2
Launching new job at opt_tmp/gid_+075/2
Find finished jobs: {'opt_tmp/gid_+045/2', 'opt_tmp/gid_+075/2'}
All optimizations converged at lowest energy. Job Finished!
Final scan energies are written to qdata.txt
Final scan energies are written to scan.xyz
Dihedral scan is finished!
 Grid ID                Energy
  (-165,)              -151.1695782677
  (-150,)              -151.1699035138
  (-135,)              -151.1702870121
  (-120,)              -151.1705054817
  (-105,)              -151.1702935038
  (-90,)               -151.1694110424
  (-75,)               -151.1677381424
  (-60,)               -151.1653592679
  (-45,)               -151.1625995242
  (-30,)               -151.1599842626
  (-15,)               -151.1581040548
  (0,)                 -151.1574197955
  (15,)                -151.1581040536
  (30,)                -151.1599842588
  (45,)                -151.1625995163
  (60,)                -151.1653592747
  (75,)                -151.1677381427
  (90,)                -151.1694110427
  (105,)               -151.1702935048
  (120,)               -151.1705055720
  (135,)               -151.1702868448
  (150,)               -151.1699035581
  (165,)               -151.1695782005
  (180,)               -151.1694533858
