/home/qyd/codes/anaconda3/envs/tdtest/bin/torsiondrive-launch input.dat dihedrals.txt -g 15 30 -e psi4 -v --wq_port 50124
Dihedral scan initialized with range limit [[-60, 60], [150, 330]]
Master process started!
1 initial tasks pushed to opt_queue
Scan Status at 0 s
--== Ramachandran Plot of Optimization Status ==--
--== Blue: Optimized, Green: Found Lower, Red: Next ==--
    -165  -120   -75   -30    15    60   105   150
 180                                                 
 150                                                 
 120                                                 
  90                                                 
  60                                                 
  30                                                 
   0                                                 
 -30                       [1;41m><[0m                        
 -60                                                 
 -90                                                 
-120                                                 
-150                                                 

Launching new job at opt_tmp/gid_+000_-030/1
Find finished jobs: {'opt_tmp/gid_+000_-030/1'}
First energy for grid_id (0, -30) = -194.285694726
Task with target grid_id (0, 0) skipped because 0 doesn't fit in range limit
Scan Status at 119 s
--== Ramachandran Plot of Optimization Status ==--
--== Blue: Optimized, Green: Found Lower, Red: Next ==--
    -165  -120   -75   -30    15    60   105   150
 180                                                 
 150                                                 
 120                                                 
  90                                                 
  60                                                 
  30                                                 
   0                                                 
 -30                     [1;41m＜[0m[44m--[0m[1;41m＞[0m                      
 -60                       [1;41m\/[0m                        
 -90                                                 
-120                                                 
-150                                                 

Launching new job at opt_tmp/gid_-015_-030/1
Launching new job at opt_tmp/gid_+015_-030/1
Launching new job at opt_tmp/gid_+000_-060/1
Find finished jobs: {'opt_tmp/gid_+000_-060/1'}
Find finished jobs: {'opt_tmp/gid_-015_-030/1'}
Find finished jobs: {'opt_tmp/gid_+015_-030/1'}
First energy for grid_id (0, -60) = -194.2876298847
First energy for grid_id (15, -30) = -194.2865570603
First energy for grid_id (-15, -30) = -194.2868011192
Task with target grid_id (15, 0) skipped because 0 doesn't fit in range limit
Task with target grid_id (-15, 0) skipped because 0 doesn't fit in range limit
Scan Status at 262 s
--== Ramachandran Plot of Optimization Status ==--
--== Blue: Optimized, Green: Found Lower, Red: Next ==--
    -165  -120   -75   -30    15    60   105   150
 180                                                 
 150                                                 
 120                                                 
  90                                                 
  60                                                 
  30                                                 
   0                                                 
 -30                   [1;41m＜[0m[44m--[0m[1;41m><[0m[44m--[0m[1;41m＞[0m                    
 -60                     [41m＼[0m[44m--[0m[41m／[0m                      
 -90                       [1;41m\/[0m                        
-120                                                 
-150                                                 

Launching new job at opt_tmp/gid_-015_-060/1
Launching new job at opt_tmp/gid_+015_-060/1
Launching new job at opt_tmp/gid_+000_-090/1
Launching new job at opt_tmp/gid_+000_-030/2
Launching new job at opt_tmp/gid_+000_-030/3
Launching new job at opt_tmp/gid_+030_-030/1
Launching new job at opt_tmp/gid_+015_-060/2
Launching new job at opt_tmp/gid_-030_-030/1
Launching new job at opt_tmp/gid_+000_-030/4
Launching new job at opt_tmp/gid_-015_-060/2
Find finished jobs: {'opt_tmp/gid_+015_-060/1'}
Find finished jobs: {'opt_tmp/gid_-015_-060/1', 'opt_tmp/gid_+015_-060/2', 'opt_tmp/gid_+000_-030/2'}
Find finished jobs: {'opt_tmp/gid_-030_-030/1'}
Find finished jobs: {'opt_tmp/gid_+000_-090/1', 'opt_tmp/gid_-015_-060/2'}
Find finished jobs: {'opt_tmp/gid_+000_-030/4'}
Find finished jobs: {'opt_tmp/gid_+030_-030/1'}
Find finished jobs: {'opt_tmp/gid_+000_-030/3'}
First energy for grid_id (0, -90) = -194.2869509874
First energy for grid_id (15, -60) = -194.2884713177
First energy for grid_id (30, -30) = -194.2888266699
First energy for grid_id (-15, -60) = -194.2889052292
First energy for grid_id (-30, -30) = -194.2894445382
Task with target grid_id (30, 0) skipped because 0 doesn't fit in range limit
Task with target grid_id (-30, 0) skipped because 0 doesn't fit in range limit
Scan Status at 422 s
--== Ramachandran Plot of Optimization Status ==--
--== Blue: Optimized, Green: Found Lower, Red: Next ==--
    -165  -120   -75   -30    15    60   105   150
 180                                                 
 150                                                 
 120                                                 
  90                                                 
  60                                                 
  30                                                 
   0                                                 
 -30                 [1;41m＜[0m[44m--[0m[41m＼[0m[44m--[0m[41m／[0m[44m--[0m[1;41m＞[0m                  
 -60                   [41m＼[0m[44m--[0m[1;41m><[0m[44m--[0m[41m／[0m                    
 -90                     [41m＼[0m[44m--[0m[41m／[0m                      
-120                       [1;41m\/[0m                        
-150                                                 

Launching new job at opt_tmp/gid_-015_-090/1
Launching new job at opt_tmp/gid_+015_-090/1
Launching new job at opt_tmp/gid_+000_-120/1
Launching new job at opt_tmp/gid_+000_-060/2
Launching new job at opt_tmp/gid_+000_-060/3
Launching new job at opt_tmp/gid_+030_-060/1
Launching new job at opt_tmp/gid_+015_-090/2
Launching new job at opt_tmp/gid_+015_-030/2
Launching new job at opt_tmp/gid_+015_-030/3
Launching new job at opt_tmp/gid_+045_-030/1
Launching new job at opt_tmp/gid_+030_-060/2
Launching new job at opt_tmp/gid_-030_-060/1
Launching new job at opt_tmp/gid_+000_-060/4
Launching new job at opt_tmp/gid_-015_-090/2
Launching new job at opt_tmp/gid_-015_-030/2
Launching new job at opt_tmp/gid_-045_-030/1
Launching new job at opt_tmp/gid_-015_-030/3
Launching new job at opt_tmp/gid_-030_-060/2
Find finished jobs: {'opt_tmp/gid_-015_-030/3', 'opt_tmp/gid_-015_-090/2'}
Find finished jobs: {'opt_tmp/gid_+000_-060/2'}
Find finished jobs: {'opt_tmp/gid_-015_-030/2'}
Find finished jobs: {'opt_tmp/gid_+015_-090/2'}
Find finished jobs: {'opt_tmp/gid_+000_-120/1'}
Find finished jobs: {'opt_tmp/gid_+045_-030/1'}
Find finished jobs: {'opt_tmp/gid_+000_-060/4'}
Find finished jobs: {'opt_tmp/gid_+000_-060/3', 'opt_tmp/gid_-015_-090/1', 'opt_tmp/gid_-030_-060/2'}
Find finished jobs: {'opt_tmp/gid_+015_-090/1', 'opt_tmp/gid_+030_-060/2'}
Find finished jobs: {'opt_tmp/gid_+015_-030/2'}
Find finished jobs: {'opt_tmp/gid_-030_-060/1'}
Find finished jobs: {'opt_tmp/gid_+030_-060/1', 'opt_tmp/gid_-045_-030/1'}
Find finished jobs: {'opt_tmp/gid_+015_-030/3'}
First energy for grid_id (0, -120) = -194.2853430493
First energy for grid_id (15, -90) = -194.2876829054
First energy for grid_id (30, -60) = -194.2907773411
First energy for grid_id (45, -30) = -194.2913493988
First energy for grid_id (-15, -90) = -194.2883317333
First energy for grid_id (-30, -60) = -194.2916064914
First energy for grid_id (-45, -30) = -194.2922528179
Task with target grid_id (45, 0) skipped because 0 doesn't fit in range limit
Task with target grid_id (-45, 0) skipped because 0 doesn't fit in range limit
Scan Status at 591 s
--== Ramachandran Plot of Optimization Status ==--
--== Blue: Optimized, Green: Found Lower, Red: Next ==--
    -165  -120   -75   -30    15    60   105   150
 180                                                 
 150                                                 
 120                                                 
  90                                                 
  60                                                 
  30                                                 
   0                                                 
 -30               [1;41m＜[0m[44m--[0m[41m＼[0m[44m--[0m[44m--[0m[44m--[0m[41m／[0m[44m--[0m[1;41m＞[0m                
 -60                 [41m＼[0m[44m--[0m[41m＼[0m[44m--[0m[41m／[0m[44m--[0m[41m／[0m                  
 -90                   [41m＼[0m[44m--[0m[1;41m><[0m[44m--[0m[41m／[0m                    
-120                     [41m＼[0m[44m--[0m[41m／[0m                      
-150                       [1;41m\/[0m                        

Launching new job at opt_tmp/gid_-015_-120/1
Launching new job at opt_tmp/gid_+015_-120/1
Launching new job at opt_tmp/gid_+000_-150/1
Launching new job at opt_tmp/gid_+000_-090/2
Launching new job at opt_tmp/gid_+000_-090/3
Launching new job at opt_tmp/gid_+030_-090/1
Launching new job at opt_tmp/gid_+015_-120/2
Launching new job at opt_tmp/gid_+015_-060/3
Launching new job at opt_tmp/gid_+015_-060/4
Launching new job at opt_tmp/gid_+045_-060/1
Launching new job at opt_tmp/gid_+030_-090/2
Launching new job at opt_tmp/gid_+030_-030/2
Launching new job at opt_tmp/gid_+030_-030/3
Launching new job at opt_tmp/gid_+060_-030/1
Launching new job at opt_tmp/gid_+045_-060/2
Launching new job at opt_tmp/gid_-030_-090/1
Launching new job at opt_tmp/gid_+000_-090/4
Launching new job at opt_tmp/gid_-015_-120/2
Launching new job at opt_tmp/gid_-015_-060/3
Launching new job at opt_tmp/gid_-045_-060/1
Launching new job at opt_tmp/gid_-015_-060/4
Launching new job at opt_tmp/gid_-030_-090/2
Launching new job at opt_tmp/gid_-030_-030/2
Launching new job at opt_tmp/gid_-060_-030/1
Launching new job at opt_tmp/gid_-030_-030/3
Launching new job at opt_tmp/gid_-045_-060/2
Find finished jobs: {'opt_tmp/gid_+000_-090/2'}
Find finished jobs: {'opt_tmp/gid_+030_-090/1'}
Find finished jobs: {'opt_tmp/gid_+045_-060/1'}
Find finished jobs: {'opt_tmp/gid_+045_-060/2'}
Find finished jobs: {'opt_tmp/gid_+015_-060/3'}
Find finished jobs: {'opt_tmp/gid_-045_-060/1', 'opt_tmp/gid_-030_-090/2'}
Find finished jobs: {'opt_tmp/gid_+030_-090/2'}
Find finished jobs: {'opt_tmp/gid_+015_-060/4'}
Find finished jobs: {'opt_tmp/gid_-030_-090/1', 'opt_tmp/gid_+000_-150/1'}
Find finished jobs: {'opt_tmp/gid_-015_-120/2'}
Find finished jobs: {'opt_tmp/gid_-015_-120/1', 'opt_tmp/gid_-015_-060/4'}
Find finished jobs: {'opt_tmp/gid_+030_-030/2', 'opt_tmp/gid_+000_-090/4'}
Find finished jobs: {'opt_tmp/gid_-015_-060/3'}
Find finished jobs: {'opt_tmp/gid_+030_-030/3'}
Find finished jobs: {'opt_tmp/gid_+015_-120/1', 'opt_tmp/gid_+000_-090/3'}
Find finished jobs: {'opt_tmp/gid_+060_-030/1', 'opt_tmp/gid_-030_-030/2'}
Find finished jobs: {'opt_tmp/gid_-045_-060/2'}
Find finished jobs: {'opt_tmp/gid_-030_-030/3'}
Find finished jobs: {'opt_tmp/gid_-060_-030/1'}
Find finished jobs: {'opt_tmp/gid_+015_-120/2'}
First energy for grid_id (0, -150) = -194.2857235049
First energy for grid_id (15, -120) = -194.2861597563
First energy for grid_id (30, -90) = -194.2901008672
First energy for grid_id (45, -60) = -194.2932139449
First energy for grid_id (60, -30) = -194.2928876932
First energy for grid_id (-15, -120) = -194.2866901494
First energy for grid_id (-30, -90) = -194.290961318
First energy for grid_id (-45, -60) = -194.2941528877
First energy for grid_id (-60, -30) = -194.2935612864
Task with target grid_id (75, -30) skipped because 75 doesn't fit in range limit
Task with target grid_id (60, 0) skipped because 0 doesn't fit in range limit
Task with target grid_id (-75, -30) skipped because -75 doesn't fit in range limit
Task with target grid_id (-60, 0) skipped because 0 doesn't fit in range limit
Scan Status at 852 s
--== Ramachandran Plot of Optimization Status ==--
--== Blue: Optimized, Green: Found Lower, Red: Next ==--
    -165  -120   -75   -30    15    60   105   150
 180                       [1;41m\/[0m                        
 150                                                 
 120                                                 
  90                                                 
  60                                                 
  30                                                 
   0                                                 
 -30               [44m--[0m[41m＼[0m[44m--[0m[44m--[0m[44m--[0m[44m--[0m[44m--[0m[41m／[0m[44m--[0m                
 -60               [41m＼[0m[44m--[0m[41m＼[0m[44m--[0m[44m--[0m[44m--[0m[41m／[0m[44m--[0m[41m／[0m                
 -90                 [41m＼[0m[44m--[0m[41m＼[0m[44m--[0m[41m／[0m[44m--[0m[41m／[0m                  
-120                   [41m＼[0m[44m--[0m[1;41m><[0m[44m--[0m[41m／[0m                    
-150                     [41m＼[0m[44m--[0m[41m／[0m                      

Launching new job at opt_tmp/gid_-015_-150/1
Launching new job at opt_tmp/gid_+015_-150/1
Launching new job at opt_tmp/gid_+000_+180/1
Launching new job at opt_tmp/gid_+000_-120/2
Launching new job at opt_tmp/gid_+000_-120/3
Launching new job at opt_tmp/gid_+030_-120/1
Launching new job at opt_tmp/gid_+015_-150/2
Launching new job at opt_tmp/gid_+015_-090/3
Launching new job at opt_tmp/gid_+015_-090/4
Launching new job at opt_tmp/gid_+045_-090/1
Launching new job at opt_tmp/gid_+030_-120/2
Launching new job at opt_tmp/gid_+030_-060/3
Launching new job at opt_tmp/gid_+030_-060/4
Launching new job at opt_tmp/gid_+060_-060/1
Launching new job at opt_tmp/gid_+045_-090/2
Launching new job at opt_tmp/gid_+045_-030/2
Launching new job at opt_tmp/gid_+045_-030/3
Launching new job at opt_tmp/gid_+060_-060/2
Launching new job at opt_tmp/gid_-030_-120/1
Launching new job at opt_tmp/gid_+000_-120/4
Launching new job at opt_tmp/gid_-015_-150/2
Launching new job at opt_tmp/gid_-015_-090/3
Launching new job at opt_tmp/gid_-045_-090/1
Launching new job at opt_tmp/gid_-015_-090/4
Launching new job at opt_tmp/gid_-030_-120/2
Launching new job at opt_tmp/gid_-030_-060/3
Launching new job at opt_tmp/gid_-060_-060/1
Launching new job at opt_tmp/gid_-030_-060/4
Launching new job at opt_tmp/gid_-045_-090/2
Launching new job at opt_tmp/gid_-045_-030/2
Launching new job at opt_tmp/gid_-045_-030/3
Launching new job at opt_tmp/gid_-060_-060/2
Find finished jobs: {'opt_tmp/gid_-030_-120/1', 'opt_tmp/gid_+030_-120/2'}
Find finished jobs: {'opt_tmp/gid_+060_-060/1'}
Find finished jobs: {'opt_tmp/gid_+030_-060/3'}
Find finished jobs: {'opt_tmp/gid_+045_-090/2'}
Find finished jobs: {'opt_tmp/gid_+000_-120/3', 'opt_tmp/gid_+000_+180/1'}
Find finished jobs: {'opt_tmp/gid_+060_-060/2'}
Find finished jobs: {'opt_tmp/gid_-015_-150/2', 'opt_tmp/gid_+015_-150/2', 'opt_tmp/gid_-015_-090/3'}
Find finished jobs: {'opt_tmp/gid_+000_-120/2', 'opt_tmp/gid_+045_-090/1'}
Find finished jobs: {'opt_tmp/gid_+015_-090/3'}
Find finished jobs: {'opt_tmp/gid_+030_-120/1'}
Find finished jobs: {'opt_tmp/gid_+045_-030/3', 'opt_tmp/gid_-015_-150/1'}
Find finished jobs: {'opt_tmp/gid_+015_-090/4', 'opt_tmp/gid_+045_-030/2'}
Find finished jobs: {'opt_tmp/gid_-045_-090/1', 'opt_tmp/gid_+015_-150/1'}
Find finished jobs: {'opt_tmp/gid_-015_-090/4'}
Find finished jobs: {'opt_tmp/gid_+030_-060/4'}
Find finished jobs: {'opt_tmp/gid_-030_-060/3', 'opt_tmp/gid_+000_-120/4'}
Find finished jobs: {'opt_tmp/gid_-030_-120/2'}
Find finished jobs: {'opt_tmp/gid_-045_-090/2'}
Find finished jobs: {'opt_tmp/gid_-060_-060/1'}
Find finished jobs: {'opt_tmp/gid_-060_-060/2'}
Find finished jobs: {'opt_tmp/gid_-045_-030/2'}
Find finished jobs: {'opt_tmp/gid_-030_-060/4'}
Find finished jobs: {'opt_tmp/gid_-045_-030/3'}
First energy for grid_id (0, 180) = -194.2865320219
First energy for grid_id (15, -150) = -194.2867204916
First energy for grid_id (30, -120) = -194.2887144706
First energy for grid_id (45, -90) = -194.2927485979
First energy for grid_id (60, -60) = -194.2945726596
First energy for grid_id (-15, -150) = -194.2869903667
First energy for grid_id (-30, -120) = -194.2893906719
First energy for grid_id (-45, -90) = -194.2933575538
First energy for grid_id (-60, -60) = -194.2950944233
Task with target grid_id (75, -60) skipped because 75 doesn't fit in range limit
Task with target grid_id (-75, -60) skipped because -75 doesn't fit in range limit
Scan Status at 1105 s
--== Ramachandran Plot of Optimization Status ==--
--== Blue: Optimized, Green: Found Lower, Red: Next ==--
    -165  -120   -75   -30    15    60   105   150
 180                     [41m＼[0m[44m--[0m[41m／[0m                      
 150                       [1;41m\/[0m                        
 120                                                 
  90                                                 
  60                                                 
  30                                                 
   0                                                 
 -30               [1;41m/\[0m[44m--[0m[44m--[0m[44m--[0m[44m--[0m[44m--[0m[44m--[0m[44m--[0m[1;41m/\[0m                
 -60               [44m--[0m[41m＼[0m[44m--[0m[44m--[0m[44m--[0m[44m--[0m[44m--[0m[41m／[0m[44m--[0m                
 -90               [41m＼[0m[44m--[0m[41m＼[0m[44m--[0m[44m--[0m[44m--[0m[41m／[0m[44m--[0m[41m／[0m                
-120                 [41m＼[0m[44m--[0m[41m＼[0m[44m--[0m[41m／[0m[44m--[0m[41m／[0m                  
-150                   [41m＼[0m[44m--[0m[1;41m><[0m[44m--[0m[41m／[0m                    

Launching new job at opt_tmp/gid_-015_+180/1
Launching new job at opt_tmp/gid_+015_+180/1
Launching new job at opt_tmp/gid_+000_+150/1
Launching new job at opt_tmp/gid_+000_-150/2
Launching new job at opt_tmp/gid_+000_-150/3
Launching new job at opt_tmp/gid_+030_-150/1
Launching new job at opt_tmp/gid_+015_+180/2
Launching new job at opt_tmp/gid_+015_-120/3
Launching new job at opt_tmp/gid_+015_-120/4
Launching new job at opt_tmp/gid_+045_-120/1
Launching new job at opt_tmp/gid_+030_-150/2
Launching new job at opt_tmp/gid_+030_-090/3
Launching new job at opt_tmp/gid_+030_-090/4
Launching new job at opt_tmp/gid_+060_-090/1
Launching new job at opt_tmp/gid_+045_-120/2
Launching new job at opt_tmp/gid_+045_-060/3
Launching new job at opt_tmp/gid_+045_-060/4
Launching new job at opt_tmp/gid_+060_-090/2
Launching new job at opt_tmp/gid_+060_-030/2
Launching new job at opt_tmp/gid_-030_-150/1
Launching new job at opt_tmp/gid_+000_-150/4
Launching new job at opt_tmp/gid_-015_+180/2
Launching new job at opt_tmp/gid_-015_-120/3
Launching new job at opt_tmp/gid_-045_-120/1
Launching new job at opt_tmp/gid_-015_-120/4
Launching new job at opt_tmp/gid_-030_-150/2
Launching new job at opt_tmp/gid_-030_-090/3
Launching new job at opt_tmp/gid_-060_-090/1
Launching new job at opt_tmp/gid_-030_-090/4
Launching new job at opt_tmp/gid_-045_-120/2
Launching new job at opt_tmp/gid_-045_-060/3
Launching new job at opt_tmp/gid_-045_-060/4
Launching new job at opt_tmp/gid_-060_-090/2
Launching new job at opt_tmp/gid_-060_-030/2
Find finished jobs: {'opt_tmp/gid_+000_+150/1'}
Find finished jobs: {'opt_tmp/gid_+060_-030/2', 'opt_tmp/gid_+030_-090/4'}
Find finished jobs: {'opt_tmp/gid_+045_-060/4', 'opt_tmp/gid_+045_-120/2'}
Find finished jobs: {'opt_tmp/gid_+015_-120/4'}
Find finished jobs: {'opt_tmp/gid_+015_+180/2'}
Find finished jobs: {'opt_tmp/gid_-015_+180/2'}
Find finished jobs: {'opt_tmp/gid_+030_-090/3', 'opt_tmp/gid_+060_-090/1'}
Find finished jobs: {'opt_tmp/gid_+000_-150/2', 'opt_tmp/gid_+030_-150/2'}
Find finished jobs: {'opt_tmp/gid_-030_-150/1', 'opt_tmp/gid_+030_-150/1', 'opt_tmp/gid_+045_-120/1'}
Find finished jobs: {'opt_tmp/gid_+015_-120/3'}
Find finished jobs: {'opt_tmp/gid_-015_-120/3'}
Find finished jobs: {'opt_tmp/gid_+015_+180/1'}
Find finished jobs: {'opt_tmp/gid_+045_-060/3', 'opt_tmp/gid_-015_+180/1'}
Find finished jobs: {'opt_tmp/gid_+060_-090/2'}
Find finished jobs: {'opt_tmp/gid_-060_-090/1'}
Find finished jobs: {'opt_tmp/gid_-030_-150/2'}
Find finished jobs: {'opt_tmp/gid_-030_-090/3'}
Find finished jobs: {'opt_tmp/gid_+000_-150/3'}
Find finished jobs: {'opt_tmp/gid_+000_-150/4', 'opt_tmp/gid_-015_-120/4'}
Find finished jobs: {'opt_tmp/gid_-045_-120/1'}
Find finished jobs: {'opt_tmp/gid_-045_-120/2', 'opt_tmp/gid_-030_-090/4'}
Find finished jobs: {'opt_tmp/gid_-060_-090/2', 'opt_tmp/gid_-060_-030/2', 'opt_tmp/gid_-045_-060/3'}
Find finished jobs: {'opt_tmp/gid_-045_-060/4'}
First energy for grid_id (0, 150) = -194.2857232128
First energy for grid_id (15, 180) = -194.287684315
First energy for grid_id (30, -150) = -194.2893890767
First energy for grid_id (45, -120) = -194.291596098
First energy for grid_id (60, -90) = -194.2941794635
First energy for grid_id (-15, 180) = -194.2876841819
First energy for grid_id (-30, -150) = -194.2897737855
First energy for grid_id (-45, -120) = -194.291911114
First energy for grid_id (-60, -90) = -194.2941557685
Task with target grid_id (0, 120) skipped because 120 doesn't fit in range limit
Task with target grid_id (75, -90) skipped because 75 doesn't fit in range limit
Task with target grid_id (-75, -90) skipped because -75 doesn't fit in range limit
Scan Status at 1328 s
--== Ramachandran Plot of Optimization Status ==--
--== Blue: Optimized, Green: Found Lower, Red: Next ==--
    -165  -120   -75   -30    15    60   105   150
 180                   [41m＼[0m[44m--[0m[1;41m><[0m[44m--[0m[41m／[0m                    
 150                     [41m＼[0m[44m--[0m[41m／[0m                      
 120                                                 
  90                                                 
  60                                                 
  30                                                 
   0                                                 
 -30               [44m--[0m[44m--[0m[44m--[0m[44m--[0m[44m--[0m[44m--[0m[44m--[0m[44m--[0m[44m--[0m                
 -60               [1;41m/\[0m[44m--[0m[44m--[0m[44m--[0m[44m--[0m[44m--[0m[44m--[0m[44m--[0m[1;41m/\[0m                
 -90               [44m--[0m[41m＼[0m[44m--[0m[44m--[0m[44m--[0m[44m--[0m[44m--[0m[41m／[0m[44m--[0m                
-120               [41m＼[0m[44m--[0m[41m＼[0m[44m--[0m[44m--[0m[44m--[0m[41m／[0m[44m--[0m[41m／[0m                
-150                 [41m＼[0m[44m--[0m[41m＼[0m[44m--[0m[41m／[0m[44m--[0m[41m／[0m                  

Launching new job at opt_tmp/gid_-015_+150/1
Launching new job at opt_tmp/gid_+015_+150/1
Launching new job at opt_tmp/gid_+000_+180/2
Launching new job at opt_tmp/gid_+000_+180/3
Launching new job at opt_tmp/gid_+030_+180/1
Launching new job at opt_tmp/gid_+015_+150/2
Launching new job at opt_tmp/gid_+015_-150/3
Launching new job at opt_tmp/gid_+015_-150/4
Launching new job at opt_tmp/gid_+045_-150/1
Launching new job at opt_tmp/gid_+030_+180/2
Launching new job at opt_tmp/gid_+030_-120/3
Launching new job at opt_tmp/gid_+030_-120/4
Launching new job at opt_tmp/gid_+060_-120/1
Launching new job at opt_tmp/gid_+045_-150/2
Launching new job at opt_tmp/gid_+045_-090/3
Launching new job at opt_tmp/gid_+045_-090/4
Launching new job at opt_tmp/gid_+060_-120/2
Launching new job at opt_tmp/gid_+060_-060/3
Launching new job at opt_tmp/gid_-030_+180/1
Launching new job at opt_tmp/gid_+000_+180/4
Launching new job at opt_tmp/gid_-015_+150/2
Launching new job at opt_tmp/gid_-015_-150/3
Launching new job at opt_tmp/gid_-045_-150/1
Launching new job at opt_tmp/gid_-015_-150/4
Launching new job at opt_tmp/gid_-030_+180/2
Launching new job at opt_tmp/gid_-030_-120/3
Launching new job at opt_tmp/gid_-060_-120/1
Launching new job at opt_tmp/gid_-030_-120/4
Launching new job at opt_tmp/gid_-045_-150/2
Launching new job at opt_tmp/gid_-045_-090/3
Launching new job at opt_tmp/gid_-045_-090/4
Launching new job at opt_tmp/gid_-060_-120/2
Launching new job at opt_tmp/gid_-060_-060/3
Find finished jobs: {'opt_tmp/gid_+030_-120/3'}
Find finished jobs: {'opt_tmp/gid_+060_-120/2'}
Find finished jobs: {'opt_tmp/gid_+045_-090/4', 'opt_tmp/gid_+045_-150/2', 'opt_tmp/gid_+045_-090/3'}
Find finished jobs: {'opt_tmp/gid_+000_+180/4'}
Find finished jobs: {'opt_tmp/gid_+000_+180/2'}
Find finished jobs: {'opt_tmp/gid_+030_+180/2'}
Find finished jobs: {'opt_tmp/gid_-015_+150/2', 'opt_tmp/gid_+015_-150/3', 'opt_tmp/gid_+015_+150/2'}
Find finished jobs: {'opt_tmp/gid_-030_+180/1', 'opt_tmp/gid_-015_-150/3'}
Find finished jobs: {'opt_tmp/gid_+060_-120/1', 'opt_tmp/gid_+030_-120/4'}
Find finished jobs: {'opt_tmp/gid_+030_+180/1'}
Find finished jobs: {'opt_tmp/gid_+045_-150/1'}
Find finished jobs: {'opt_tmp/gid_-045_-150/1'}
Find finished jobs: {'opt_tmp/gid_-030_+180/2'}
Find finished jobs: {'opt_tmp/gid_+015_+150/1'}
Find finished jobs: {'opt_tmp/gid_+060_-060/3', 'opt_tmp/gid_+015_-150/4', 'opt_tmp/gid_-015_+150/1'}
Find finished jobs: {'opt_tmp/gid_-060_-120/1'}
Find finished jobs: {'opt_tmp/gid_-030_-120/4'}
Find finished jobs: {'opt_tmp/gid_+000_+180/3'}
Find finished jobs: {'opt_tmp/gid_-030_-120/3'}
Find finished jobs: {'opt_tmp/gid_-015_-150/4'}
Find finished jobs: {'opt_tmp/gid_-060_-060/3', 'opt_tmp/gid_-045_-090/3'}
Find finished jobs: {'opt_tmp/gid_-045_-150/2'}
Find finished jobs: {'opt_tmp/gid_-045_-090/4'}
Find finished jobs: {'opt_tmp/gid_-060_-120/2'}
First energy for grid_id (15, 150) = -194.2869904598
First energy for grid_id (30, 180) = -194.2904249552
First energy for grid_id (45, -150) = -194.2922845015
First energy for grid_id (60, -120) = -194.2932394572
First energy for grid_id (-15, 150) = -194.2867205102
First energy for grid_id (-30, 180) = -194.2904249468
First energy for grid_id (-45, -150) = -194.2924593459
First energy for grid_id (-60, -120) = -194.2928007701
Task with target grid_id (15, 120) skipped because 120 doesn't fit in range limit
Task with target grid_id (75, -120) skipped because 75 doesn't fit in range limit
Task with target grid_id (-15, 120) skipped because 120 doesn't fit in range limit
Task with target grid_id (-75, -120) skipped because -75 doesn't fit in range limit
Scan Status at 1537 s
--== Ramachandran Plot of Optimization Status ==--
--== Blue: Optimized, Green: Found Lower, Red: Next ==--
    -165  -120   -75   -30    15    60   105   150
 180                 [41m＼[0m[44m--[0m[41m＼[0m[44m--[0m[41m／[0m[44m--[0m[41m／[0m                  
 150                   [41m＼[0m[44m--[0m[1;41m><[0m[44m--[0m[41m／[0m                    
 120                                                 
  90                                                 
  60                                                 
  30                                                 
   0                                                 
 -30               [44m--[0m[44m--[0m[44m--[0m[44m--[0m[44m--[0m[44m--[0m[44m--[0m[44m--[0m[44m--[0m                
 -60               [44m--[0m[44m--[0m[44m--[0m[44m--[0m[44m--[0m[44m--[0m[44m--[0m[44m--[0m[44m--[0m                
 -90               [1;41m/\[0m[44m--[0m[44m--[0m[44m--[0m[44m--[0m[44m--[0m[44m--[0m[44m--[0m[1;41m/\[0m                
-120               [44m--[0m[41m＼[0m[44m--[0m[44m--[0m[44m--[0m[44m--[0m[44m--[0m[41m／[0m[44m--[0m                
-150               [41m＼[0m[44m--[0m[41m＼[0m[44m--[0m[44m--[0m[44m--[0m[41m／[0m[44m--[0m[41m／[0m                

Launching new job at opt_tmp/gid_+000_+150/2
Launching new job at opt_tmp/gid_+030_+150/1
Launching new job at opt_tmp/gid_+015_+180/3
Launching new job at opt_tmp/gid_+015_+180/4
Launching new job at opt_tmp/gid_+045_+180/1
Launching new job at opt_tmp/gid_+030_+150/2
Launching new job at opt_tmp/gid_+030_-150/3
Launching new job at opt_tmp/gid_+030_-150/4
Launching new job at opt_tmp/gid_+060_-150/1
Launching new job at opt_tmp/gid_+045_+180/2
Launching new job at opt_tmp/gid_+045_-120/3
Launching new job at opt_tmp/gid_+045_-120/4
Launching new job at opt_tmp/gid_+060_-150/2
Launching new job at opt_tmp/gid_+060_-090/3
Launching new job at opt_tmp/gid_-030_+150/1
Launching new job at opt_tmp/gid_+000_+150/3
Launching new job at opt_tmp/gid_-015_+180/3
Launching new job at opt_tmp/gid_-045_+180/1
Launching new job at opt_tmp/gid_-015_+180/4
Launching new job at opt_tmp/gid_-030_+150/2
Launching new job at opt_tmp/gid_-030_-150/3
Launching new job at opt_tmp/gid_-060_-150/1
Launching new job at opt_tmp/gid_-030_-150/4
Launching new job at opt_tmp/gid_-045_+180/2
Launching new job at opt_tmp/gid_-045_-120/3
Launching new job at opt_tmp/gid_-045_-120/4
Launching new job at opt_tmp/gid_-060_-150/2
Launching new job at opt_tmp/gid_-060_-090/3
Find finished jobs: {'opt_tmp/gid_+030_-150/3', 'opt_tmp/gid_+030_+150/2'}
Find finished jobs: {'opt_tmp/gid_+045_+180/2'}
Find finished jobs: {'opt_tmp/gid_-030_-150/3'}
Find finished jobs: {'opt_tmp/gid_+030_+150/1'}
Find finished jobs: {'opt_tmp/gid_+015_+180/3', 'opt_tmp/gid_-030_+150/2'}
Find finished jobs: {'opt_tmp/gid_-015_+180/4'}
Find finished jobs: {'opt_tmp/gid_-015_+180/3'}
Find finished jobs: {'opt_tmp/gid_-045_+180/2'}
Find finished jobs: {'opt_tmp/gid_+030_-150/4'}
Find finished jobs: {'opt_tmp/gid_+060_-150/2', 'opt_tmp/gid_+045_+180/1', 'opt_tmp/gid_-045_+180/1'}
Find finished jobs: {'opt_tmp/gid_+045_-120/4', 'opt_tmp/gid_+045_-120/3'}
Find finished jobs: {'opt_tmp/gid_-060_-150/1', 'opt_tmp/gid_+060_-150/1'}
Find finished jobs: {'opt_tmp/gid_-030_-150/4'}
Find finished jobs: {'opt_tmp/gid_-030_+150/1', 'opt_tmp/gid_+060_-090/3'}
Find finished jobs: {'opt_tmp/gid_-045_-120/4'}
Find finished jobs: {'opt_tmp/gid_-045_-120/3'}
Find finished jobs: {'opt_tmp/gid_+015_+180/4'}
Find finished jobs: {'opt_tmp/gid_+000_+150/3', 'opt_tmp/gid_+000_+150/2'}
Find finished jobs: {'opt_tmp/gid_-060_-150/2'}
Find finished jobs: {'opt_tmp/gid_-060_-090/3'}
First energy for grid_id (30, 150) = -194.2897736985
First energy for grid_id (45, 180) = -194.2932082077
First energy for grid_id (60, -150) = -194.2939275981
First energy for grid_id (-30, 150) = -194.2893890933
First energy for grid_id (-45, 180) = -194.29320821
First energy for grid_id (-60, -150) = -194.2935535218
Task with target grid_id (30, 120) skipped because 120 doesn't fit in range limit
Task with target grid_id (75, -150) skipped because 75 doesn't fit in range limit
Task with target grid_id (-30, 120) skipped because 120 doesn't fit in range limit
Task with target grid_id (-75, -150) skipped because -75 doesn't fit in range limit
Scan Status at 1727 s
--== Ramachandran Plot of Optimization Status ==--
--== Blue: Optimized, Green: Found Lower, Red: Next ==--
    -165  -120   -75   -30    15    60   105   150
 180               [41m＼[0m[44m--[0m[41m＼[0m[44m--[0m[44m--[0m[44m--[0m[41m／[0m[44m--[0m[41m／[0m                
 150                 [41m＼[0m[44m--[0m[1;41m＞[0m[44m--[0m[1;41m＜[0m[44m--[0m[41m／[0m                  
 120                                                 
  90                                                 
  60                                                 
  30                                                 
   0                                                 
 -30               [44m--[0m[44m--[0m[44m--[0m[44m--[0m[44m--[0m[44m--[0m[44m--[0m[44m--[0m[44m--[0m                
 -60               [44m--[0m[44m--[0m[44m--[0m[44m--[0m[44m--[0m[44m--[0m[44m--[0m[44m--[0m[44m--[0m                
 -90               [44m--[0m[44m--[0m[44m--[0m[44m--[0m[44m--[0m[44m--[0m[44m--[0m[44m--[0m[44m--[0m                
-120               [1;41m/\[0m[44m--[0m[44m--[0m[44m--[0m[44m--[0m[44m--[0m[44m--[0m[44m--[0m[1;41m/\[0m                
-150               [44m--[0m[41m＼[0m[44m--[0m[44m--[0m[44m--[0m[44m--[0m[44m--[0m[41m／[0m[44m--[0m                

Launching new job at opt_tmp/gid_+015_+150/3
Launching new job at opt_tmp/gid_+045_+150/1
Launching new job at opt_tmp/gid_+030_+180/3
Launching new job at opt_tmp/gid_+030_+180/4
Launching new job at opt_tmp/gid_+060_+180/1
Launching new job at opt_tmp/gid_+045_+150/2
Launching new job at opt_tmp/gid_+045_-150/3
Launching new job at opt_tmp/gid_+045_-150/4
Launching new job at opt_tmp/gid_+060_+180/2
Launching new job at opt_tmp/gid_+060_-120/3
Launching new job at opt_tmp/gid_-045_+150/1
Launching new job at opt_tmp/gid_-015_+150/3
Launching new job at opt_tmp/gid_-030_+180/3
Launching new job at opt_tmp/gid_-060_+180/1
Launching new job at opt_tmp/gid_-030_+180/4
Launching new job at opt_tmp/gid_-045_+150/2
Launching new job at opt_tmp/gid_-045_-150/3
Launching new job at opt_tmp/gid_-045_-150/4
Launching new job at opt_tmp/gid_-060_+180/2
Launching new job at opt_tmp/gid_-060_-120/3
Find finished jobs: {'opt_tmp/gid_-060_+180/2'}
Find finished jobs: {'opt_tmp/gid_+045_+150/1', 'opt_tmp/gid_-030_+180/3'}
Find finished jobs: {'opt_tmp/gid_-045_-150/3'}
Find finished jobs: {'opt_tmp/gid_-060_+180/1'}
Find finished jobs: {'opt_tmp/gid_+015_+150/3'}
Find finished jobs: {'opt_tmp/gid_+030_+180/3'}
Find finished jobs: {'opt_tmp/gid_+045_+150/2', 'opt_tmp/gid_+060_+180/2'}
Find finished jobs: {'opt_tmp/gid_-045_+150/2'}
Find finished jobs: {'opt_tmp/gid_+045_-150/3', 'opt_tmp/gid_-030_+180/4'}
Find finished jobs: {'opt_tmp/gid_+030_+180/4', 'opt_tmp/gid_+060_+180/1', 'opt_tmp/gid_-045_-150/4'}
Find finished jobs: {'opt_tmp/gid_+045_-150/4', 'opt_tmp/gid_+060_-120/3'}
Find finished jobs: {'opt_tmp/gid_-060_-120/3', 'opt_tmp/gid_-045_+150/1'}
Find finished jobs: {'opt_tmp/gid_-015_+150/3'}
First energy for grid_id (45, 150) = -194.2924593444
First energy for grid_id (60, 180) = -194.2945909516
First energy for grid_id (-45, 150) = -194.2922845016
First energy for grid_id (-60, 180) = -194.2945910487
Task with target grid_id (45, 120) skipped because 120 doesn't fit in range limit
Task with target grid_id (75, 180) skipped because 75 doesn't fit in range limit
Task with target grid_id (-45, 120) skipped because 120 doesn't fit in range limit
Task with target grid_id (-75, 180) skipped because -75 doesn't fit in range limit
Scan Status at 1858 s
--== Ramachandran Plot of Optimization Status ==--
--== Blue: Optimized, Green: Found Lower, Red: Next ==--
    -165  -120   -75   -30    15    60   105   150
 180               [44m--[0m[41m＼[0m[44m--[0m[44m--[0m[44m--[0m[44m--[0m[44m--[0m[41m／[0m[44m--[0m                
 150               [41m＼[0m[44m--[0m[1;41m＞[0m[44m--[0m[44m--[0m[44m--[0m[1;41m＜[0m[44m--[0m[41m／[0m                
 120                                                 
  90                                                 
  60                                                 
  30                                                 
   0                                                 
 -30               [44m--[0m[44m--[0m[44m--[0m[44m--[0m[44m--[0m[44m--[0m[44m--[0m[44m--[0m[44m--[0m                
 -60               [44m--[0m[44m--[0m[44m--[0m[44m--[0m[44m--[0m[44m--[0m[44m--[0m[44m--[0m[44m--[0m                
 -90               [44m--[0m[44m--[0m[44m--[0m[44m--[0m[44m--[0m[44m--[0m[44m--[0m[44m--[0m[44m--[0m                
-120               [44m--[0m[44m--[0m[44m--[0m[44m--[0m[44m--[0m[44m--[0m[44m--[0m[44m--[0m[44m--[0m                
-150               [1;41m/\[0m[44m--[0m[44m--[0m[44m--[0m[44m--[0m[44m--[0m[44m--[0m[44m--[0m[1;41m/\[0m                

Launching new job at opt_tmp/gid_+030_+150/3
Launching new job at opt_tmp/gid_+060_+150/1
Launching new job at opt_tmp/gid_+045_+180/3
Launching new job at opt_tmp/gid_+045_+180/4
Launching new job at opt_tmp/gid_+060_+150/2
Launching new job at opt_tmp/gid_+060_-150/3
Launching new job at opt_tmp/gid_-060_+150/1
Launching new job at opt_tmp/gid_-030_+150/3
Launching new job at opt_tmp/gid_-045_+180/3
Launching new job at opt_tmp/gid_-045_+180/4
Launching new job at opt_tmp/gid_-060_+150/2
Launching new job at opt_tmp/gid_-060_-150/3
Find finished jobs: {'opt_tmp/gid_-030_+150/3'}
Find finished jobs: {'opt_tmp/gid_-060_-150/3', 'opt_tmp/gid_+060_+150/2'}
Find finished jobs: {'opt_tmp/gid_+045_+180/4'}
Find finished jobs: {'opt_tmp/gid_-060_+150/2'}
Find finished jobs: {'opt_tmp/gid_+060_-150/3', 'opt_tmp/gid_-045_+180/3'}
Find finished jobs: {'opt_tmp/gid_+045_+180/3'}
Find finished jobs: {'opt_tmp/gid_-045_+180/4', 'opt_tmp/gid_+060_+150/1', 'opt_tmp/gid_+030_+150/3'}
Find finished jobs: {'opt_tmp/gid_-060_+150/1'}
First energy for grid_id (60, 150) = -194.2935535215
First energy for grid_id (-60, 150) = -194.2939274366
Task with target grid_id (75, 150) skipped because 75 doesn't fit in range limit
Task with target grid_id (60, 120) skipped because 120 doesn't fit in range limit
Task with target grid_id (-75, 150) skipped because -75 doesn't fit in range limit
Task with target grid_id (-60, 120) skipped because 120 doesn't fit in range limit
Scan Status at 1959 s
--== Ramachandran Plot of Optimization Status ==--
--== Blue: Optimized, Green: Found Lower, Red: Next ==--
    -165  -120   -75   -30    15    60   105   150
 180               [1;41m/\[0m[44m--[0m[44m--[0m[44m--[0m[44m--[0m[44m--[0m[44m--[0m[44m--[0m[1;41m/\[0m                
 150               [44m--[0m[1;41m＞[0m[44m--[0m[44m--[0m[44m--[0m[44m--[0m[44m--[0m[1;41m＜[0m[44m--[0m                
 120                                                 
  90                                                 
  60                                                 
  30                                                 
   0                                                 
 -30               [44m--[0m[44m--[0m[44m--[0m[44m--[0m[44m--[0m[44m--[0m[44m--[0m[44m--[0m[44m--[0m                
 -60               [44m--[0m[44m--[0m[44m--[0m[44m--[0m[44m--[0m[44m--[0m[44m--[0m[44m--[0m[44m--[0m                
 -90               [44m--[0m[44m--[0m[44m--[0m[44m--[0m[44m--[0m[44m--[0m[44m--[0m[44m--[0m[44m--[0m                
-120               [44m--[0m[44m--[0m[44m--[0m[44m--[0m[44m--[0m[44m--[0m[44m--[0m[44m--[0m[44m--[0m                
-150               [44m--[0m[44m--[0m[44m--[0m[44m--[0m[44m--[0m[44m--[0m[44m--[0m[44m--[0m[44m--[0m                

Launching new job at opt_tmp/gid_+045_+150/3
Launching new job at opt_tmp/gid_+060_+180/3
Launching new job at opt_tmp/gid_-045_+150/3
Launching new job at opt_tmp/gid_-060_+180/3
Find finished jobs: {'opt_tmp/gid_-060_+180/3', 'opt_tmp/gid_+060_+180/3'}
Find finished jobs: {'opt_tmp/gid_+045_+150/3'}
Find finished jobs: {'opt_tmp/gid_-045_+150/3'}
All optimizations converged at lowest energy. Job Finished!
Final scan energies and gradients are written to qdata.txt
Final scan energies are written to scan.xyz
Dihedral scan is finished!
 Grid ID                Energy
  (-60, -150)          -194.2935535218
  (-60, -120)          -194.2928007701
  (-60, -90)           -194.2941557685
  (-60, -60)           -194.2950944233
  (-60, -30)           -194.2935612864
  (-60, 150)           -194.2939274366
  (-60, 180)           -194.2945910487
  (-45, -150)          -194.2924593459
  (-45, -120)          -194.2919111140
  (-45, -90)           -194.2933575538
  (-45, -60)           -194.2941528877
  (-45, -30)           -194.2922528179
  (-45, 150)           -194.2922845016
  (-45, 180)           -194.2932082100
  (-30, -150)          -194.2897737855
  (-30, -120)          -194.2893906719
  (-30, -90)           -194.2909613180
  (-30, -60)           -194.2916064914
  (-30, -30)           -194.2894445382
  (-30, 150)           -194.2893890933
  (-30, 180)           -194.2904249468
  (-15, -150)          -194.2869903667
  (-15, -120)          -194.2866901494
  (-15, -90)           -194.2883317333
  (-15, -60)           -194.2889052292
  (-15, -30)           -194.2868011192
  (-15, 150)           -194.2867205102
  (-15, 180)           -194.2876841819
  (0, -150)            -194.2857235049
  (0, -120)            -194.2853430493
  (0, -90)             -194.2869509874
  (0, -60)             -194.2876298847
  (0, -30)             -194.2856947260
  (0, 150)             -194.2857232128
  (0, 180)             -194.2865320219
  (15, -150)           -194.2867204916
  (15, -120)           -194.2861597563
  (15, -90)            -194.2876829054
  (15, -60)            -194.2884713177
  (15, -30)            -194.2865570603
  (15, 150)            -194.2869904598
  (15, 180)            -194.2876843150
  (30, -150)           -194.2893890767
  (30, -120)           -194.2887144706
  (30, -90)            -194.2901008672
  (30, -60)            -194.2907773411
  (30, -30)            -194.2888266699
  (30, 150)            -194.2897736985
  (30, 180)            -194.2904249552
  (45, -150)           -194.2922845015
  (45, -120)           -194.2915960980
  (45, -90)            -194.2927485979
  (45, -60)            -194.2932139449
  (45, -30)            -194.2913493988
  (45, 150)            -194.2924593444
  (45, 180)            -194.2932082077
  (60, -150)           -194.2939275981
  (60, -120)           -194.2932394572
  (60, -90)            -194.2941794635
  (60, -60)            -194.2945726596
  (60, -30)            -194.2928876932
  (60, 150)            -194.2935535215
  (60, 180)            -194.2945909516
