/home/qyd/codes/anaconda3/envs/geometric/bin/torsiondrive-launch input.dat dihedrals.txt -g 15 -e psi4 --native_opt -v
Master process started!
1 initial tasks pushed to opt_queue
Scan Status at 0 s
 - - - [0;33m+[0m - - - - - - - - - - - - - - - - - - - -

Launching new job at opt_tmp/gid_-120/1
Optimizer: Optimization complete!
Find finished jobs: {'opt_tmp/gid_-120/1'}
First energy for grid_id (-120,) = -151.174773
Scan Status at 1 s
 - - [0;33m+[0m [0;36mo[0m [0;33m+[0m - - - - - - - - - - - - - - - - - - -

Launching new job at opt_tmp/gid_-135/1
Optimizer: Optimization complete!
Launching new job at opt_tmp/gid_-105/1
Optimizer: Optimization complete!
Find finished jobs: {'opt_tmp/gid_-105/1', 'opt_tmp/gid_-135/1'}
First energy for grid_id (-105,) = -151.174559
First energy for grid_id (-135,) = -151.174553
Scan Status at 8 s
 - [0;33m+[0m [0;36mo[0m [0;33m+[0m [0;36mo[0m [0;33m+[0m - - - - - - - - - - - - - - - - - -

Launching new job at opt_tmp/gid_-120/2
Optimizer: Optimization complete!
Launching new job at opt_tmp/gid_-090/1
Optimizer: Optimization complete!
Launching new job at opt_tmp/gid_-150/1
Optimizer: Optimization complete!
Launching new job at opt_tmp/gid_-120/3
Optimizer: Optimization complete!
Find finished jobs: {'opt_tmp/gid_-120/2', 'opt_tmp/gid_-150/1', 'opt_tmp/gid_-090/1', 'opt_tmp/gid_-120/3'}
First energy for grid_id (-90,) = -151.173674
First energy for grid_id (-150,) = -151.174164
Scan Status at 19 s
 [0;33m+[0m [0;36mo[0m [0;33m+[0m [0;36mo[0m [0;33m+[0m [0;36mo[0m [0;33m+[0m - - - - - - - - - - - - - - - - -

Launching new job at opt_tmp/gid_-105/2
Optimizer: Optimization complete!
Launching new job at opt_tmp/gid_-075/1
Optimizer: Optimization complete!
Launching new job at opt_tmp/gid_-165/1
Optimizer: Optimization complete!
Launching new job at opt_tmp/gid_-135/2
Optimizer: Optimization complete!
Find finished jobs: {'opt_tmp/gid_-135/2', 'opt_tmp/gid_-105/2', 'opt_tmp/gid_-165/1', 'opt_tmp/gid_-075/1'}
First energy for grid_id (-75,) = -151.171999
First energy for grid_id (-165,) = -151.173833
Scan Status at 30 s
 [0;36mo[0m [0;33m+[0m [0;36mo[0m [0;36mo[0m [0;36mo[0m [0;33m+[0m [0;36mo[0m [0;33m+[0m - - - - - - - - - - - - - - - [0;33m+[0m

Launching new job at opt_tmp/gid_-090/2
Optimizer: Optimization complete!
Launching new job at opt_tmp/gid_-060/1
Optimizer: Optimization complete!
Launching new job at opt_tmp/gid_+180/1
Optimizer: Optimization complete!
Launching new job at opt_tmp/gid_-150/2
Optimizer: Optimization complete!
Find finished jobs: {'opt_tmp/gid_-150/2', 'opt_tmp/gid_-060/1', 'opt_tmp/gid_-090/2', 'opt_tmp/gid_+180/1'}
First energy for grid_id (180,) = -151.173706
First energy for grid_id (-60,) = -151.169620
Scan Status at 66 s
 [0;33m+[0m [0;36mo[0m [0;36mo[0m [0;36mo[0m [0;36mo[0m [0;36mo[0m [0;33m+[0m [0;36mo[0m [0;33m+[0m - - - - - - - - - - - - - [0;33m+[0m [0;36mo[0m

Launching new job at opt_tmp/gid_+165/1
Optimizer: Optimization complete!
Launching new job at opt_tmp/gid_-165/2
Optimizer: Optimization complete!
Launching new job at opt_tmp/gid_-075/2
Optimizer: Optimization complete!
Launching new job at opt_tmp/gid_-045/1
Optimizer: Optimization complete!
Find finished jobs: {'opt_tmp/gid_-045/1', 'opt_tmp/gid_-075/2', 'opt_tmp/gid_-165/2', 'opt_tmp/gid_+165/1'}
First energy for grid_id (165,) = -151.173833
First energy for grid_id (-45,) = -151.166861
Scan Status at 102 s
 [0;36mo[0m [0;36mo[0m [0;36mo[0m [0;36mo[0m [0;36mo[0m [0;36mo[0m [0;36mo[0m [0;33m+[0m [0;36mo[0m [0;33m+[0m - - - - - - - - - - - [0;33m+[0m [0;36mo[0m [0;33m+[0m

Launching new job at opt_tmp/gid_+150/1
Optimizer: Optimization complete!
Launching new job at opt_tmp/gid_+180/2
Optimizer: Optimization complete!
Launching new job at opt_tmp/gid_-060/2
Optimizer: Optimization complete!
Launching new job at opt_tmp/gid_-030/1
Optimizer: Optimization complete!
Find finished jobs: {'opt_tmp/gid_-060/2', 'opt_tmp/gid_+150/1', 'opt_tmp/gid_-030/1', 'opt_tmp/gid_+180/2'}
First energy for grid_id (150,) = -151.174164
First energy for grid_id (-30,) = -151.164244
Scan Status at 112 s
 [0;36mo[0m [0;36mo[0m [0;36mo[0m [0;36mo[0m [0;36mo[0m [0;36mo[0m [0;36mo[0m [0;36mo[0m [0;33m+[0m [0;36mo[0m [0;33m+[0m - - - - - - - - - [0;33m+[0m [0;36mo[0m [0;33m+[0m [0;36mo[0m

Launching new job at opt_tmp/gid_+135/1
Optimizer: Optimization complete!
Launching new job at opt_tmp/gid_+165/2
Optimizer: Optimization complete!
Launching new job at opt_tmp/gid_-045/2
Optimizer: Optimization complete!
Launching new job at opt_tmp/gid_-015/1
Optimizer: Optimization complete!
Find finished jobs: {'opt_tmp/gid_-015/1', 'opt_tmp/gid_+165/2', 'opt_tmp/gid_+135/1', 'opt_tmp/gid_-045/2'}
First energy for grid_id (135,) = -151.174553
First energy for grid_id (-15,) = -151.162362
Scan Status at 125 s
 [0;36mo[0m [0;36mo[0m [0;36mo[0m [0;36mo[0m [0;36mo[0m [0;36mo[0m [0;36mo[0m [0;36mo[0m [0;36mo[0m [0;33m+[0m [0;36mo[0m [0;33m+[0m - - - - - - - [0;33m+[0m [0;36mo[0m [0;33m+[0m [0;36mo[0m [0;36mo[0m

Launching new job at opt_tmp/gid_+120/1
Optimizer: Optimization complete!
Launching new job at opt_tmp/gid_+150/2
Optimizer: Optimization complete!
Launching new job at opt_tmp/gid_-030/2
Optimizer: Optimization complete!
Launching new job at opt_tmp/gid_+000/1
Optimizer: Optimization complete!
Find finished jobs: {'opt_tmp/gid_+000/1', 'opt_tmp/gid_-030/2', 'opt_tmp/gid_+120/1', 'opt_tmp/gid_+150/2'}
First energy for grid_id (0,) = -151.161676
First energy for grid_id (120,) = -151.174773
Scan Status at 136 s
 [0;36mo[0m [0;36mo[0m [0;36mo[0m [0;36mo[0m [0;36mo[0m [0;36mo[0m [0;36mo[0m [0;36mo[0m [0;36mo[0m [0;36mo[0m [0;33m+[0m [0;36mo[0m [0;33m+[0m - - - - - [0;33m+[0m [0;36mo[0m [0;33m+[0m [0;36mo[0m [0;36mo[0m [0;36mo[0m

Launching new job at opt_tmp/gid_-015/2
Optimizer: Optimization complete!
Launching new job at opt_tmp/gid_+015/1
Optimizer: Optimization complete!
Launching new job at opt_tmp/gid_+105/1
Optimizer: Optimization complete!
Launching new job at opt_tmp/gid_+135/2
Optimizer: Optimization complete!
Find finished jobs: {'opt_tmp/gid_+135/2', 'opt_tmp/gid_+105/1', 'opt_tmp/gid_+015/1', 'opt_tmp/gid_-015/2'}
First energy for grid_id (15,) = -151.162362
First energy for grid_id (105,) = -151.174559
Scan Status at 148 s
 [0;36mo[0m [0;36mo[0m [0;36mo[0m [0;36mo[0m [0;36mo[0m [0;36mo[0m [0;36mo[0m [0;36mo[0m [0;36mo[0m [0;36mo[0m [0;36mo[0m [0;33m+[0m [0;36mo[0m [0;33m+[0m - - - [0;33m+[0m [0;36mo[0m [0;33m+[0m [0;36mo[0m [0;36mo[0m [0;36mo[0m [0;36mo[0m

Launching new job at opt_tmp/gid_+000/2
Optimizer: Optimization complete!
Launching new job at opt_tmp/gid_+030/1
Optimizer: Optimization complete!
Launching new job at opt_tmp/gid_+090/1
Optimizer: Optimization complete!
Launching new job at opt_tmp/gid_+120/2
Optimizer: Optimization complete!
Find finished jobs: {'opt_tmp/gid_+030/1', 'opt_tmp/gid_+090/1', 'opt_tmp/gid_+120/2', 'opt_tmp/gid_+000/2'}
First energy for grid_id (30,) = -151.164244
First energy for grid_id (90,) = -151.173674
Scan Status at 160 s
 [0;36mo[0m [0;36mo[0m [0;36mo[0m [0;36mo[0m [0;36mo[0m [0;36mo[0m [0;36mo[0m [0;36mo[0m [0;36mo[0m [0;36mo[0m [0;36mo[0m [0;36mo[0m [0;33m+[0m [0;36mo[0m [0;33m+[0m - [0;33m+[0m [0;36mo[0m [0;33m+[0m [0;36mo[0m [0;36mo[0m [0;36mo[0m [0;36mo[0m [0;36mo[0m

Launching new job at opt_tmp/gid_+015/2
Optimizer: Optimization complete!
Launching new job at opt_tmp/gid_+045/1
Optimizer: Optimization complete!
Launching new job at opt_tmp/gid_+075/1
Optimizer: Optimization complete!
Launching new job at opt_tmp/gid_+105/2
Optimizer: Optimization complete!
Find finished jobs: {'opt_tmp/gid_+075/1', 'opt_tmp/gid_+105/2', 'opt_tmp/gid_+015/2', 'opt_tmp/gid_+045/1'}
First energy for grid_id (45,) = -151.166861
First energy for grid_id (75,) = -151.171999
Scan Status at 172 s
 [0;36mo[0m [0;36mo[0m [0;36mo[0m [0;36mo[0m [0;36mo[0m [0;36mo[0m [0;36mo[0m [0;36mo[0m [0;36mo[0m [0;36mo[0m [0;36mo[0m [0;36mo[0m [0;36mo[0m [0;33m+[0m [0;36mo[0m [0;33m+[0m [0;36mo[0m [0;33m+[0m [0;36mo[0m [0;36mo[0m [0;36mo[0m [0;36mo[0m [0;36mo[0m [0;36mo[0m

Launching new job at opt_tmp/gid_+030/2
Optimizer: Optimization complete!
Launching new job at opt_tmp/gid_+060/1
Optimizer: Optimization complete!
Launching new job at opt_tmp/gid_+060/2
Optimizer: Optimization complete!
Launching new job at opt_tmp/gid_+090/2
Optimizer: Optimization complete!
Find finished jobs: {'opt_tmp/gid_+060/2', 'opt_tmp/gid_+030/2', 'opt_tmp/gid_+090/2', 'opt_tmp/gid_+060/1'}
First energy for grid_id (60,) = -151.169620
Scan Status at 182 s
 [0;36mo[0m [0;36mo[0m [0;36mo[0m [0;36mo[0m [0;36mo[0m [0;36mo[0m [0;36mo[0m [0;36mo[0m [0;36mo[0m [0;36mo[0m [0;36mo[0m [0;36mo[0m [0;36mo[0m [0;36mo[0m [0;33m+[0m [0;36mo[0m [0;33m+[0m [0;36mo[0m [0;36mo[0m [0;36mo[0m [0;36mo[0m [0;36mo[0m [0;36mo[0m [0;36mo[0m

Launching new job at opt_tmp/gid_+045/2
Optimizer: Optimization complete!
Launching new job at opt_tmp/gid_+075/2
Optimizer: Optimization complete!
Find finished jobs: {'opt_tmp/gid_+045/2', 'opt_tmp/gid_+075/2'}
All optimizations converged at lowest energy. Job Finished!
Final scan energies are written to qdata.txt
Final scan energies are written to scan.xyz
Dihedral scan is finished!
 Grid ID                Energy
  (-165,)              -151.1738333946
  (-150,)              -151.1741642354
  (-135,)              -151.1745526828
  (-120,)              -151.1747726229
  (-105,)              -151.1745587609
  (-90,)               -151.1736735118
  (-75,)               -151.1719988526
  (-60,)               -151.1696202936
  (-45,)               -151.1668606841
  (-30,)               -151.1642440948
  (-15,)               -151.1623618164
  (0,)                 -151.1616757707
  (15,)                -151.1623615291
  (30,)                -151.1642442939
  (45,)                -151.1668608242
  (60,)                -151.1696202936
  (75,)                -151.1719988526
  (90,)                -151.1736735209
  (105,)               -151.1745587232
  (120,)               -151.1747726925
  (135,)               -151.1745526741
  (150,)               -151.1741643946
  (165,)               -151.1738332832
  (180,)               -151.1737061262
