/home/qyd/codes/anaconda3/envs/tdtest/bin/torsiondrive-launch hooh.pdb dihedrals.txt -g 15 -e openmm --wq_port 50125 -v
Master process started!
1 initial tasks pushed to opt_queue
Restoring from opt_tmp
Successfully loaded 49 cached results
Scan Status at 0 s
 - - - [0;33m+[0m - - - - - - - - - - - - - - - - - - - -

First energy for grid_id (-120,) = 0.01995138499471
Scan Status at 0 s
 - - [0;33m+[0m [0;36mo[0m [0;33m+[0m - - - - - - - - - - - - - - - - - - -

First energy for grid_id (-105,) = 0.02045601611213
First energy for grid_id (-135,) = 0.01940148890131
Scan Status at 0 s
 - [0;33m+[0m [0;36mo[0m [0;33m+[0m [0;36mo[0m [0;33m+[0m - - - - - - - - - - - - - - - - - -

First energy for grid_id (-90,) = 0.02094378738896
First energy for grid_id (-150,) = 0.01886480300594
Scan Status at 0 s
 [0;33m+[0m [0;36mo[0m [0;33m+[0m [0;36mo[0m [0;33m+[0m [0;36mo[0m [0;33m+[0m - - - - - - - - - - - - - - - - -

First energy for grid_id (-75,) = 0.02149746011494
First energy for grid_id (-165,) = 0.01846225349092
Scan Status at 0 s
 [0;36mo[0m [0;33m+[0m [0;36mo[0m [0;36mo[0m [0;36mo[0m [0;33m+[0m [0;36mo[0m [0;33m+[0m - - - - - - - - - - - - - - - [0;33m+[0m

First energy for grid_id (180,) = 0.01831187912671
First energy for grid_id (-60,) = 0.02218282493222
Scan Status at 0 s
 [0;33m+[0m [0;36mo[0m [0;36mo[0m [0;36mo[0m [0;36mo[0m [0;36mo[0m [0;33m+[0m [0;36mo[0m [0;33m+[0m - - - - - - - - - - - - - [0;33m+[0m [0;36mo[0m

First energy for grid_id (165,) = 0.01846226124406
First energy for grid_id (-45,) = 0.02298116993521
Scan Status at 0 s
 [0;36mo[0m [0;36mo[0m [0;36mo[0m [0;36mo[0m [0;36mo[0m [0;36mo[0m [0;36mo[0m [0;33m+[0m [0;36mo[0m [0;33m+[0m - - - - - - - - - - - [0;33m+[0m [0;36mo[0m [0;33m+[0m

First energy for grid_id (150,) = 0.01886479837747
First energy for grid_id (-30,) = 0.0237679943976
Scan Status at 0 s
 [0;36mo[0m [0;36mo[0m [0;36mo[0m [0;36mo[0m [0;36mo[0m [0;36mo[0m [0;36mo[0m [0;36mo[0m [0;33m+[0m [0;36mo[0m [0;33m+[0m - - - - - - - - - [0;33m+[0m [0;36mo[0m [0;33m+[0m [0;36mo[0m

First energy for grid_id (135,) = 0.0194014946682
First energy for grid_id (-15,) = 0.02435463926053
Scan Status at 0 s
 [0;36mo[0m [0;36mo[0m [0;36mo[0m [0;36mo[0m [0;36mo[0m [0;36mo[0m [0;36mo[0m [0;36mo[0m [0;36mo[0m [0;33m+[0m [0;36mo[0m [0;33m+[0m - - - - - - - [0;33m+[0m [0;36mo[0m [0;33m+[0m [0;36mo[0m [0;36mo[0m

First energy for grid_id (0,) = 0.02457260095215
First energy for grid_id (120,) = 0.0199513847976
Scan Status at 0 s
 [0;36mo[0m [0;36mo[0m [0;36mo[0m [0;36mo[0m [0;36mo[0m [0;36mo[0m [0;36mo[0m [0;36mo[0m [0;36mo[0m [0;36mo[0m [0;33m+[0m [0;36mo[0m [0;33m+[0m - - - - - [0;33m+[0m [0;36mo[0m [0;33m+[0m [0;36mo[0m [0;36mo[0m [0;36mo[0m

First energy for grid_id (15,) = 0.0243546403213
First energy for grid_id (105,) = 0.02045601610795
Scan Status at 0 s
 [0;36mo[0m [0;36mo[0m [0;36mo[0m [0;36mo[0m [0;36mo[0m [0;36mo[0m [0;36mo[0m [0;36mo[0m [0;36mo[0m [0;36mo[0m [0;36mo[0m [0;33m+[0m [0;36mo[0m [0;33m+[0m - - - [0;33m+[0m [0;36mo[0m [0;33m+[0m [0;36mo[0m [0;36mo[0m [0;36mo[0m [0;36mo[0m

First energy for grid_id (30,) = 0.02376799348348
First energy for grid_id (90,) = 0.02094378770245
Scan Status at 0 s
 [0;36mo[0m [0;36mo[0m [0;36mo[0m [0;36mo[0m [0;36mo[0m [0;36mo[0m [0;36mo[0m [0;36mo[0m [0;36mo[0m [0;36mo[0m [0;36mo[0m [0;36mo[0m [0;33m+[0m [0;36mo[0m [0;33m+[0m - [0;33m+[0m [0;36mo[0m [0;33m+[0m [0;36mo[0m [0;36mo[0m [0;36mo[0m [0;36mo[0m [0;36mo[0m

First energy for grid_id (45,) = 0.02298117091474
First energy for grid_id (75,) = 0.02149746011145
Scan Status at 0 s
 [0;36mo[0m [0;36mo[0m [0;36mo[0m [0;36mo[0m [0;36mo[0m [0;36mo[0m [0;36mo[0m [0;36mo[0m [0;36mo[0m [0;36mo[0m [0;36mo[0m [0;36mo[0m [0;36mo[0m [0;33m+[0m [0;36mo[0m [0;33m+[0m [0;36mo[0m [0;33m+[0m [0;36mo[0m [0;36mo[0m [0;36mo[0m [0;36mo[0m [0;36mo[0m [0;36mo[0m

First energy for grid_id (60,) = 0.02218282517333
Scan Status at 0 s
 [0;36mo[0m [0;36mo[0m [0;36mo[0m [0;36mo[0m [0;36mo[0m [0;36mo[0m [0;36mo[0m [0;36mo[0m [0;36mo[0m [0;36mo[0m [0;36mo[0m [0;36mo[0m [0;36mo[0m [0;36mo[0m [0;33m+[0m [0;36mo[0m [0;33m+[0m [0;36mo[0m [0;36mo[0m [0;36mo[0m [0;36mo[0m [0;36mo[0m [0;36mo[0m [0;36mo[0m

All optimizations converged at lowest energy. Job Finished!
Final scan energies and gradients are written to qdata.txt
Final scan energies are written to scan.xyz
Dihedral scan is finished!
 Grid ID                Energy
  (-165,)              0.0184622535
  (-150,)              0.0188648030
  (-135,)              0.0194014889
  (-120,)              0.0199513850
  (-105,)              0.0204560161
  (-90,)               0.0209437874
  (-75,)               0.0214974601
  (-60,)               0.0221828249
  (-45,)               0.0229811699
  (-30,)               0.0237679944
  (-15,)               0.0243546393
  (0,)                 0.0245726010
  (15,)                0.0243546403
  (30,)                0.0237679935
  (45,)                0.0229811709
  (60,)                0.0221828252
  (75,)                0.0214974601
  (90,)                0.0209437877
  (105,)               0.0204560161
  (120,)               0.0199513848
  (135,)               0.0194014947
  (150,)               0.0188647984
  (165,)               0.0184622612
  (180,)               0.0183118791
